Determining if the pthread_create exist failed with the following output:
Change Dir: /home/jetson/Documents/Project/build/CMakeFiles/CMakeTmp

Run Build Command:"/usr/bin/make" "cmTC_c0f05/fast"
/usr/bin/make -f CMakeFiles/cmTC_c0f05.dir/build.make CMakeFiles/cmTC_c0f05.dir/build
make[1]: Entering directory '/home/jetson/Documents/Project/build/CMakeFiles/CMakeTmp'
Building CXX object CMakeFiles/cmTC_c0f05.dir/CheckSymbolExists.cxx.o
/usr/bin/c++     -o CMakeFiles/cmTC_c0f05.dir/CheckSymbolExists.cxx.o -c /home/jetson/Documents/Project/build/CMakeFiles/CMakeTmp/CheckSymbolExists.cxx
Linking CXX executable cmTC_c0f05
/usr/bin/cmake -E cmake_link_script CMakeFiles/cmTC_c0f05.dir/link.txt --verbose=1
/usr/bin/c++       CMakeFiles/cmTC_c0f05.dir/CheckSymbolExists.cxx.o  -o cmTC_c0f05 
CMakeFiles/cmTC_c0f05.dir/CheckSymbolExists.cxx.o: In function `main':
CheckSymbolExists.cxx:(.text+0x14): undefined reference to `pthread_create'
CheckSymbolExists.cxx:(.text+0x18): undefined reference to `pthread_create'
collect2: error: ld returned 1 exit status
CMakeFiles/cmTC_c0f05.dir/build.make:97: recipe for target 'cmTC_c0f05' failed
make[1]: *** [cmTC_c0f05] Error 1
make[1]: Leaving directory '/home/jetson/Documents/Project/build/CMakeFiles/CMakeTmp'
Makefile:126: recipe for target 'cmTC_c0f05/fast' failed
make: *** [cmTC_c0f05/fast] Error 2

File /home/jetson/Documents/Project/build/CMakeFiles/CMakeTmp/CheckSymbolExists.cxx:
/* */
#include <pthread.h>

int main(int argc, char** argv)
{
  (void)argv;
#ifndef pthread_create
  return ((int*)(&pthread_create))[argc];
#else
  (void)argc;
  return 0;
#endif
}

Determining if the function pthread_create exists in the pthreads failed with the following output:
Change Dir: /home/jetson/Documents/Project/build/CMakeFiles/CMakeTmp

Run Build Command:"/usr/bin/make" "cmTC_450ab/fast"
/usr/bin/make -f CMakeFiles/cmTC_450ab.dir/build.make CMakeFiles/cmTC_450ab.dir/build
make[1]: Entering directory '/home/jetson/Documents/Project/build/CMakeFiles/CMakeTmp'
Building CXX object CMakeFiles/cmTC_450ab.dir/CheckFunctionExists.cxx.o
/usr/bin/c++    -DCHECK_FUNCTION_EXISTS=pthread_create   -o CMakeFiles/cmTC_450ab.dir/CheckFunctionExists.cxx.o -c /home/jetson/Documents/Project/build/CMakeFiles/CheckLibraryExists/CheckFunctionExists.cxx
Linking CXX executable cmTC_450ab
/usr/bin/cmake -E cmake_link_script CMakeFiles/cmTC_450ab.dir/link.txt --verbose=1
/usr/bin/c++   -DCHECK_FUNCTION_EXISTS=pthread_create    CMakeFiles/cmTC_450ab.dir/CheckFunctionExists.cxx.o  -o cmTC_450ab -lpthreads 
/usr/bin/ld: cannot find -lpthreads
collect2: error: ld returned 1 exit status
CMakeFiles/cmTC_450ab.dir/build.make:97: recipe for target 'cmTC_450ab' failed
make[1]: *** [cmTC_450ab] Error 1
make[1]: Leaving directory '/home/jetson/Documents/Project/build/CMakeFiles/CMakeTmp'
Makefile:126: recipe for target 'cmTC_450ab/fast' failed
make: *** [cmTC_450ab/fast] Error 2


