#
# There is insufficient memory for the Java Runtime Environment to continue.
# Native memory allocation (mmap) failed to map 28311552 bytes. Error detail: G1 virtual space
# Possible reasons:
#   The system is out of physical RAM or swap space
#   This process is running with CompressedOops enabled, and the Java Heap may be blocking the growth of the native heap
# Possible solutions:
#   Reduce memory load on the system
#   Increase physical memory or swap space
#   Check if swap backing store is full
#   Decrease Java heap size (-Xmx/-Xms)
#   Decrease number of Java threads
#   Decrease Java thread stack sizes (-Xss)
#   Set larger code cache with -XX:ReservedCodeCacheSize=
#   JVM is running with Unscaled Compressed Oops mode in which the Java heap is
#     placed in the first 4GB address space. The Java Heap base address is the
#     maximum limit for the native heap growth. Please use -XX:HeapBaseMinAddress
#     to set the Java Heap base and to place the Java Heap above 4GB virtual address.
# This output file may be truncated or incomplete.
#
#  Out of Memory Error (os_windows.cpp:3898), pid=9168, tid=27224
#
# JRE version: OpenJDK Runtime Environment (21.0.7) (build 21.0.7+-13880790-b1038.58)
# Java VM: OpenJDK 64-Bit Server VM (21.0.7+-13880790-b1038.58, mixed mode, tiered, compressed oops, compressed class ptrs, g1 gc, windows-amd64)
# No core dump will be written. Minidumps are not enabled by default on client versions of Windows
#

---------------  S U M M A R Y ------------

Command Line: --add-opens=java.base/java.lang=ALL-UNNAMED --add-opens=java.base/java.lang.invoke=ALL-UNNAMED --add-opens=java.base/java.util=ALL-UNNAMED --add-opens=java.prefs/java.util.prefs=ALL-UNNAMED --add-exports=jdk.compiler/com.sun.tools.javac.api=ALL-UNNAMED --add-exports=jdk.compiler/com.sun.tools.javac.util=ALL-UNNAMED --add-opens=java.base/java.util=ALL-UNNAMED --add-opens=java.prefs/java.util.prefs=ALL-UNNAMED --add-opens=java.base/java.nio.charset=ALL-UNNAMED --add-opens=java.base/java.net=ALL-UNNAMED --add-opens=java.base/java.util.concurrent.atomic=ALL-UNNAMED --add-opens=java.xml/javax.xml.namespace=ALL-UNNAMED -Xmx2048m -Dfile.encoding=UTF-8 -Duser.country=US -Duser.language=en -Duser.variant -javaagent:C:\Users\HANZALLAH\.gradle\wrapper\dists\gradle-8.13-bin\5xuhj0ry160q40clulazy9h7d\gradle-8.13\lib\agents\gradle-instrumentation-agent-8.13.jar org.gradle.launcher.daemon.bootstrap.GradleDaemon 8.13

Host: Intel(R) Core(TM) i7-8565U CPU @ 1.80GHz, 8 cores, 15G,  Windows 11 , 64 bit Build 26100 (10.0.26100.7309)
Time: Sun Jan 18 10:27:34 2026 Romance Standard Time elapsed time: 16.975294 seconds (0d 0h 0m 16s)

---------------  T H R E A D  ---------------

Current thread (0x000001eefcb34760):  VMThread "VM Thread"          [id=27224, stack(0x000000d5c6000000,0x000000d5c6100000) (1024K)]

Stack: [0x000000d5c6000000,0x000000d5c6100000]
Native frames: (J=compiled Java code, j=interpreted, Vv=VM code, C=native code)
V  [jvm.dll+0x6d25c9]
V  [jvm.dll+0x860923]
V  [jvm.dll+0x862e7e]
V  [jvm.dll+0x863563]
V  [jvm.dll+0x27f156]
V  [jvm.dll+0x6ceee5]
V  [jvm.dll+0x6c29aa]
V  [jvm.dll+0x355ebb]
V  [jvm.dll+0x35db16]
V  [jvm.dll+0x3afb16]
V  [jvm.dll+0x3afde8]
V  [jvm.dll+0x32855c]
V  [jvm.dll+0x32af66]
V  [jvm.dll+0x334ebd]
V  [jvm.dll+0x36c555]
V  [jvm.dll+0x8692e8]
V  [jvm.dll+0x86a664]
V  [jvm.dll+0x86aba0]
V  [jvm.dll+0x86ae33]
V  [jvm.dll+0x808d08]
V  [jvm.dll+0x6d0e1d]
C  [ucrtbase.dll+0x37b0]
C  [KERNEL32.DLL+0x2e8d7]
C  [ntdll.dll+0x8c53c]

VM_Operation (0x000000d5c5bff930): G1PauseRemark, mode: safepoint, requested by thread 0x000001eee54d4150


---------------  P R O C E S S  ---------------

Threads class SMR info:
_java_thread_list=0x000001ee851f8080, length=59, elements={
0x000001eee5469cc0, 0x000001eefcc877f0, 0x000001eefcc88ef0, 0x000001eefcc89560,
0x000001eefcca75d0, 0x000001eefccb2330, 0x000001eefccbd960, 0x000001eefccbf340,
0x000001eefcccf8e0, 0x000001eefccf6140, 0x000001eefd102e20, 0x000001eefe9b4c80,
0x000001eefea72b00, 0x000001eefeb69000, 0x000001eefe9ee3a0, 0x000001eefeb71bf0,
0x000001eefeb94060, 0x000001eefeb47db0, 0x000001eefebbde00, 0x000001eefebbf1b0,
0x000001eefebc0bf0, 0x000001eefebbf840, 0x000001eefebbfed0, 0x000001eefebc0560,
0x000001eefebbd770, 0x000001eefebbeb20, 0x000001ee84af9830, 0x000001ee84afabe0,
0x000001ee84af8480, 0x000001ee84afb270, 0x000001ee84af9ec0, 0x000001ee84afa550,
0x000001ee84afb900, 0x000001ee84afbf90, 0x000001ee84af8b10, 0x000001ee84afc620,
0x000001ee84af91a0, 0x000001ee84aff410, 0x000001ee84afe060, 0x000001ee84afe6f0,
0x000001ee84afd9d0, 0x000001ee84afd340, 0x000001ee84afed80, 0x000001ee860ab020,
0x000001ee860ab6b0, 0x000001ee860aa990, 0x000001ee860a9c70, 0x000001ee860abd40,
0x000001ee860ac3d0, 0x000001ee860ad0f0, 0x000001ee860aa300, 0x000001ee860aca60,
0x000001ee869e20b0, 0x000001ee869e4180, 0x000001ee869e3af0, 0x000001ee869e4810,
0x000001ee869e4ea0, 0x000001ee869e2740, 0x000001ee869e3460
}

Java Threads: ( => current thread )
  0x000001eee5469cc0 JavaThread "main"                              [_thread_blocked, id=8344, stack(0x000000d5c5900000,0x000000d5c5a00000) (1024K)]
  0x000001eefcc877f0 JavaThread "Common-Cleaner"             daemon [_thread_blocked, id=26912, stack(0x000000d5c6100000,0x000000d5c6200000) (1024K)]
  0x000001eefcc88ef0 JavaThread "Reference Handler"          daemon [_thread_blocked, id=18184, stack(0x000000d5c6200000,0x000000d5c6300000) (1024K)]
  0x000001eefcc89560 JavaThread "Finalizer"                  daemon [_thread_blocked, id=7392, stack(0x000000d5c6300000,0x000000d5c6400000) (1024K)]
  0x000001eefcca75d0 JavaThread "Signal Dispatcher"          daemon [_thread_blocked, id=13444, stack(0x000000d5c6400000,0x000000d5c6500000) (1024K)]
  0x000001eefccb2330 JavaThread "Attach Listener"            daemon [_thread_blocked, id=3528, stack(0x000000d5c6500000,0x000000d5c6600000) (1024K)]
  0x000001eefccbd960 JavaThread "Service Thread"             daemon [_thread_blocked, id=7932, stack(0x000000d5c6600000,0x000000d5c6700000) (1024K)]
  0x000001eefccbf340 JavaThread "Monitor Deflation Thread"   daemon [_thread_blocked, id=21980, stack(0x000000d5c6700000,0x000000d5c6800000) (1024K)]
  0x000001eefcccf8e0 JavaThread "C2 CompilerThread0"         daemon [_thread_blocked, id=28944, stack(0x000000d5c6800000,0x000000d5c6900000) (1024K)]
  0x000001eefccf6140 JavaThread "C1 CompilerThread0"         daemon [_thread_blocked, id=22808, stack(0x000000d5c6900000,0x000000d5c6a00000) (1024K)]
  0x000001eefd102e20 JavaThread "Notification Thread"        daemon [_thread_blocked, id=14160, stack(0x000000d5c6a00000,0x000000d5c6b00000) (1024K)]
  0x000001eefe9b4c80 JavaThread "Daemon health stats"               [_thread_blocked, id=20960, stack(0x000000d5c6b00000,0x000000d5c6c00000) (1024K)]
  0x000001eefea72b00 JavaThread "Incoming local TCP Connector on port 64522"        [_thread_in_native, id=1216, stack(0x000000d5c7300000,0x000000d5c7400000) (1024K)]
  0x000001eefeb69000 JavaThread "Daemon periodic checks"            [_thread_blocked, id=23396, stack(0x000000d5c7500000,0x000000d5c7600000) (1024K)]
  0x000001eefe9ee3a0 JavaThread "Daemon"                            [_thread_blocked, id=14496, stack(0x000000d5c7600000,0x000000d5c7700000) (1024K)]
  0x000001eefeb71bf0 JavaThread "Handler for socket connection from /127.0.0.1:64522 to /127.0.0.1:64523"        [_thread_in_native, id=19740, stack(0x000000d5c7700000,0x000000d5c7800000) (1024K)]
  0x000001eefeb94060 JavaThread "Cancel handler"                    [_thread_blocked, id=9748, stack(0x000000d5c7800000,0x000000d5c7900000) (1024K)]
  0x000001eefeb47db0 JavaThread "Daemon worker"                     [_thread_blocked, id=16860, stack(0x000000d5c7900000,0x000000d5c7a00000) (1024K)]
  0x000001eefebbde00 JavaThread "Asynchronous log dispatcher for DefaultDaemonConnection: socket connection from /127.0.0.1:64522 to /127.0.0.1:64523"        [_thread_blocked, id=15184, stack(0x000000d5c7a00000,0x000000d5c7b00000) (1024K)]
  0x000001eefebbf1b0 JavaThread "Stdin handler"                     [_thread_blocked, id=29016, stack(0x000000d5c7b00000,0x000000d5c7c00000) (1024K)]
  0x000001eefebc0bf0 JavaThread "Daemon client event forwarder"        [_thread_blocked, id=26220, stack(0x000000d5c7c00000,0x000000d5c7d00000) (1024K)]
  0x000001eefebbf840 JavaThread "Cache worker for journal cache (C:\Users\HANZALLAH\.gradle\caches\journal-1)"        [_thread_blocked, id=8060, stack(0x000000d5c7400000,0x000000d5c7500000) (1024K)]
  0x000001eefebbfed0 JavaThread "File lock request listener"        [_thread_in_native, id=10528, stack(0x000000d5c7e00000,0x000000d5c7f00000) (1024K)]
  0x000001eefebc0560 JavaThread "Cache worker for file hash cache (C:\Users\HANZALLAH\.gradle\caches\8.13\fileHashes)"        [_thread_blocked, id=18448, stack(0x000000d5c7f00000,0x000000d5c8000000) (1024K)]
  0x000001eefebbd770 JavaThread "File lock release action executor"        [_thread_blocked, id=23212, stack(0x000000d5c8000000,0x000000d5c8100000) (1024K)]
  0x000001eefebbeb20 JavaThread "Cache worker for file hash cache (D:\UNiversityData\AndroidDevelopment\SmartWatchApplication\.gradle\8.13\fileHashes)"        [_thread_blocked, id=18756, stack(0x000000d5c8300000,0x000000d5c8400000) (1024K)]
  0x000001ee84af9830 JavaThread "Cache worker for Build Output Cleanup Cache (D:\UNiversityData\AndroidDevelopment\SmartWatchApplication\.gradle\buildOutputCleanup)"        [_thread_blocked, id=7312, stack(0x000000d5c8400000,0x000000d5c8500000) (1024K)]
  0x000001ee84afabe0 JavaThread "File watcher server"        daemon [_thread_in_native, id=11960, stack(0x000000d5c8500000,0x000000d5c8600000) (1024K)]
  0x000001ee84af8480 JavaThread "File watcher consumer"      daemon [_thread_blocked, id=25944, stack(0x000000d5c8600000,0x000000d5c8700000) (1024K)]
  0x000001ee84afb270 JavaThread "jar transforms"                    [_thread_blocked, id=5396, stack(0x000000d5c8200000,0x000000d5c8300000) (1024K)]
  0x000001ee84af9ec0 JavaThread "jar transforms Thread 2"           [_thread_blocked, id=15484, stack(0x000000d5c8700000,0x000000d5c8800000) (1024K)]
  0x000001ee84afa550 JavaThread "jar transforms Thread 3"           [_thread_blocked, id=28924, stack(0x000000d5c8800000,0x000000d5c8900000) (1024K)]
  0x000001ee84afb900 JavaThread "jar transforms Thread 4"           [_thread_blocked, id=3088, stack(0x000000d5c8900000,0x000000d5c8a00000) (1024K)]
  0x000001ee84afbf90 JavaThread "jar transforms Thread 5"           [_thread_blocked, id=25980, stack(0x000000d5c8a00000,0x000000d5c8b00000) (1024K)]
  0x000001ee84af8b10 JavaThread "jar transforms Thread 6"           [_thread_blocked, id=1048, stack(0x000000d5c8b00000,0x000000d5c8c00000) (1024K)]
  0x000001ee84afc620 JavaThread "jar transforms Thread 7"           [_thread_blocked, id=18332, stack(0x000000d5c8c00000,0x000000d5c8d00000) (1024K)]
  0x000001ee84af91a0 JavaThread "jar transforms Thread 8"           [_thread_blocked, id=23016, stack(0x000000d5c8d00000,0x000000d5c8e00000) (1024K)]
  0x000001ee84aff410 JavaThread "Cache worker for checksums cache (D:\UNiversityData\AndroidDevelopment\SmartWatchApplication\.gradle\8.13\checksums)"        [_thread_blocked, id=19084, stack(0x000000d5c8f00000,0x000000d5c9000000) (1024K)]
  0x000001ee84afe060 JavaThread "Cache worker for file content cache (C:\Users\HANZALLAH\.gradle\caches\8.13\fileContent)"        [_thread_blocked, id=9012, stack(0x000000d5c9000000,0x000000d5c9100000) (1024K)]
  0x000001ee84afe6f0 JavaThread "Cache worker for cache directory md-supplier (C:\Users\HANZALLAH\.gradle\caches\8.13\md-supplier)"        [_thread_blocked, id=20716, stack(0x000000d5c9100000,0x000000d5c9200000) (1024K)]
  0x000001ee84afd9d0 JavaThread "Cache worker for cache directory md-rule (C:\Users\HANZALLAH\.gradle\caches\8.13\md-rule)"        [_thread_blocked, id=17808, stack(0x000000d5c9200000,0x000000d5c9300000) (1024K)]
  0x000001ee84afd340 JavaThread "Unconstrained build operations"        [_thread_blocked, id=21596, stack(0x000000d5c9300000,0x000000d5c9400000) (1024K)]
  0x000001ee84afed80 JavaThread "Unconstrained build operations Thread 2"        [_thread_blocked, id=14132, stack(0x000000d5c9400000,0x000000d5c9500000) (1024K)]
  0x000001ee860ab020 JavaThread "Unconstrained build operations Thread 3"        [_thread_blocked, id=13188, stack(0x000000d5c8e00000,0x000000d5c8f00000) (1024K)]
  0x000001ee860ab6b0 JavaThread "Unconstrained build operations Thread 4"        [_thread_blocked, id=9572, stack(0x000000d5c9500000,0x000000d5c9600000) (1024K)]
  0x000001ee860aa990 JavaThread "Unconstrained build operations Thread 5"        [_thread_blocked, id=13632, stack(0x000000d5c9600000,0x000000d5c9700000) (1024K)]
  0x000001ee860a9c70 JavaThread "Unconstrained build operations Thread 6"        [_thread_blocked, id=15836, stack(0x000000d5c9700000,0x000000d5c9800000) (1024K)]
  0x000001ee860abd40 JavaThread "Unconstrained build operations Thread 7"        [_thread_blocked, id=1756, stack(0x000000d5c9800000,0x000000d5c9900000) (1024K)]
  0x000001ee860ac3d0 JavaThread "Unconstrained build operations Thread 8"        [_thread_blocked, id=15948, stack(0x000000d5c9900000,0x000000d5c9a00000) (1024K)]
  0x000001ee860ad0f0 JavaThread "Unconstrained build operations Thread 9"        [_thread_blocked, id=21284, stack(0x000000d5c9a00000,0x000000d5c9b00000) (1024K)]
  0x000001ee860aa300 JavaThread "Unconstrained build operations Thread 10"        [_thread_blocked, id=18744, stack(0x000000d5c9b00000,0x000000d5c9c00000) (1024K)]
  0x000001ee860aca60 JavaThread "Unconstrained build operations Thread 11"        [_thread_blocked, id=10756, stack(0x000000d5c9c00000,0x000000d5c9d00000) (1024K)]
  0x000001ee869e20b0 JavaThread "Unconstrained build operations Thread 12"        [_thread_blocked, id=22728, stack(0x000000d5c9d00000,0x000000d5c9e00000) (1024K)]
  0x000001ee869e4180 JavaThread "Unconstrained build operations Thread 13"        [_thread_blocked, id=22984, stack(0x000000d5c9e00000,0x000000d5c9f00000) (1024K)]
  0x000001ee869e3af0 JavaThread "Unconstrained build operations Thread 14"        [_thread_blocked, id=20296, stack(0x000000d5c9f00000,0x000000d5ca000000) (1024K)]
  0x000001ee869e4810 JavaThread "Unconstrained build operations Thread 15"        [_thread_blocked, id=7924, stack(0x000000d5ca000000,0x000000d5ca100000) (1024K)]
  0x000001ee869e4ea0 JavaThread "Unconstrained build operations Thread 16"        [_thread_blocked, id=24996, stack(0x000000d5ca100000,0x000000d5ca200000) (1024K)]
  0x000001ee869e2740 JavaThread "Unconstrained build operations Thread 17"        [_thread_blocked, id=13356, stack(0x000000d5ca200000,0x000000d5ca300000) (1024K)]
  0x000001ee869e3460 JavaThread "Unconstrained build operations Thread 18"        [_thread_blocked, id=11308, stack(0x000000d5ca300000,0x000000d5ca400000) (1024K)]
Total: 59

Other Threads:
=>0x000001eefcb34760 VMThread "VM Thread"                           [id=27224, stack(0x000000d5c6000000,0x000000d5c6100000) (1024K)]
  0x000001eefcc009d0 WatcherThread "VM Periodic Task Thread"        [id=13604, stack(0x000000d5c5f00000,0x000000d5c6000000) (1024K)]
  0x000001eee54c3260 WorkerThread "GC Thread#0"                     [id=25580, stack(0x000000d5c5a00000,0x000000d5c5b00000) (1024K)]
  0x000001eefcb34ea0 WorkerThread "GC Thread#1"                     [id=9552, stack(0x000000d5c6d00000,0x000000d5c6e00000) (1024K)]
  0x000001eefcb33c80 WorkerThread "GC Thread#2"                     [id=17376, stack(0x000000d5c6e00000,0x000000d5c6f00000) (1024K)]
  0x000001eefcb34b00 WorkerThread "GC Thread#3"                     [id=13136, stack(0x000000d5c6f00000,0x000000d5c7000000) (1024K)]
  0x000001eefcb34020 WorkerThread "GC Thread#4"                     [id=28712, stack(0x000000d5c7000000,0x000000d5c7100000) (1024K)]
  0x000001eefcb343c0 WorkerThread "GC Thread#5"                     [id=8436, stack(0x000000d5c7100000,0x000000d5c7200000) (1024K)]
  0x000001eefea66800 WorkerThread "GC Thread#6"                     [id=23628, stack(0x000000d5c6c00000,0x000000d5c6d00000) (1024K)]
  0x000001eefea67680 WorkerThread "GC Thread#7"                     [id=20284, stack(0x000000d5c7200000,0x000000d5c7300000) (1024K)]
  0x000001eee54d4150 ConcurrentGCThread "G1 Main Marker"            [id=14136, stack(0x000000d5c5b00000,0x000000d5c5c00000) (1024K)]
  0x000001eee54d59a0 WorkerThread "G1 Conc#0"                       [id=10624, stack(0x000000d5c5c00000,0x000000d5c5d00000) (1024K)]
  0x000001eefea672e0 WorkerThread "G1 Conc#1"                       [id=13368, stack(0x000000d5c7d00000,0x000000d5c7e00000) (1024K)]
  0x000001eefca73810 ConcurrentGCThread "G1 Refine#0"               [id=3352, stack(0x000000d5c5d00000,0x000000d5c5e00000) (1024K)]
  0x000001eefca74290 ConcurrentGCThread "G1 Service"                [id=12156, stack(0x000000d5c5e00000,0x000000d5c5f00000) (1024K)]
Total: 15

Threads with active compile tasks:
C1 CompilerThread0  17020 5876       3       groovyjarjarasm.asm.Frame::getAbstractTypeFromDescriptor (432 bytes)
Total: 1

VM state: at safepoint (normal execution)

VM Mutex/Monitor currently owned by a thread:  ([mutex/lock_event])
[0x00007ffe14b81468] Threads_lock - owner thread: 0x000001eefcb34760
[0x00007ffe14b81568] Heap_lock - owner thread: 0x000001eee54d4150

Heap address: 0x0000000080000000, size: 2048 MB, Compressed Oops mode: 32-bit

CDS archive(s) not mapped
Compressed class space mapped at: 0x0000000100000000-0x0000000140000000, reserved size: 1073741824
Narrow klass base: 0x0000000000000000, Narrow klass shift: 3, Narrow klass range: 0x140000000

GC Precious Log:
 CardTable entry size: 512
 Card Set container configuration: InlinePtr #cards 5 size 8 Array Of Cards #cards 12 size 40 Howl #buckets 4 coarsen threshold 1843 Howl Bitmap #cards 512 size 80 coarsen threshold 460 Card regions per heap region 1 cards per card region 2048
 CPUs: 8 total, 8 available
 Memory: 16190M
 Large Page Support: Disabled
 NUMA Support: Disabled
 Compressed Oops: Enabled (32-bit)
 Heap Region Size: 1M
 Heap Min Capacity: 8M
 Heap Initial Capacity: 254M
 Heap Max Capacity: 2G
 Pre-touch: Disabled
 Parallel Workers: 8
 Concurrent Workers: 2
 Concurrent Refinement Workers: 8
 Periodic GC: Disabled

Heap:
 garbage-first heap   total 130048K, used 95440K [0x0000000080000000, 0x0000000100000000)
  region size 1024K, 5 young (5120K), 2 survivors (2048K)
 Metaspace       used 59307K, committed 60864K, reserved 1114112K
  class space    used 8068K, committed 8832K, reserved 1048576K

Heap Regions: E=young(eden), S=young(survivor), O=old, HS=humongous(starts), HC=humongous(continues), CS=collection set, F=free, TAMS=top-at-mark-start, PB=parsable bottom
|   0|0x0000000080000000, 0x0000000080100000, 0x0000000080100000|100%|HS|  |TAMS 0x0000000080100000| PB 0x0000000080000000| Complete 
|   1|0x0000000080100000, 0x0000000080200000, 0x0000000080200000|100%|HC|  |TAMS 0x0000000080200000| PB 0x0000000080100000| Complete 
|   2|0x0000000080200000, 0x0000000080300000, 0x0000000080300000|100%|HC|  |TAMS 0x0000000080300000| PB 0x0000000080200000| Complete 
|   3|0x0000000080300000, 0x0000000080400000, 0x0000000080400000|100%| O|  |TAMS 0x0000000080400000| PB 0x0000000080400000| Untracked 
|   4|0x0000000080400000, 0x0000000080500000, 0x0000000080500000|100%| O|  |TAMS 0x0000000080500000| PB 0x0000000080500000| Untracked 
|   5|0x0000000080500000, 0x0000000080600000, 0x0000000080600000|100%| O|  |TAMS 0x0000000080600000| PB 0x0000000080600000| Untracked 
|   6|0x0000000080600000, 0x0000000080700000, 0x0000000080700000|100%|HS|  |TAMS 0x0000000080700000| PB 0x0000000080600000| Complete 
|   7|0x0000000080700000, 0x0000000080800000, 0x0000000080800000|100%| O|  |TAMS 0x0000000080800000| PB 0x0000000080800000| Untracked 
|   8|0x0000000080800000, 0x0000000080900000, 0x0000000080900000|100%| O|  |TAMS 0x0000000080900000| PB 0x0000000080900000| Untracked 
|   9|0x0000000080900000, 0x0000000080a00000, 0x0000000080a00000|100%| O|  |TAMS 0x0000000080a00000| PB 0x0000000080a00000| Untracked 
|  10|0x0000000080a00000, 0x0000000080b00000, 0x0000000080b00000|100%| O|  |TAMS 0x0000000080b00000| PB 0x0000000080b00000| Untracked 
|  11|0x0000000080b00000, 0x0000000080c00000, 0x0000000080c00000|100%| O|  |TAMS 0x0000000080c00000| PB 0x0000000080c00000| Untracked 
|  12|0x0000000080c00000, 0x0000000080d00000, 0x0000000080d00000|100%| O|  |TAMS 0x0000000080d00000| PB 0x0000000080d00000| Updating 
|  13|0x0000000080d00000, 0x0000000080e00000, 0x0000000080e00000|100%| O|  |TAMS 0x0000000080e00000| PB 0x0000000080e00000| Untracked 
|  14|0x0000000080e00000, 0x0000000080f00000, 0x0000000080f00000|100%| O|  |TAMS 0x0000000080f00000| PB 0x0000000080f00000| Untracked 
|  15|0x0000000080f00000, 0x0000000081000000, 0x0000000081000000|100%| O|  |TAMS 0x0000000081000000| PB 0x0000000081000000| Untracked 
|  16|0x0000000081000000, 0x0000000081100000, 0x0000000081100000|100%| O|  |TAMS 0x0000000081000000| PB 0x0000000081000000| Untracked 
|  17|0x0000000081100000, 0x0000000081200000, 0x0000000081200000|100%| O|  |TAMS 0x0000000081200000| PB 0x0000000081200000| Untracked 
|  18|0x0000000081200000, 0x0000000081300000, 0x0000000081300000|100%| O|  |TAMS 0x0000000081300000| PB 0x0000000081300000| Untracked 
|  19|0x0000000081300000, 0x0000000081400000, 0x0000000081400000|100%| O|  |TAMS 0x0000000081400000| PB 0x0000000081400000| Untracked 
|  20|0x0000000081400000, 0x0000000081500000, 0x0000000081500000|100%| O|  |TAMS 0x0000000081500000| PB 0x0000000081500000| Updating 
|  21|0x0000000081500000, 0x0000000081600000, 0x0000000081600000|100%| O|  |TAMS 0x0000000081600000| PB 0x0000000081600000| Updating 
|  22|0x0000000081600000, 0x0000000081700000, 0x0000000081700000|100%|HS|  |TAMS 0x0000000081700000| PB 0x0000000081600000| Complete 
|  23|0x0000000081700000, 0x0000000081800000, 0x0000000081800000|100%|HC|  |TAMS 0x0000000081800000| PB 0x0000000081700000| Complete 
|  24|0x0000000081800000, 0x0000000081900000, 0x0000000081900000|100%|HC|  |TAMS 0x0000000081900000| PB 0x0000000081800000| Complete 
|  25|0x0000000081900000, 0x0000000081a00000, 0x0000000081a00000|100%|HC|  |TAMS 0x0000000081a00000| PB 0x0000000081900000| Complete 
|  26|0x0000000081a00000, 0x0000000081b00000, 0x0000000081b00000|100%|HC|  |TAMS 0x0000000081b00000| PB 0x0000000081a00000| Complete 
|  27|0x0000000081b00000, 0x0000000081c00000, 0x0000000081c00000|100%|HC|  |TAMS 0x0000000081c00000| PB 0x0000000081b00000| Complete 
|  28|0x0000000081c00000, 0x0000000081d00000, 0x0000000081d00000|100%|HS|  |TAMS 0x0000000081d00000| PB 0x0000000081c00000| Complete 
|  29|0x0000000081d00000, 0x0000000081e00000, 0x0000000081e00000|100%|HS|  |TAMS 0x0000000081e00000| PB 0x0000000081d00000| Complete 
|  30|0x0000000081e00000, 0x0000000081f00000, 0x0000000081f00000|100%|HC|  |TAMS 0x0000000081f00000| PB 0x0000000081e00000| Complete 
|  31|0x0000000081f00000, 0x0000000082000000, 0x0000000082000000|100%|HC|  |TAMS 0x0000000082000000| PB 0x0000000081f00000| Complete 
|  32|0x0000000082000000, 0x0000000082100000, 0x0000000082100000|100%|HC|  |TAMS 0x0000000082100000| PB 0x0000000082000000| Complete 
|  33|0x0000000082100000, 0x0000000082200000, 0x0000000082200000|100%|HS|  |TAMS 0x0000000082200000| PB 0x0000000082100000| Complete 
|  34|0x0000000082200000, 0x0000000082300000, 0x0000000082300000|100%|HC|  |TAMS 0x0000000082300000| PB 0x0000000082200000| Complete 
|  35|0x0000000082300000, 0x0000000082400000, 0x0000000082400000|100%|HS|  |TAMS 0x0000000082400000| PB 0x0000000082300000| Complete 
|  36|0x0000000082400000, 0x0000000082500000, 0x0000000082500000|100%|HS|  |TAMS 0x0000000082500000| PB 0x0000000082400000| Complete 
|  37|0x0000000082500000, 0x0000000082600000, 0x0000000082600000|100%| O|  |TAMS 0x0000000082600000| PB 0x0000000082600000| Untracked 
|  38|0x0000000082600000, 0x0000000082700000, 0x0000000082700000|100%| O|  |TAMS 0x0000000082700000| PB 0x0000000082700000| Untracked 
|  39|0x0000000082700000, 0x0000000082800000, 0x0000000082800000|100%| O|  |TAMS 0x0000000082800000| PB 0x0000000082800000| Untracked 
|  40|0x0000000082800000, 0x0000000082900000, 0x0000000082900000|100%| O|  |TAMS 0x0000000082900000| PB 0x0000000082900000| Updating 
|  41|0x0000000082900000, 0x0000000082a00000, 0x0000000082a00000|100%| O|  |TAMS 0x0000000082a00000| PB 0x0000000082a00000| Untracked 
|  42|0x0000000082a00000, 0x0000000082b00000, 0x0000000082b00000|100%|HS|  |TAMS 0x0000000082b00000| PB 0x0000000082a00000| Complete 
|  43|0x0000000082b00000, 0x0000000082c00000, 0x0000000082c00000|100%|HC|  |TAMS 0x0000000082c00000| PB 0x0000000082b00000| Complete 
|  44|0x0000000082c00000, 0x0000000082d00000, 0x0000000082d00000|100%|HC|  |TAMS 0x0000000082d00000| PB 0x0000000082c00000| Complete 
|  45|0x0000000082d00000, 0x0000000082e00000, 0x0000000082e00000|100%|HC|  |TAMS 0x0000000082e00000| PB 0x0000000082d00000| Complete 
|  46|0x0000000082e00000, 0x0000000082f00000, 0x0000000082f00000|100%|HC|  |TAMS 0x0000000082f00000| PB 0x0000000082e00000| Complete 
|  47|0x0000000082f00000, 0x0000000083000000, 0x0000000083000000|100%|HC|  |TAMS 0x0000000083000000| PB 0x0000000082f00000| Complete 
|  48|0x0000000083000000, 0x0000000083100000, 0x0000000083100000|100%|HS|  |TAMS 0x0000000083100000| PB 0x0000000083000000| Complete 
|  49|0x0000000083100000, 0x0000000083200000, 0x0000000083200000|100%|HC|  |TAMS 0x0000000083200000| PB 0x0000000083100000| Complete 
|  50|0x0000000083200000, 0x0000000083300000, 0x0000000083300000|100%|HC|  |TAMS 0x0000000083300000| PB 0x0000000083200000| Complete 
|  51|0x0000000083300000, 0x0000000083400000, 0x0000000083400000|100%|HC|  |TAMS 0x0000000083400000| PB 0x0000000083300000| Complete 
|  52|0x0000000083400000, 0x0000000083500000, 0x0000000083500000|100%|HS|  |TAMS 0x0000000083500000| PB 0x0000000083400000| Complete 
|  53|0x0000000083500000, 0x0000000083600000, 0x0000000083600000|100%|HC|  |TAMS 0x0000000083600000| PB 0x0000000083500000| Complete 
|  54|0x0000000083600000, 0x0000000083700000, 0x0000000083700000|100%|HS|  |TAMS 0x0000000083700000| PB 0x0000000083600000| Complete 
|  55|0x0000000083700000, 0x0000000083800000, 0x0000000083800000|100%| O|  |TAMS 0x0000000083800000| PB 0x0000000083800000| Updating 
|  56|0x0000000083800000, 0x0000000083900000, 0x0000000083900000|100%| O|  |TAMS 0x0000000083900000| PB 0x0000000083900000| Untracked 
|  57|0x0000000083900000, 0x0000000083a00000, 0x0000000083a00000|100%| O|  |TAMS 0x0000000083a00000| PB 0x0000000083a00000| Untracked 
|  58|0x0000000083a00000, 0x0000000083b00000, 0x0000000083b00000|100%| O|  |TAMS 0x0000000083b00000| PB 0x0000000083b00000| Untracked 
|  59|0x0000000083b00000, 0x0000000083c00000, 0x0000000083c00000|100%| O|  |TAMS 0x0000000083c00000| PB 0x0000000083c00000| Untracked 
|  60|0x0000000083c00000, 0x0000000083d00000, 0x0000000083d00000|100%| O|  |TAMS 0x0000000083d00000| PB 0x0000000083d00000| Updating 
|  61|0x0000000083d00000, 0x0000000083e00000, 0x0000000083e00000|100%| O|  |TAMS 0x0000000083e00000| PB 0x0000000083e00000| Untracked 
|  62|0x0000000083e00000, 0x0000000083f00000, 0x0000000083f00000|100%| O|  |TAMS 0x0000000083f00000| PB 0x0000000083f00000| Untracked 
|  63|0x0000000083f00000, 0x0000000084000000, 0x0000000084000000|100%|HS|  |TAMS 0x0000000084000000| PB 0x0000000083f00000| Complete 
|  64|0x0000000084000000, 0x0000000084100000, 0x0000000084100000|100%|HC|  |TAMS 0x0000000084100000| PB 0x0000000084000000| Complete 
|  65|0x0000000084100000, 0x0000000084200000, 0x0000000084200000|100%|HS|  |TAMS 0x0000000084200000| PB 0x0000000084100000| Complete 
|  66|0x0000000084200000, 0x0000000084300000, 0x0000000084300000|100%|HC|  |TAMS 0x0000000084300000| PB 0x0000000084200000| Complete 
|  67|0x0000000084300000, 0x0000000084400000, 0x0000000084400000|100%|HC|  |TAMS 0x0000000084400000| PB 0x0000000084300000| Complete 
|  68|0x0000000084400000, 0x0000000084500000, 0x0000000084500000|100%|HC|  |TAMS 0x0000000084500000| PB 0x0000000084400000| Complete 
|  69|0x0000000084500000, 0x0000000084600000, 0x0000000084600000|100%|HC|  |TAMS 0x0000000084600000| PB 0x0000000084500000| Complete 
|  70|0x0000000084600000, 0x0000000084700000, 0x0000000084700000|100%|HC|  |TAMS 0x0000000084700000| PB 0x0000000084600000| Complete 
|  71|0x0000000084700000, 0x0000000084800000, 0x0000000084800000|100%|HS|  |TAMS 0x0000000084800000| PB 0x0000000084700000| Complete 
|  72|0x0000000084800000, 0x0000000084900000, 0x0000000084900000|100%|HS|  |TAMS 0x0000000084900000| PB 0x0000000084800000| Complete 
|  73|0x0000000084900000, 0x0000000084a00000, 0x0000000084a00000|100%| O|  |TAMS 0x0000000084900000| PB 0x0000000084900000| Untracked 
|  74|0x0000000084a00000, 0x0000000084b00000, 0x0000000084b00000|100%| O|  |TAMS 0x0000000084a00000| PB 0x0000000084a00000| Untracked 
|  75|0x0000000084b00000, 0x0000000084c00000, 0x0000000084c00000|100%| O|  |TAMS 0x0000000084b00000| PB 0x0000000084b00000| Untracked 
|  76|0x0000000084c00000, 0x0000000084ccd280, 0x0000000084d00000| 80%| O|  |TAMS 0x0000000084c00000| PB 0x0000000084c00000| Updating 
|  77|0x0000000084d00000, 0x0000000084e00000, 0x0000000084e00000|100%|HS|  |TAMS 0x0000000084d00000| PB 0x0000000084d00000| Complete 
|  78|0x0000000084e00000, 0x0000000084f00000, 0x0000000084f00000|100%|HS|  |TAMS 0x0000000084e00000| PB 0x0000000084e00000| Complete 
|  79|0x0000000084f00000, 0x0000000084f00000, 0x0000000085000000|  0%| F|  |TAMS 0x0000000084f00000| PB 0x0000000084f00000| Untracked 
|  80|0x0000000085000000, 0x0000000085000000, 0x0000000085100000|  0%| F|  |TAMS 0x0000000085000000| PB 0x0000000085000000| Untracked 
|  81|0x0000000085100000, 0x0000000085100000, 0x0000000085200000|  0%| F|  |TAMS 0x0000000085100000| PB 0x0000000085100000| Untracked 
|  82|0x0000000085200000, 0x0000000085200000, 0x0000000085300000|  0%| F|  |TAMS 0x0000000085200000| PB 0x0000000085200000| Untracked 
|  83|0x0000000085300000, 0x0000000085300000, 0x0000000085400000|  0%| F|  |TAMS 0x0000000085300000| PB 0x0000000085300000| Untracked 
|  84|0x0000000085400000, 0x0000000085400000, 0x0000000085500000|  0%| F|  |TAMS 0x0000000085400000| PB 0x0000000085400000| Untracked 
|  85|0x0000000085500000, 0x0000000085500000, 0x0000000085600000|  0%| F|  |TAMS 0x0000000085500000| PB 0x0000000085500000| Untracked 
|  86|0x0000000085600000, 0x0000000085600000, 0x0000000085700000|  0%| F|  |TAMS 0x0000000085600000| PB 0x0000000085600000| Untracked 
|  87|0x0000000085700000, 0x0000000085700000, 0x0000000085800000|  0%| F|  |TAMS 0x0000000085700000| PB 0x0000000085700000| Untracked 
|  88|0x0000000085800000, 0x0000000085800000, 0x0000000085900000|  0%| F|  |TAMS 0x0000000085800000| PB 0x0000000085800000| Untracked 
|  89|0x0000000085900000, 0x0000000085900000, 0x0000000085a00000|  0%| F|  |TAMS 0x0000000085900000| PB 0x0000000085900000| Untracked 
|  90|0x0000000085a00000, 0x0000000085a00000, 0x0000000085b00000|  0%| F|  |TAMS 0x0000000085a00000| PB 0x0000000085a00000| Untracked 
|  91|0x0000000085b00000, 0x0000000085b00000, 0x0000000085c00000|  0%| F|  |TAMS 0x0000000085b00000| PB 0x0000000085b00000| Untracked 
|  92|0x0000000085c00000, 0x0000000085c00000, 0x0000000085d00000|  0%| F|  |TAMS 0x0000000085c00000| PB 0x0000000085c00000| Untracked 
|  93|0x0000000085d00000, 0x0000000085d00000, 0x0000000085e00000|  0%| F|  |TAMS 0x0000000085d00000| PB 0x0000000085d00000| Untracked 
|  94|0x0000000085e00000, 0x0000000085e00000, 0x0000000085f00000|  0%| F|  |TAMS 0x0000000085e00000| PB 0x0000000085e00000| Untracked 
|  95|0x0000000085f00000, 0x0000000085f00000, 0x0000000086000000|  0%| F|  |TAMS 0x0000000085f00000| PB 0x0000000085f00000| Untracked 
|  96|0x0000000086000000, 0x0000000086000000, 0x0000000086100000|  0%| F|  |TAMS 0x0000000086000000| PB 0x0000000086000000| Untracked 
|  97|0x0000000086100000, 0x0000000086200000, 0x0000000086200000|100%|HS|  |TAMS 0x0000000086200000| PB 0x0000000086100000| Complete 
|  98|0x0000000086200000, 0x0000000086300000, 0x0000000086300000|100%|HC|  |TAMS 0x0000000086300000| PB 0x0000000086200000| Complete 
|  99|0x0000000086300000, 0x0000000086400000, 0x0000000086400000|100%|HC|  |TAMS 0x0000000086400000| PB 0x0000000086300000| Complete 
| 100|0x0000000086400000, 0x0000000086500000, 0x0000000086500000|100%|HC|  |TAMS 0x0000000086500000| PB 0x0000000086400000| Complete 
| 101|0x0000000086500000, 0x0000000086600000, 0x0000000086600000|100%|HC|  |TAMS 0x0000000086600000| PB 0x0000000086500000| Complete 
| 102|0x0000000086600000, 0x0000000086700000, 0x0000000086700000|100%|HC|  |TAMS 0x0000000086700000| PB 0x0000000086600000| Complete 
| 103|0x0000000086700000, 0x0000000086700000, 0x0000000086800000|  0%| F|  |TAMS 0x0000000086700000| PB 0x0000000086700000| Untracked 
| 104|0x0000000086800000, 0x0000000086800000, 0x0000000086900000|  0%| F|  |TAMS 0x0000000086800000| PB 0x0000000086800000| Untracked 
| 105|0x0000000086900000, 0x0000000086900000, 0x0000000086a00000|  0%| F|  |TAMS 0x0000000086900000| PB 0x0000000086900000| Untracked 
| 106|0x0000000086a00000, 0x0000000086a00000, 0x0000000086b00000|  0%| F|  |TAMS 0x0000000086a00000| PB 0x0000000086a00000| Untracked 
| 107|0x0000000086b00000, 0x0000000086b00000, 0x0000000086c00000|  0%| F|  |TAMS 0x0000000086b00000| PB 0x0000000086b00000| Untracked 
| 226|0x000000008e200000, 0x000000008e200000, 0x000000008e300000|  0%| F|  |TAMS 0x000000008e200000| PB 0x000000008e200000| Untracked 
| 227|0x000000008e300000, 0x000000008e300000, 0x000000008e400000|  0%| F|  |TAMS 0x000000008e300000| PB 0x000000008e300000| Untracked 
| 228|0x000000008e400000, 0x000000008e400000, 0x000000008e500000|  0%| F|  |TAMS 0x000000008e400000| PB 0x000000008e400000| Untracked 
| 229|0x000000008e500000, 0x000000008e500000, 0x000000008e600000|  0%| F|  |TAMS 0x000000008e500000| PB 0x000000008e500000| Untracked 
| 230|0x000000008e600000, 0x000000008e600000, 0x000000008e700000|  0%| F|  |TAMS 0x000000008e600000| PB 0x000000008e600000| Untracked 
| 231|0x000000008e700000, 0x000000008e700000, 0x000000008e800000|  0%| F|  |TAMS 0x000000008e700000| PB 0x000000008e700000| Untracked 
| 232|0x000000008e800000, 0x000000008e800000, 0x000000008e900000|  0%| F|  |TAMS 0x000000008e800000| PB 0x000000008e800000| Untracked 
| 233|0x000000008e900000, 0x000000008e966e60, 0x000000008ea00000| 40%| S|CS|TAMS 0x000000008e900000| PB 0x000000008e900000| Complete 
| 234|0x000000008ea00000, 0x000000008eb00000, 0x000000008eb00000|100%| S|CS|TAMS 0x000000008ea00000| PB 0x000000008ea00000| Complete 
| 235|0x000000008eb00000, 0x000000008eb00000, 0x000000008ec00000|  0%| F|  |TAMS 0x000000008eb00000| PB 0x000000008eb00000| Untracked 
| 236|0x000000008ec00000, 0x000000008ec00000, 0x000000008ed00000|  0%| F|  |TAMS 0x000000008ec00000| PB 0x000000008ec00000| Untracked 
| 252|0x000000008fc00000, 0x000000008fc00a58, 0x000000008fd00000|  0%| E|  |TAMS 0x000000008fc00000| PB 0x000000008fc00000| Complete 
| 253|0x000000008fd00000, 0x000000008fe00000, 0x000000008fe00000|100%| E|CS|TAMS 0x000000008fd00000| PB 0x000000008fd00000| Complete 
|2042|0x00000000ffa00000, 0x00000000ffb00000, 0x00000000ffb00000|100%| O|  |TAMS 0x00000000ffae5df8| PB 0x00000000ffae5df8| Updating 
|2043|0x00000000ffb00000, 0x00000000ffc00000, 0x00000000ffc00000|100%| O|  |TAMS 0x00000000ffc00000| PB 0x00000000ffc00000| Untracked 
|2044|0x00000000ffc00000, 0x00000000ffd00000, 0x00000000ffd00000|100%| E|CS|TAMS 0x00000000ffc00000| PB 0x00000000ffc00000| Complete 
|2045|0x00000000ffd00000, 0x00000000ffe00000, 0x00000000ffe00000|100%| O|  |TAMS 0x00000000ffe00000| PB 0x00000000ffe00000| Untracked 
|2046|0x00000000ffe00000, 0x00000000fff00000, 0x00000000fff00000|100%| O|  |TAMS 0x00000000fff00000| PB 0x00000000fff00000| Untracked 
|2047|0x00000000fff00000, 0x0000000100000000, 0x0000000100000000|100%| O|  |TAMS 0x0000000100000000| PB 0x0000000100000000| Untracked 

Card table byte_map: [0x000001eef7cf0000,0x000001eef80f0000] _byte_map_base: 0x000001eef78f0000

Marking Bits: (CMBitMap*) 0x000001eee54c3870
 Bits: [0x000001eef80f0000, 0x000001eefa0f0000)

Polling page: 0x000001eee34d0000

Metaspace:

Usage:
  Non-class:     50.04 MB used.
      Class:      7.88 MB used.
       Both:     57.92 MB used.

Virtual space:
  Non-class space:       64.00 MB reserved,      50.81 MB ( 79%) committed,  1 nodes.
      Class space:        1.00 GB reserved,       8.62 MB ( <1%) committed,  1 nodes.
             Both:        1.06 GB reserved,      59.44 MB (  5%) committed. 

Chunk freelists:
   Non-Class:  13.23 MB
       Class:  7.34 MB
        Both:  20.57 MB

MaxMetaspaceSize: unlimited
CompressedClassSpaceSize: 1.00 GB
Initial GC threshold: 21.00 MB
Current GC threshold: 87.19 MB
CDS: off
 - commit_granule_bytes: 65536.
 - commit_granule_words: 8192.
 - virtual_space_node_default_size: 8388608.
 - enlarge_chunks_in_place: 1.
 - use_allocation_guard: 0.


Internal statistics:

num_allocs_failed_limit: 6.
num_arena_births: 2758.
num_arena_deaths: 0.
num_vsnodes_births: 2.
num_vsnodes_deaths: 0.
num_space_committed: 951.
num_space_uncommitted: 0.
num_chunks_returned_to_freelist: 6.
num_chunks_taken_from_freelist: 5131.
num_chunk_merges: 6.
num_chunk_splits: 3283.
num_chunks_enlarged: 1978.
num_inconsistent_stats: 0.

CodeHeap 'non-profiled nmethods': size=120000Kb used=2956Kb max_used=3029Kb free=117043Kb
 bounds [0x000001eef0090000, 0x000001eef0390000, 0x000001eef75c0000]
CodeHeap 'profiled nmethods': size=120000Kb used=9326Kb max_used=9757Kb free=110674Kb
 bounds [0x000001eee85c0000, 0x000001eee8f50000, 0x000001eeefaf0000]
CodeHeap 'non-nmethods': size=5760Kb used=2707Kb max_used=2778Kb free=3052Kb
 bounds [0x000001eeefaf0000, 0x000001eeefdb0000, 0x000001eef0090000]
 total_blobs=5902 nmethods=5044 adapters=762
 compilation: enabled
              stopped_count=0, restarted_count=0
 full_count=0

Compilation events (20 events):
Event: 15.756 Thread 0x000001eefccf6140 5866       3       java.lang.ClassLoader::postDefineClass (39 bytes)
Event: 15.756 Thread 0x000001eefcccf8e0 nmethod 5865 0x000001eef0384410 code [0x000001eef0384600, 0x000001eef0384b58]
Event: 15.756 Thread 0x000001eefccf6140 nmethod 5866 0x000001eee8f41410 code [0x000001eee8f41600, 0x000001eee8f41928]
Event: 15.767 Thread 0x000001eefccf6140 5867       3       com.google.common.collect.MapMakerInternalMap$StrongKeyWeakValueEntry$Helper::newEntry (30 bytes)
Event: 15.768 Thread 0x000001eefccf6140 nmethod 5867 0x000001eee8f41b10 code [0x000001eee8f41d20, 0x000001eee8f42538]
Event: 15.768 Thread 0x000001eefccf6140 5868       3       com.google.common.collect.MapMakerInternalMap$StrongKeyWeakValueEntry::<init> (7 bytes)
Event: 15.768 Thread 0x000001eefccf6140 nmethod 5868 0x000001eee8f42810 code [0x000001eee8f429e0, 0x000001eee8f42d28]
Event: 15.768 Thread 0x000001eefccf6140 5869       3       com.google.common.collect.MapMakerInternalMap$StrongKeyWeakValueEntry::<init> (14 bytes)
Event: 15.768 Thread 0x000001eefccf6140 nmethod 5869 0x000001eee8f42e90 code [0x000001eee8f43040, 0x000001eee8f43330]
Event: 15.775 Thread 0x000001eefccf6140 5870   !   3       java.util.ServiceLoader$LazyClassPathLookupIterator::hasNextService (144 bytes)
Event: 15.777 Thread 0x000001eefccf6140 nmethod 5870 0x000001eee8f43490 code [0x000001eee8f43840, 0x000001eee8f44c78]
Event: 15.781 Thread 0x000001eefccf6140 5871       3       groovyjarjarasm.asm.Label::getCanonicalInstance (19 bytes)
Event: 15.781 Thread 0x000001eefccf6140 nmethod 5871 0x000001eee8f45790 code [0x000001eee8f45940, 0x000001eee8f45aa0]
Event: 15.781 Thread 0x000001eefccf6140 5872       3       groovyjarjarasm.asm.Frame::merge (395 bytes)
Event: 15.781 Thread 0x000001eefcccf8e0 5873   !   4       org.gradle.internal.instrumentation.agent.DefaultClassFileTransformer::transform (42 bytes)
Event: 15.783 Thread 0x000001eefccf6140 nmethod 5872 0x000001eee8f45b90 code [0x000001eee8f45e40, 0x000001eee8f46bb8]
Event: 15.783 Thread 0x000001eefccf6140 5875       3       groovyjarjarasm.asm.ByteVector::put12 (64 bytes)
Event: 15.783 Thread 0x000001eefccf6140 nmethod 5875 0x000001eee8f47210 code [0x000001eee8f473c0, 0x000001eee8f475f0]
Event: 15.783 Thread 0x000001eefccf6140 5876       3       groovyjarjarasm.asm.Frame::getAbstractTypeFromDescriptor (432 bytes)
Event: 15.784 Thread 0x000001eefcccf8e0 nmethod 5873 0x000001eef0385110 code [0x000001eef03852c0, 0x000001eef0385450]

GC Heap History (20 events):
Event: 8.735 GC heap before
{Heap before GC invocations=7 (full 0):
 garbage-first heap   total 71680K, used 51706K [0x0000000080000000, 0x0000000100000000)
  region size 1024K, 32 young (32768K), 4 survivors (4096K)
 Metaspace       used 35164K, committed 35968K, reserved 1114112K
  class space    used 4795K, committed 5184K, reserved 1048576K
}
Event: 8.743 GC heap after
{Heap after GC invocations=8 (full 0):
 garbage-first heap   total 71680K, used 26228K [0x0000000080000000, 0x0000000100000000)
  region size 1024K, 5 young (5120K), 5 survivors (5120K)
 Metaspace       used 35164K, committed 35968K, reserved 1114112K
  class space    used 4795K, committed 5184K, reserved 1048576K
}
Event: 9.226 GC heap before
{Heap before GC invocations=9 (full 0):
 garbage-first heap   total 71680K, used 70260K [0x0000000080000000, 0x0000000100000000)
  region size 1024K, 20 young (20480K), 5 survivors (5120K)
 Metaspace       used 36347K, committed 37184K, reserved 1114112K
  class space    used 5006K, committed 5440K, reserved 1048576K
}
Event: 9.232 GC heap after
{Heap after GC invocations=10 (full 0):
 garbage-first heap   total 80896K, used 60106K [0x0000000080000000, 0x0000000100000000)
  region size 1024K, 5 young (5120K), 5 survivors (5120K)
 Metaspace       used 36347K, committed 37184K, reserved 1114112K
  class space    used 5006K, committed 5440K, reserved 1048576K
}
Event: 9.510 GC heap before
{Heap before GC invocations=10 (full 0):
 garbage-first heap   total 80896K, used 70346K [0x0000000080000000, 0x0000000100000000)
  region size 1024K, 15 young (15360K), 5 survivors (5120K)
 Metaspace       used 37836K, committed 38784K, reserved 1114112K
  class space    used 5202K, committed 5632K, reserved 1048576K
}
Event: 9.514 GC heap after
{Heap after GC invocations=11 (full 0):
 garbage-first heap   total 97280K, used 60363K [0x0000000080000000, 0x0000000100000000)
  region size 1024K, 1 young (1024K), 1 survivors (1024K)
 Metaspace       used 37836K, committed 38784K, reserved 1114112K
  class space    used 5202K, committed 5632K, reserved 1048576K
}
Event: 10.344 GC heap before
{Heap before GC invocations=11 (full 0):
 garbage-first heap   total 97280K, used 84939K [0x0000000080000000, 0x0000000100000000)
  region size 1024K, 26 young (26624K), 1 survivors (1024K)
 Metaspace       used 41329K, committed 42304K, reserved 1114112K
  class space    used 5758K, committed 6208K, reserved 1048576K
}
Event: 10.348 GC heap after
{Heap after GC invocations=12 (full 0):
 garbage-first heap   total 97280K, used 62280K [0x0000000080000000, 0x0000000100000000)
  region size 1024K, 3 young (3072K), 3 survivors (3072K)
 Metaspace       used 41329K, committed 42304K, reserved 1114112K
  class space    used 5758K, committed 6208K, reserved 1048576K
}
Event: 11.138 GC heap before
{Heap before GC invocations=13 (full 0):
 garbage-first heap   total 106496K, used 85832K [0x0000000080000000, 0x0000000100000000)
  region size 1024K, 27 young (27648K), 3 survivors (3072K)
 Metaspace       used 46098K, committed 47104K, reserved 1114112K
  class space    used 6223K, committed 6720K, reserved 1048576K
}
Event: 11.145 GC heap after
{Heap after GC invocations=14 (full 0):
 garbage-first heap   total 106496K, used 64984K [0x0000000080000000, 0x0000000100000000)
  region size 1024K, 4 young (4096K), 4 survivors (4096K)
 Metaspace       used 46098K, committed 47104K, reserved 1114112K
  class space    used 6223K, committed 6720K, reserved 1048576K
}
Event: 11.826 GC heap before
{Heap before GC invocations=14 (full 0):
 garbage-first heap   total 106496K, used 99800K [0x0000000080000000, 0x0000000100000000)
  region size 1024K, 34 young (34816K), 4 survivors (4096K)
 Metaspace       used 48706K, committed 49728K, reserved 1114112K
  class space    used 6475K, committed 6976K, reserved 1048576K
}
Event: 11.835 GC heap after
{Heap after GC invocations=15 (full 0):
 garbage-first heap   total 108544K, used 67261K [0x0000000080000000, 0x0000000100000000)
  region size 1024K, 5 young (5120K), 5 survivors (5120K)
 Metaspace       used 48706K, committed 49728K, reserved 1114112K
  class space    used 6475K, committed 6976K, reserved 1048576K
}
Event: 12.507 GC heap before
{Heap before GC invocations=15 (full 0):
 garbage-first heap   total 108544K, used 96957K [0x0000000080000000, 0x0000000100000000)
  region size 1024K, 34 young (34816K), 5 survivors (5120K)
 Metaspace       used 51932K, committed 53248K, reserved 1114112K
  class space    used 7026K, committed 7680K, reserved 1048576K
}
Event: 12.514 GC heap after
{Heap after GC invocations=16 (full 0):
 garbage-first heap   total 108544K, used 69230K [0x0000000080000000, 0x0000000100000000)
  region size 1024K, 2 young (2048K), 2 survivors (2048K)
 Metaspace       used 51932K, committed 53248K, reserved 1114112K
  class space    used 7026K, committed 7680K, reserved 1048576K
}
Event: 13.223 GC heap before
{Heap before GC invocations=17 (full 0):
 garbage-first heap   total 116736K, used 98926K [0x0000000080000000, 0x0000000100000000)
  region size 1024K, 31 young (31744K), 2 survivors (2048K)
 Metaspace       used 55531K, committed 56960K, reserved 1114112K
  class space    used 7631K, committed 8320K, reserved 1048576K
}
Event: 13.229 GC heap after
{Heap after GC invocations=18 (full 0):
 garbage-first heap   total 116736K, used 70582K [0x0000000080000000, 0x0000000100000000)
  region size 1024K, 4 young (4096K), 4 survivors (4096K)
 Metaspace       used 55531K, committed 56960K, reserved 1114112K
  class space    used 7631K, committed 8320K, reserved 1048576K
}
Event: 15.654 GC heap before
{Heap before GC invocations=18 (full 0):
 garbage-first heap   total 122880K, used 120758K [0x0000000080000000, 0x0000000100000000)
  region size 1024K, 38 young (38912K), 4 survivors (4096K)
 Metaspace       used 57974K, committed 59520K, reserved 1114112K
  class space    used 8016K, committed 8768K, reserved 1048576K
}
Event: 15.663 GC heap after
{Heap after GC invocations=19 (full 0):
 garbage-first heap   total 130048K, used 90007K [0x0000000080000000, 0x0000000100000000)
  region size 1024K, 5 young (5120K), 5 survivors (5120K)
 Metaspace       used 57974K, committed 59520K, reserved 1114112K
  class space    used 8016K, committed 8768K, reserved 1048576K
}
Event: 15.717 GC heap before
{Heap before GC invocations=19 (full 0):
 garbage-first heap   total 130048K, used 93079K [0x0000000080000000, 0x0000000100000000)
  region size 1024K, 10 young (10240K), 5 survivors (5120K)
 Metaspace       used 58385K, committed 59968K, reserved 1114112K
  class space    used 8045K, committed 8832K, reserved 1048576K
}
Event: 15.722 GC heap after
{Heap after GC invocations=20 (full 0):
 garbage-first heap   total 130048K, used 91344K [0x0000000080000000, 0x0000000100000000)
  region size 1024K, 2 young (2048K), 2 survivors (2048K)
 Metaspace       used 58385K, committed 59968K, reserved 1114112K
  class space    used 8045K, committed 8832K, reserved 1048576K
}

Dll operation events (3 events):
Event: 0.017 Loaded shared library D:\AndroidStudioWork\AndroidSetup\jbr\bin\java.dll
Event: 0.029 Loaded shared library D:\AndroidStudioWork\AndroidSetup\jbr\bin\zip.dll
Event: 2.320 Loaded shared library D:\AndroidStudioWork\AndroidSetup\jbr\bin\verify.dll

Deoptimization events (20 events):
Event: 15.573 Thread 0x000001eefeb47db0 Uncommon trap: trap_request=0xffffff45 fr.pc=0x000001eef02abcfc relative=0x000000000000131c
Event: 15.573 Thread 0x000001eefeb47db0 Uncommon trap: reason=unstable_if action=reinterpret pc=0x000001eef02abcfc method=java.lang.ClassLoader.postDefineClass(Ljava/lang/Class;Ljava/security/ProtectionDomain;)V @ 17 c2
Event: 15.573 Thread 0x000001eefeb47db0 DEOPT PACKING pc=0x000001eef02abcfc sp=0x000000d5c79f7440
Event: 15.573 Thread 0x000001eefeb47db0 DEOPT UNPACKING pc=0x000001eeefb446a2 sp=0x000000d5c79f7440 mode 2
Event: 15.573 Thread 0x000001eefeb47db0 Uncommon trap: trap_request=0xffffff45 fr.pc=0x000001eef02e34ac relative=0x0000000000006dac
Event: 15.573 Thread 0x000001eefeb47db0 Uncommon trap: reason=unstable_if action=reinterpret pc=0x000001eef02e34ac method=java.lang.ClassLoader.loadClass(Ljava/lang/String;Z)Ljava/lang/Class; @ 29 c2
Event: 15.573 Thread 0x000001eefeb47db0 DEOPT PACKING pc=0x000001eef02e34ac sp=0x000000d5c79f3320
Event: 15.573 Thread 0x000001eefeb47db0 DEOPT UNPACKING pc=0x000001eeefb446a2 sp=0x000000d5c79f3398 mode 2
Event: 15.605 Thread 0x000001eefeb47db0 Uncommon trap: trap_request=0xffffff76 fr.pc=0x000001eef01bb20c relative=0x00000000000001cc
Event: 15.605 Thread 0x000001eefeb47db0 Uncommon trap: reason=predicate action=maybe_recompile pc=0x000001eef01bb20c method=sun.instrument.TransformerManager.transform(Ljava/lang/Module;Ljava/lang/ClassLoader;Ljava/lang/String;Ljava/lang/Class;Ljava/security/ProtectionDomain;[B)[B @ 21 c2
Event: 15.605 Thread 0x000001eefeb47db0 DEOPT PACKING pc=0x000001eef01bb20c sp=0x000000d5c79f58a0
Event: 15.605 Thread 0x000001eefeb47db0 DEOPT UNPACKING pc=0x000001eeefb446a2 sp=0x000000d5c79f5848 mode 2
Event: 15.781 Thread 0x000001eefeb47db0 Uncommon trap: trap_request=0xffffffbe fr.pc=0x000001eef0384968 relative=0x0000000000000368
Event: 15.781 Thread 0x000001eefeb47db0 Uncommon trap: reason=profile_predicate action=maybe_recompile pc=0x000001eef0384968 method=sun.instrument.TransformerManager.transform(Ljava/lang/Module;Ljava/lang/ClassLoader;Ljava/lang/String;Ljava/lang/Class;Ljava/security/ProtectionDomain;[B)[B @ 21 
Event: 15.781 Thread 0x000001eefeb47db0 DEOPT PACKING pc=0x000001eef0384968 sp=0x000000d5c79f61a0
Event: 15.781 Thread 0x000001eefeb47db0 DEOPT UNPACKING pc=0x000001eeefb446a2 sp=0x000000d5c79f6070 mode 2
Event: 15.783 Thread 0x000001eefeb47db0 Uncommon trap: trap_request=0xffffffbe fr.pc=0x000001eef0384968 relative=0x0000000000000368
Event: 15.783 Thread 0x000001eefeb47db0 Uncommon trap: reason=profile_predicate action=maybe_recompile pc=0x000001eef0384968 method=sun.instrument.TransformerManager.transform(Ljava/lang/Module;Ljava/lang/ClassLoader;Ljava/lang/String;Ljava/lang/Class;Ljava/security/ProtectionDomain;[B)[B @ 21 
Event: 15.783 Thread 0x000001eefeb47db0 DEOPT PACKING pc=0x000001eef0384968 sp=0x000000d5c79f61a0
Event: 15.783 Thread 0x000001eefeb47db0 DEOPT UNPACKING pc=0x000001eeefb446a2 sp=0x000000d5c79f6070 mode 2

Classes loaded (20 events):
Event: 14.019 Loading class sun/misc/SharedSecrets
Event: 14.019 Loading class sun/misc/SharedSecrets done
Event: 15.383 Loading class java/util/concurrent/LinkedBlockingDeque$Itr
Event: 15.383 Loading class java/util/concurrent/LinkedBlockingDeque$AbstractItr
Event: 15.383 Loading class java/util/concurrent/LinkedBlockingDeque$AbstractItr done
Event: 15.384 Loading class java/util/concurrent/LinkedBlockingDeque$Itr done
Event: 15.560 Loading class java/lang/ClassBeanInfo
Event: 15.560 Loading class java/lang/ClassBeanInfo done
Event: 15.561 Loading class java/lang/ClassBeanInfo
Event: 15.561 Loading class java/lang/ClassBeanInfo done
Event: 15.561 Loading class java/lang/ClassCustomizer
Event: 15.561 Loading class java/lang/ClassCustomizer done
Event: 15.562 Loading class java/lang/ClassCustomizer
Event: 15.562 Loading class java/lang/ClassCustomizer done
Event: 15.563 Loading class sun/reflect/generics/tree/BooleanSignature
Event: 15.563 Loading class sun/reflect/generics/tree/BooleanSignature done
Event: 15.563 Loading class sun/reflect/generics/reflectiveObjects/GenericArrayTypeImpl
Event: 15.563 Loading class sun/reflect/generics/reflectiveObjects/GenericArrayTypeImpl done
Event: 15.568 Loading class jdk/internal/vm/annotation/ForceInline
Event: 15.568 Loading class jdk/internal/vm/annotation/ForceInline done

Classes unloaded (0 events):
No events

Classes redefined (0 events):
No events

Internal exceptions (20 events):
Event: 15.521 Thread 0x000001eefeb47db0 Exception <a 'java/lang/ClassNotFoundException'{0x0000000085342528}: org/gradle/api/internal/plugins/DefaultObjectConfigurationActionCustomizer> (0x0000000085342528) 
thrown [s\src\hotspot\share\classfile\systemDictionary.cpp, line 312]
Event: 15.538 Thread 0x000001eefeb47db0 Exception <a 'java/lang/ClassNotFoundException'{0x0000000085206580}: JetGradlePluginBeanInfo> (0x0000000085206580) 
thrown [s\src\hotspot\share\classfile\systemDictionary.cpp, line 312]
Event: 15.539 Thread 0x000001eefeb47db0 Exception <a 'java/lang/ClassNotFoundException'{0x00000000852132b8}: JetGradlePluginCustomizer> (0x00000000852132b8) 
thrown [s\src\hotspot\share\classfile\systemDictionary.cpp, line 312]
Event: 15.544 Thread 0x000001eefeb47db0 Exception <a 'java/lang/ClassNotFoundException'{0x0000000085244fa8}: groovy/lang/ReferenceBeanInfo> (0x0000000085244fa8) 
thrown [s\src\hotspot\share\classfile\systemDictionary.cpp, line 312]
Event: 15.546 Thread 0x000001eefeb47db0 Exception <a 'java/lang/ClassNotFoundException'{0x0000000085258ba0}: groovy/lang/ReferenceCustomizer> (0x0000000085258ba0) 
thrown [s\src\hotspot\share\classfile\systemDictionary.cpp, line 312]
Event: 15.556 Thread 0x000001eefeb47db0 Exception <a 'java/lang/ClassNotFoundException'{0x00000000852b1258}: com/intellij/gradle/toolingExtension/impl/model/utilDummyModel/DummyModelBeanInfo> (0x00000000852b1258) 
thrown [s\src\hotspot\share\classfile\systemDictionary.cpp, line 312]
Event: 15.557 Thread 0x000001eefeb47db0 Exception <a 'java/lang/ClassNotFoundException'{0x00000000852bcd08}: com/intellij/gradle/toolingExtension/impl/model/utilDummyModel/DummyModelCustomizer> (0x00000000852bcd08) 
thrown [s\src\hotspot\share\classfile\systemDictionary.cpp, line 312]
Event: 15.561 Thread 0x000001eefeb47db0 Exception <a 'java/lang/ClassNotFoundException'{0x00000000852edcb0}: java/lang/ClassBeanInfo> (0x00000000852edcb0) 
thrown [s\src\hotspot\share\classfile\systemDictionary.cpp, line 312]
Event: 15.562 Thread 0x000001eefeb47db0 Exception <a 'java/lang/ClassNotFoundException'{0x00000000852f7128}: java/lang/ClassCustomizer> (0x00000000852f7128) 
thrown [s\src\hotspot\share\classfile\systemDictionary.cpp, line 312]
Event: 15.573 Thread 0x000001eefeb47db0 Implicit null exception at 0x000001eef02ab3d2 to 0x000001eef02abcec
Event: 15.579 Thread 0x000001eefeb47db0 Exception <a 'java/lang/ClassNotFoundException'{0x0000000084dc8fb8}: org/gradle/tooling/provider/model/internal/DefaultToolingModelBuilderRegistryBeanInfo> (0x0000000084dc8fb8) 
thrown [s\src\hotspot\share\classfile\systemDictionary.cpp, line 312]
Event: 15.581 Thread 0x000001eefeb47db0 Exception <a 'java/lang/ClassNotFoundException'{0x0000000084ddf098}: org/gradle/tooling/provider/model/internal/DefaultToolingModelBuilderRegistryCustomizer> (0x0000000084ddf098) 
thrown [s\src\hotspot\share\classfile\systemDictionary.cpp, line 312]
Event: 15.590 Thread 0x000001eefeb47db0 Exception <a 'java/lang/ClassNotFoundException'{0x0000000084c3f6d0}: org/gradle/internal/service/ScopedServiceRegistryBeanInfo> (0x0000000084c3f6d0) 
thrown [s\src\hotspot\share\classfile\systemDictionary.cpp, line 312]
Event: 15.591 Thread 0x000001eefeb47db0 Exception <a 'java/lang/ClassNotFoundException'{0x0000000084c54e20}: org/gradle/internal/service/DefaultServiceRegistryBeanInfo> (0x0000000084c54e20) 
thrown [s\src\hotspot\share\classfile\systemDictionary.cpp, line 312]
Event: 15.592 Thread 0x000001eefeb47db0 Exception <a 'java/lang/ClassNotFoundException'{0x0000000084c6a2f0}: org/gradle/internal/service/DefaultServiceRegistryCustomizer> (0x0000000084c6a2f0) 
thrown [s\src\hotspot\share\classfile\systemDictionary.cpp, line 312]
Event: 15.594 Thread 0x000001eefeb47db0 Exception <a 'java/lang/ClassNotFoundException'{0x0000000084c8d788}: org/gradle/internal/service/ScopedServiceRegistryCustomizer> (0x0000000084c8d788) 
thrown [s\src\hotspot\share\classfile\systemDictionary.cpp, line 312]
Event: 15.600 Thread 0x000001eefeb47db0 Exception <a 'java/lang/ClassNotFoundException'{0x0000000084cd9190}: org/gradle/internal/extensibility/DefaultConventionBeanInfo> (0x0000000084cd9190) 
thrown [s\src\hotspot\share\classfile\systemDictionary.cpp, line 312]
Event: 15.601 Thread 0x000001eefeb47db0 Exception <a 'java/lang/ClassNotFoundException'{0x0000000084cedbb8}: org/gradle/internal/extensibility/DefaultConventionCustomizer> (0x0000000084cedbb8) 
thrown [s\src\hotspot\share\classfile\systemDictionary.cpp, line 312]
Event: 15.611 Thread 0x000001eefeb47db0 Exception <a 'java/lang/ClassNotFoundException'{0x0000000084b87c10}: com/intellij/gradle/toolingExtension/impl/modelBuilder/ExtraModelBuilderBeanInfo> (0x0000000084b87c10) 
thrown [s\src\hotspot\share\classfile\systemDictionary.cpp, line 312]
Event: 15.611 Thread 0x000001eefeb47db0 Exception <a 'java/lang/ClassNotFoundException'{0x0000000084b93698}: com/intellij/gradle/toolingExtension/impl/modelBuilder/ExtraModelBuilderCustomizer> (0x0000000084b93698) 
thrown [s\src\hotspot\share\classfile\systemDictionary.cpp, line 312]

ZGC Phase Switch (0 events):
No events

VM Operations (20 events):
Event: 12.774 Executing VM operation: HandshakeAllThreads (Deoptimize) done
Event: 13.223 Executing VM operation: G1CollectForAllocation (G1 Evacuation Pause)
Event: 13.229 Executing VM operation: G1CollectForAllocation (G1 Evacuation Pause) done
Event: 13.262 Executing VM operation: HandshakeAllThreads (Deoptimize)
Event: 13.262 Executing VM operation: HandshakeAllThreads (Deoptimize) done
Event: 13.421 Executing VM operation: HandshakeAllThreads (Deoptimize)
Event: 13.421 Executing VM operation: HandshakeAllThreads (Deoptimize) done
Event: 14.184 Executing VM operation: ICBufferFull
Event: 14.185 Executing VM operation: ICBufferFull done
Event: 15.195 Executing VM operation: Cleanup
Event: 15.195 Executing VM operation: Cleanup done
Event: 15.395 Executing VM operation: HandshakeAllThreads (Deoptimize)
Event: 15.395 Executing VM operation: HandshakeAllThreads (Deoptimize) done
Event: 15.586 Executing VM operation: HandshakeAllThreads (Deoptimize)
Event: 15.586 Executing VM operation: HandshakeAllThreads (Deoptimize) done
Event: 15.653 Executing VM operation: G1CollectForAllocation (G1 Evacuation Pause)
Event: 15.663 Executing VM operation: G1CollectForAllocation (G1 Evacuation Pause) done
Event: 15.717 Executing VM operation: G1TryInitiateConcMark (G1 Humongous Allocation)
Event: 15.722 Executing VM operation: G1TryInitiateConcMark (G1 Humongous Allocation) done
Event: 15.784 Executing VM operation: G1PauseRemark

Memory protections (0 events):
No events

Nmethod flushes (20 events):
Event: 15.787 Thread 0x000001eefcb34760 flushing  nmethod 0x000001eee88ba990
Event: 15.787 Thread 0x000001eefcb34760 flushing  nmethod 0x000001eee8946110
Event: 15.787 Thread 0x000001eefcb34760 flushing  nmethod 0x000001eee8980110
Event: 15.787 Thread 0x000001eefcb34760 flushing  nmethod 0x000001eee8982490
Event: 15.787 Thread 0x000001eefcb34760 flushing  nmethod 0x000001eee8984e90
Event: 15.787 Thread 0x000001eefcb34760 flushing  nmethod 0x000001eee8985790
Event: 15.787 Thread 0x000001eefcb34760 flushing  nmethod 0x000001eee8aad210
Event: 15.787 Thread 0x000001eefcb34760 flushing  nmethod 0x000001eee8aadf10
Event: 15.787 Thread 0x000001eefcb34760 flushing  nmethod 0x000001eee8aae410
Event: 15.787 Thread 0x000001eefcb34760 flushing  nmethod 0x000001eee8b01b10
Event: 15.787 Thread 0x000001eefcb34760 flushing  nmethod 0x000001eee8b51090
Event: 15.787 Thread 0x000001eefcb34760 flushing  nmethod 0x000001eee8b99610
Event: 15.787 Thread 0x000001eefcb34760 flushing  nmethod 0x000001eee8b9af10
Event: 15.787 Thread 0x000001eefcb34760 flushing  nmethod 0x000001eee8c70310
Event: 15.787 Thread 0x000001eefcb34760 flushing  nmethod 0x000001eee8c9bd90
Event: 15.787 Thread 0x000001eefcb34760 flushing  nmethod 0x000001eee8c9c890
Event: 15.787 Thread 0x000001eefcb34760 flushing  nmethod 0x000001eee8c9d290
Event: 15.787 Thread 0x000001eefcb34760 flushing  nmethod 0x000001eee8c9d810
Event: 15.787 Thread 0x000001eefcb34760 flushing  nmethod 0x000001eee8c9e010
Event: 15.787 Thread 0x000001eefcb34760 flushing  nmethod 0x000001eee8ca0510

Events (20 events):
Event: 13.899 Thread 0x000001eefeb47db0 Thread added: 0x000001ee860ab6b0
Event: 14.103 Thread 0x000001eefeb47db0 Thread added: 0x000001ee860aa990
Event: 14.105 Thread 0x000001eefeb47db0 Thread added: 0x000001ee860a9c70
Event: 14.105 Thread 0x000001eefeb47db0 Thread added: 0x000001ee860abd40
Event: 14.106 Thread 0x000001eefeb47db0 Thread added: 0x000001ee860ac3d0
Event: 14.107 Thread 0x000001eefeb47db0 Thread added: 0x000001ee860ad0f0
Event: 14.108 Thread 0x000001eefeb47db0 Thread added: 0x000001ee860aa300
Event: 14.109 Thread 0x000001eefeb47db0 Thread added: 0x000001ee860aca60
Event: 14.124 Thread 0x000001eefeb47db0 Thread added: 0x000001ee869e20b0
Event: 14.125 Thread 0x000001eefeb47db0 Thread added: 0x000001ee869e4180
Event: 14.126 Thread 0x000001eefeb47db0 Thread added: 0x000001ee869e3af0
Event: 14.127 Thread 0x000001eefeb47db0 Thread added: 0x000001ee869e4810
Event: 14.128 Thread 0x000001eefeb47db0 Thread added: 0x000001ee869e4ea0
Event: 14.128 Thread 0x000001eefeb47db0 Thread added: 0x000001ee869e2740
Event: 14.129 Thread 0x000001eefeb47db0 Thread added: 0x000001ee869e3460
Event: 14.158 Thread 0x000001eefccf6140 Thread added: 0x000001eefeab7b00
Event: 14.785 Thread 0x000001eefeab7b00 Thread exited: 0x000001eefeab7b00
Event: 14.786 Thread 0x000001eefeab6690 Thread exited: 0x000001eefeab6690
Event: 15.573 Thread 0x000001eefccf6140 Thread added: 0x000001eefeab5220
Event: 15.775 Thread 0x000001eefeab5220 Thread exited: 0x000001eefeab5220


Dynamic libraries:
0x00007ff7f3a70000 - 0x00007ff7f3a7a000 	D:\AndroidStudioWork\AndroidSetup\jbr\bin\java.exe
0x00007ffead660000 - 0x00007ffead8c7000 	C:\WINDOWS\SYSTEM32\ntdll.dll
0x00007ffeabf80000 - 0x00007ffeac049000 	C:\WINDOWS\System32\KERNEL32.DLL
0x00007ffeaabc0000 - 0x00007ffeaafaf000 	C:\WINDOWS\System32\KERNELBASE.dll
0x00007ffeab080000 - 0x00007ffeab1cb000 	C:\WINDOWS\System32\ucrtbase.dll
0x00007ffea5180000 - 0x00007ffea5198000 	D:\AndroidStudioWork\AndroidSetup\jbr\bin\jli.dll
0x00007ffea72a0000 - 0x00007ffea72bb000 	D:\AndroidStudioWork\AndroidSetup\jbr\bin\VCRUNTIME140.dll
0x00007ffeab400000 - 0x00007ffeab5c5000 	C:\WINDOWS\System32\USER32.dll
0x00007ffeab340000 - 0x00007ffeab367000 	C:\WINDOWS\System32\win32u.dll
0x00007ffe8f100000 - 0x00007ffe8f393000 	C:\WINDOWS\WinSxS\amd64_microsoft.windows.common-controls_6595b64144ccf1df_6.0.26100.7309_none_3e05feeae336a044\COMCTL32.dll
0x00007ffeac960000 - 0x00007ffeac98b000 	C:\WINDOWS\System32\GDI32.dll
0x00007ffeabc80000 - 0x00007ffeabd29000 	C:\WINDOWS\System32\msvcrt.dll
0x00007ffeaa9e0000 - 0x00007ffeaab0c000 	C:\WINDOWS\System32\gdi32full.dll
0x00007ffeaa930000 - 0x00007ffeaa9d3000 	C:\WINDOWS\System32\msvcp_win.dll
0x00007ffeabc40000 - 0x00007ffeabc71000 	C:\WINDOWS\System32\IMM32.DLL
0x00007ffea3dd0000 - 0x00007ffea3ddc000 	D:\AndroidStudioWork\AndroidSetup\jbr\bin\vcruntime140_1.dll
0x00007ffea2610000 - 0x00007ffea269d000 	D:\AndroidStudioWork\AndroidSetup\jbr\bin\msvcp140.dll
0x00007ffe13fd0000 - 0x00007ffe14c5e000 	D:\AndroidStudioWork\AndroidSetup\jbr\bin\server\jvm.dll
0x00007ffeacb10000 - 0x00007ffeacbc4000 	C:\WINDOWS\System32\ADVAPI32.dll
0x00007ffeab6d0000 - 0x00007ffeab776000 	C:\WINDOWS\System32\sechost.dll
0x00007ffead490000 - 0x00007ffead5a8000 	C:\WINDOWS\System32\RPCRT4.dll
0x00007ffeacbe0000 - 0x00007ffeacc54000 	C:\WINDOWS\System32\WS2_32.dll
0x00007ffeaa610000 - 0x00007ffeaa66e000 	C:\WINDOWS\SYSTEM32\POWRPROF.dll
0x00007ffe91070000 - 0x00007ffe910a5000 	C:\WINDOWS\SYSTEM32\WINMM.dll
0x00007ffea2360000 - 0x00007ffea236b000 	C:\WINDOWS\SYSTEM32\VERSION.dll
0x00007ffeaa5f0000 - 0x00007ffeaa604000 	C:\WINDOWS\SYSTEM32\UMPDC.dll
0x00007ffea9520000 - 0x00007ffea953b000 	C:\WINDOWS\SYSTEM32\kernel.appcore.dll
0x00007ffea39b0000 - 0x00007ffea39ba000 	D:\AndroidStudioWork\AndroidSetup\jbr\bin\jimage.dll
0x00007ffea7e30000 - 0x00007ffea8072000 	C:\WINDOWS\SYSTEM32\DBGHELP.DLL
0x00007ffeac050000 - 0x00007ffeac3d5000 	C:\WINDOWS\System32\combase.dll
0x00007ffeac3e0000 - 0x00007ffeac4b6000 	C:\WINDOWS\System32\OLEAUT32.dll
0x00007ffe8ee20000 - 0x00007ffe8ee5c000 	C:\WINDOWS\SYSTEM32\dbgcore.DLL
0x00007ffeaab10000 - 0x00007ffeaabb5000 	C:\WINDOWS\System32\bcryptPrimitives.dll
0x00007ffea6f60000 - 0x00007ffea6f6e000 	D:\AndroidStudioWork\AndroidSetup\jbr\bin\instrument.dll
0x00007ffea3810000 - 0x00007ffea3830000 	D:\AndroidStudioWork\AndroidSetup\jbr\bin\java.dll
0x00007ffea2a60000 - 0x00007ffea2a78000 	D:\AndroidStudioWork\AndroidSetup\jbr\bin\zip.dll
0x00007ffeacd30000 - 0x00007ffead483000 	C:\WINDOWS\System32\SHELL32.dll
0x00007ffeab1d0000 - 0x00007ffeab33a000 	C:\WINDOWS\System32\wintypes.dll
0x00007ffea8390000 - 0x00007ffea8bee000 	C:\WINDOWS\SYSTEM32\windows.storage.dll
0x00007ffeabb40000 - 0x00007ffeabc35000 	C:\WINDOWS\System32\SHCORE.dll
0x00007ffeabad0000 - 0x00007ffeabb36000 	C:\WINDOWS\System32\shlwapi.dll
0x00007ffeaa6d0000 - 0x00007ffeaa6f9000 	C:\WINDOWS\SYSTEM32\profapi.dll
0x00007ffea39a0000 - 0x00007ffea39b0000 	D:\AndroidStudioWork\AndroidSetup\jbr\bin\net.dll
0x00007ffea1500000 - 0x00007ffea1628000 	C:\WINDOWS\SYSTEM32\WINHTTP.dll
0x00007ffea9a70000 - 0x00007ffea9adb000 	C:\WINDOWS\system32\mswsock.dll
0x00007ffea2430000 - 0x00007ffea2446000 	D:\AndroidStudioWork\AndroidSetup\jbr\bin\nio.dll
0x00007ffe96f40000 - 0x00007ffe96f50000 	D:\AndroidStudioWork\AndroidSetup\jbr\bin\verify.dll
0x00007ffe8ddf0000 - 0x00007ffe8de17000 	C:\Users\HANZALLAH\.gradle\native\1def1411415f61bf3af743bc5b6707747c0891f09f0c88961ee8f79bc544acac\windows-amd64\native-platform.dll
0x00007ffe86ba0000 - 0x00007ffe86c18000 	C:\Users\HANZALLAH\.gradle\native\0.2.7\x86_64-windows-gnu\gradle-fileevents.dll
0x00007ffea37e0000 - 0x00007ffea37e9000 	D:\AndroidStudioWork\AndroidSetup\jbr\bin\management.dll
0x00007ffe9b160000 - 0x00007ffe9b16b000 	D:\AndroidStudioWork\AndroidSetup\jbr\bin\management_ext.dll
0x00007ffeac950000 - 0x00007ffeac958000 	C:\WINDOWS\System32\PSAPI.DLL
0x00007ffea8f60000 - 0x00007ffea8f94000 	C:\WINDOWS\SYSTEM32\IPHLPAPI.DLL
0x00007ffeacb00000 - 0x00007ffeacb0a000 	C:\WINDOWS\System32\NSI.dll
0x00007ffea3800000 - 0x00007ffea3809000 	D:\AndroidStudioWork\AndroidSetup\jbr\bin\extnet.dll
0x00007ffea9e60000 - 0x00007ffea9e7b000 	C:\WINDOWS\SYSTEM32\CRYPTSP.dll
0x00007ffea9480000 - 0x00007ffea94ba000 	C:\WINDOWS\system32\rsaenh.dll
0x00007ffea9b20000 - 0x00007ffea9b4b000 	C:\WINDOWS\SYSTEM32\USERENV.dll
0x00007ffeaa6a0000 - 0x00007ffeaa6ca000 	C:\WINDOWS\SYSTEM32\bcrypt.dll
0x00007ffea9cc0000 - 0x00007ffea9ccc000 	C:\WINDOWS\SYSTEM32\CRYPTBASE.dll
0x00007ffea51d0000 - 0x00007ffea51d8000 	C:\WINDOWS\system32\wshunix.dll

dbghelp: loaded successfully - version: 4.0.5 - missing functions: none
symbol engine: initialized successfully - sym options: 0x614 - pdb path: .;D:\AndroidStudioWork\AndroidSetup\jbr\bin;C:\WINDOWS\SYSTEM32;C:\WINDOWS\WinSxS\amd64_microsoft.windows.common-controls_6595b64144ccf1df_6.0.26100.7309_none_3e05feeae336a044;D:\AndroidStudioWork\AndroidSetup\jbr\bin\server;C:\Users\HANZALLAH\.gradle\native\1def1411415f61bf3af743bc5b6707747c0891f09f0c88961ee8f79bc544acac\windows-amd64;C:\Users\HANZALLAH\.gradle\native\0.2.7\x86_64-windows-gnu

VM Arguments:
jvm_args: --add-opens=java.base/java.lang=ALL-UNNAMED --add-opens=java.base/java.lang.invoke=ALL-UNNAMED --add-opens=java.base/java.util=ALL-UNNAMED --add-opens=java.prefs/java.util.prefs=ALL-UNNAMED --add-exports=jdk.compiler/com.sun.tools.javac.api=ALL-UNNAMED --add-exports=jdk.compiler/com.sun.tools.javac.util=ALL-UNNAMED --add-opens=java.base/java.util=ALL-UNNAMED --add-opens=java.prefs/java.util.prefs=ALL-UNNAMED --add-opens=java.base/java.nio.charset=ALL-UNNAMED --add-opens=java.base/java.net=ALL-UNNAMED --add-opens=java.base/java.util.concurrent.atomic=ALL-UNNAMED --add-opens=java.xml/javax.xml.namespace=ALL-UNNAMED -Xmx2048m -Dfile.encoding=UTF-8 -Duser.country=US -Duser.language=en -Duser.variant -javaagent:C:\Users\HANZALLAH\.gradle\wrapper\dists\gradle-8.13-bin\5xuhj0ry160q40clulazy9h7d\gradle-8.13\lib\agents\gradle-instrumentation-agent-8.13.jar 
java_command: org.gradle.launcher.daemon.bootstrap.GradleDaemon 8.13
java_class_path (initial): C:\Users\HANZALLAH\.gradle\wrapper\dists\gradle-8.13-bin\5xuhj0ry160q40clulazy9h7d\gradle-8.13\lib\gradle-daemon-main-8.13.jar
Launcher Type: SUN_STANDARD

[Global flags]
     intx CICompilerCount                          = 4                                         {product} {ergonomic}
     uint ConcGCThreads                            = 2                                         {product} {ergonomic}
     uint G1ConcRefinementThreads                  = 8                                         {product} {ergonomic}
   size_t G1HeapRegionSize                         = 1048576                                   {product} {ergonomic}
    uintx GCDrainStackTargetSize                   = 64                                        {product} {ergonomic}
   size_t InitialHeapSize                          = 266338304                                 {product} {ergonomic}
   size_t MarkStackSize                            = 4194304                                   {product} {ergonomic}
   size_t MaxHeapSize                              = 2147483648                                {product} {command line}
   size_t MaxNewSize                               = 1287651328                                {product} {ergonomic}
   size_t MinHeapDeltaBytes                        = 1048576                                   {product} {ergonomic}
   size_t MinHeapSize                              = 8388608                                   {product} {ergonomic}
    uintx NonNMethodCodeHeapSize                   = 5839372                                {pd product} {ergonomic}
    uintx NonProfiledCodeHeapSize                  = 122909434                              {pd product} {ergonomic}
    uintx ProfiledCodeHeapSize                     = 122909434                              {pd product} {ergonomic}
    uintx ReservedCodeCacheSize                    = 251658240                              {pd product} {ergonomic}
     bool SegmentedCodeCache                       = true                                      {product} {ergonomic}
   size_t SoftMaxHeapSize                          = 2147483648                             {manageable} {ergonomic}
     bool UseCompressedOops                        = true                           {product lp64_product} {ergonomic}
     bool UseG1GC                                  = true                                      {product} {ergonomic}
     bool UseLargePagesIndividualAllocation        = false                                  {pd product} {ergonomic}

Logging:
Log output configuration:
 #0: stdout all=warning uptime,level,tags foldmultilines=false
 #1: stderr all=off uptime,level,tags foldmultilines=false

Environment Variables:
PATH=C:\Python313\Scripts\;C:\Python313\;C:\Program Files\Common Files\Oracle\Java\javapath;C:\WINDOWS\system32;C:\WINDOWS;C:\WINDOWS\System32\Wbem;C:\WINDOWS\System32\WindowsPowerShell\v1.0\;C:\WINDOWS\System32\OpenSSH\;C:\Program Files\Git\cmd;C:\ProgramData\chocolatey\bin;C:\Program Files\nodejs\;C:\Program Files\Docker\Docker\resources\bin;C:\Users\HANZALLAH\AppData\Local\Microsoft\WindowsApps;D:\mydata\softwares\Microsoft VS Code\bin;C:\Users\HANZALLAH\AppData\Roaming\npm
USERNAME=HANZALLAH
OS=Windows_NT
PROCESSOR_IDENTIFIER=Intel64 Family 6 Model 142 Stepping 12, GenuineIntel
TMP=C:\Users\HANZAL~1\AppData\Local\Temp
TEMP=C:\Users\HANZAL~1\AppData\Local\Temp




Periodic native trim disabled

JNI global refs:
JNI global refs: 27, weak refs: 1

JNI global refs memory usage: 835, weak refs: 833

Process memory usage:
Resident Set Size: 293768K (1% of 16578848K total physical memory with 3408456K free physical memory)

OOME stack traces (most recent first):
Classloader memory used:
Loader org.gradle.internal.classloader.VisitableURLClassLoader                         : 27976K
Loader bootstrap                                                                       : 22461K
Loader org.gradle.initialization.MixInLegacyTypesClassLoader                           : 6528K
Loader org.gradle.internal.classloader.VisitableURLClassLoader                         : 732K
Loader org.gradle.internal.classloader.VisitableURLClassLoader$InstrumentingVisitableURLClassLoader: 574K
Loader jdk.internal.loader.ClassLoaders$PlatformClassLoader                            : 495K
Loader jdk.internal.loader.ClassLoaders$AppClassLoader                                 : 235K
Loader jdk.internal.reflect.DelegatingClassLoader                                      : 165K
Loader org.gradle.groovy.scripts.internal.DefaultScriptCompilationHandler$ScriptClassLoader: 91408B
Loader org.codehaus.groovy.runtime.callsite.CallSiteClassLoader                        : 49752B

Classes loaded by more than one classloader:
Class org.gradle.api.GradleException                                                  : loaded 3 times (x 80B)
Class org.gradle.internal.classloader.FilteringClassLoader                            : loaded 2 times (x 103B)
Class org.gradle.internal.classloader.ClassLoaderHierarchy                            : loaded 2 times (x 68B)
Class org.gradle.api.internal.classpath.ManifestUtil                                  : loaded 2 times (x 69B)
Class org.gradle.internal.operations.MultipleBuildOperationFailures                   : loaded 2 times (x 93B)
Class org.gradle.internal.classloader.DefaultClassLoaderFactory                       : loaded 2 times (x 80B)
Class kotlin.collections.AbstractList$Companion                                       : loaded 2 times (x 69B)
Class org.gradle.internal.classloader.ClassLoaderVisitor                              : loaded 2 times (x 74B)
Class org.gradle.api.internal.classpath.EffectiveClassPath                            : loaded 2 times (x 88B)
Class org.gradle.api.internal.DefaultClassPathProvider                                : loaded 2 times (x 74B)
Class [Lorg.gradle.api.internal.ClassPathProvider;                                    : loaded 2 times (x 67B)
Class org.gradle.api.internal.ClassPathProvider                                       : loaded 2 times (x 68B)
Class org.gradle.internal.service.UnknownServiceException                             : loaded 2 times (x 81B)
Class org.gradle.internal.classpath.TransformedClassPath                              : loaded 2 times (x 94B)
Class org.gradle.internal.classloader.InstrumentingClassLoader                        : loaded 2 times (x 68B)
Class kotlin.enums.EnumEntriesList                                                    : loaded 2 times (x 221B)
Class org.gradle.internal.service.ServiceLocator                                      : loaded 2 times (x 68B)
Class org.gradle.internal.InternalTransformer                                         : loaded 2 times (x 68B)
Class org.gradle.internal.time.DefaultTimer                                           : loaded 2 times (x 78B)
Class org.gradle.internal.classloader.ClasspathUtil$1                                 : loaded 2 times (x 74B)
Class org.gradle.api.internal.classpath.DefaultModuleRegistry$DefaultModule           : loaded 2 times (x 84B)
Class ijInit1_bct0kefh0rm3e8v8v6p0yz4fl                                               : loaded 2 times (x 177B)
Class org.gradle.internal.time.DefaultCountdownTimer                                  : loaded 2 times (x 86B)
Class kotlin.Function                                                                 : loaded 2 times (x 68B)
Class org.gradle.api.internal.classpath.Module                                        : loaded 2 times (x 68B)
Class org.gradle.api.internal.classpath.UnknownModuleException                        : loaded 2 times (x 80B)
Class org.gradle.api.internal.DefaultClassPathRegistry                                : loaded 2 times (x 74B)
Class org.gradle.api.internal.ClassPathRegistry                                       : loaded 2 times (x 68B)
Class org.gradle.internal.classpath.DefaultClassPath$ImmutableUniqueList              : loaded 2 times (x 197B)
Class org.gradle.internal.classpath.ClassPath                                         : loaded 2 times (x 68B)
Class org.gradle.api.UncheckedIOException                                             : loaded 2 times (x 80B)
Class kotlin.UninitializedPropertyAccessException                                     : loaded 2 times (x 80B)
Class org.gradle.internal.installation.GradleInstallation$1                           : loaded 2 times (x 73B)
Class org.gradle.api.internal.classpath.ModuleRegistry                                : loaded 2 times (x 68B)
Class org.gradle.api.internal.classpath.DefaultModuleRegistry                         : loaded 2 times (x 84B)
Class org.gradle.internal.time.MonotonicClock                                         : loaded 2 times (x 75B)
Class org.gradle.internal.service.ServiceLookupException                              : loaded 2 times (x 80B)
Class org.gradle.internal.classloader.ClassLoaderFactory                              : loaded 2 times (x 68B)
Class org.gradle.internal.service.CachingServiceLocator                               : loaded 2 times (x 80B)
Class org.gradle.internal.time.TimeSource                                             : loaded 2 times (x 68B)
Class kotlin.enums.EnumEntries                                                        : loaded 2 times (x 68B)
Class org.gradle.internal.exceptions.ResolutionProvider                               : loaded 2 times (x 68B)
Class org.gradle.internal.classloader.ClasspathUtil                                   : loaded 2 times (x 69B)
Class org.gradle.internal.time.TimeSource$1                                           : loaded 2 times (x 75B)
Class org.gradle.api.specs.Spec                                                       : loaded 2 times (x 68B)
Class org.gradle.internal.time.Clock                                                  : loaded 2 times (x 68B)
Class sync_studio_tooling7_476err36lve349w7y9s4ei7nm                                  : loaded 2 times (x 177B)
Class kotlin.collections.AbstractList                                                 : loaded 2 times (x 195B)
Class kotlin.collections.AbstractCollection                                           : loaded 2 times (x 115B)
Class org.gradle.internal.classloader.VisitableURLClassLoader$InstrumentingVisitableURLClassLoader: loaded 2 times (x 121B)
Class org.gradle.internal.classloader.VisitableURLClassLoader$Spec                    : loaded 2 times (x 72B)
Class org.gradle.internal.classpath.DefaultClassPath                                  : loaded 2 times (x 88B)
Class org.gradle.internal.classloader.ClassLoaderSpec                                 : loaded 2 times (x 69B)
Class org.gradle.internal.classloader.VisitableURLClassLoader                         : loaded 2 times (x 115B)
Class org.gradle.internal.Cast                                                        : loaded 2 times (x 69B)
Class org.gradle.api.Action                                                           : loaded 2 times (x 68B)
Class kotlin.jvm.functions.Function1                                                  : loaded 2 times (x 68B)
Class org.gradle.internal.classpath.DefaultClassPath$ImmutableUniqueList$Builder      : loaded 2 times (x 73B)
Class kotlin.NotImplementedError                                                      : loaded 2 times (x 80B)
Class org.gradle.internal.exceptions.NonGradleCauseExceptionsHolder                   : loaded 2 times (x 68B)
Class org.jetbrains.plugins.gradle.tooling.ModelBuilderService$Parameter              : loaded 2 times (x 68B)
Class kotlin.enums.EnumEntriesKt                                                      : loaded 2 times (x 69B)
Class org.gradle.internal.IoActions                                                   : loaded 2 times (x 69B)
Class org.gradle.internal.classloader.SystemClassLoaderSpec                           : loaded 2 times (x 69B)
Class org.gradle.internal.exceptions.MultiCauseException                              : loaded 2 times (x 68B)
Class org.gradle.internal.time.CountdownTimer                                         : loaded 2 times (x 68B)
Class kotlin.jvm.internal.Intrinsics                                                  : loaded 2 times (x 69B)
Class org.gradle.tooling.model.ProjectModel                                           : loaded 2 times (x 68B)
Class kotlin.KotlinNullPointerException                                               : loaded 2 times (x 81B)
Class org.gradle.internal.exceptions.DefaultMultiCauseException                       : loaded 2 times (x 93B)
Class org.gradle.internal.time.Time                                                   : loaded 2 times (x 69B)
Class org.gradle.api.internal.classpath.GlobalCacheRootsProvider                      : loaded 2 times (x 68B)
Class org.gradle.internal.time.Timer                                                  : loaded 2 times (x 68B)
Class kotlin.jvm.internal.markers.KMappedMarker                                       : loaded 2 times (x 68B)
Class org.gradle.internal.installation.CurrentGradleInstallationLocator               : loaded 2 times (x 69B)
Class org.gradle.internal.service.DefaultServiceLocator                               : loaded 2 times (x 81B)
Class org.gradle.util.GradleVersion                                                   : loaded 2 times (x 77B)
Class org.gradle.internal.installation.CurrentGradleInstallation                      : loaded 2 times (x 71B)
Class org.gradle.util.internal.GUtil                                                  : loaded 2 times (x 69B)
Class org.gradle.internal.installation.GradleInstallation                             : loaded 2 times (x 73B)

---------------  S Y S T E M  ---------------

OS:
 Windows 11 , 64 bit Build 26100 (10.0.26100.7309)
OS uptime: 12 days 20:38 hours
Hyper-V role detected

CPU: total 8 (initial active 8) (4 cores per cpu, 2 threads per core) family 6 model 142 stepping 12 microcode 0x100, cx8, cmov, fxsr, ht, mmx, 3dnowpref, sse, sse2, sse3, ssse3, sse4.1, sse4.2, popcnt, lzcnt, tsc, tscinvbit, avx, avx2, aes, erms, clmul, bmi1, bmi2, adx, fma, vzeroupper, clflush, clflushopt, hv, rdtscp, f16c
Processor Information for processor 0
  Max Mhz: 1992, Current Mhz: 1792, Mhz Limit: 1792
Processor Information for processor 1
  Max Mhz: 1992, Current Mhz: 1494, Mhz Limit: 1792
Processor Information for processor 2
  Max Mhz: 1992, Current Mhz: 1792, Mhz Limit: 1792
Processor Information for processor 3
  Max Mhz: 1992, Current Mhz: 1792, Mhz Limit: 1792
Processor Information for processor 4
  Max Mhz: 1992, Current Mhz: 1494, Mhz Limit: 1792
Processor Information for processor 5
  Max Mhz: 1992, Current Mhz: 1792, Mhz Limit: 1792
Processor Information for processor 6
  Max Mhz: 1992, Current Mhz: 1792, Mhz Limit: 1792
Processor Information for processor 7
  Max Mhz: 1992, Current Mhz: 1792, Mhz Limit: 1792

Memory: 4k page, system-wide physical 16190M (3320M free)
TotalPageFile size 35292M (AvailPageFile size 20M)
current process WorkingSet (physical memory assigned to process): 288M, peak: 326M
current process commit charge ("private bytes"): 339M, peak: 392M

vm_info: OpenJDK 64-Bit Server VM (21.0.7+-13880790-b1038.58) for windows-amd64 JRE (21.0.7+-13880790-b1038.58), built on 2025-08-04T20:56:21Z by "builder" with MS VC++ 16.10 / 16.11 (VS2019)

END.
