#
# There is insufficient memory for the Java Runtime Environment to continue.
# Native memory allocation (mmap) failed to map 30408704 bytes. Error detail: G1 virtual space
# Possible reasons:
#   The system is out of physical RAM or swap space
#   This process is running with CompressedOops enabled, and the Java Heap may be blocking the growth of the native heap
# Possible solutions:
#   Reduce memory load on the system
#   Increase physical memory or swap space
#   Check if swap backing store is full
#   Decrease Java heap size (-Xmx/-Xms)
#   Decrease number of Java threads
#   Decrease Java thread stack sizes (-Xss)
#   Set larger code cache with -XX:ReservedCodeCacheSize=
#   JVM is running with Unscaled Compressed Oops mode in which the Java heap is
#     placed in the first 4GB address space. The Java Heap base address is the
#     maximum limit for the native heap growth. Please use -XX:HeapBaseMinAddress
#     to set the Java Heap base and to place the Java Heap above 4GB virtual address.
# This output file may be truncated or incomplete.
#
#  Out of Memory Error (os_windows.cpp:3898), pid=1836, tid=15748
#
# JRE version: OpenJDK Runtime Environment (21.0.7) (build 21.0.7+-13880790-b1038.58)
# Java VM: OpenJDK 64-Bit Server VM (21.0.7+-13880790-b1038.58, mixed mode, tiered, compressed oops, compressed class ptrs, g1 gc, windows-amd64)
# No core dump will be written. Minidumps are not enabled by default on client versions of Windows
#

---------------  S U M M A R Y ------------

Command Line: --add-opens=java.base/java.lang=ALL-UNNAMED --add-opens=java.base/java.lang.invoke=ALL-UNNAMED --add-opens=java.base/java.util=ALL-UNNAMED --add-opens=java.prefs/java.util.prefs=ALL-UNNAMED --add-exports=jdk.compiler/com.sun.tools.javac.api=ALL-UNNAMED --add-exports=jdk.compiler/com.sun.tools.javac.util=ALL-UNNAMED --add-opens=java.base/java.util=ALL-UNNAMED --add-opens=java.prefs/java.util.prefs=ALL-UNNAMED --add-opens=java.base/java.nio.charset=ALL-UNNAMED --add-opens=java.base/java.net=ALL-UNNAMED --add-opens=java.base/java.util.concurrent.atomic=ALL-UNNAMED --add-opens=java.xml/javax.xml.namespace=ALL-UNNAMED -Xmx2048m -Dfile.encoding=UTF-8 -Duser.country=US -Duser.language=en -Duser.variant -javaagent:C:\Users\HANZALLAH\.gradle\wrapper\dists\gradle-8.13-bin\5xuhj0ry160q40clulazy9h7d\gradle-8.13\lib\agents\gradle-instrumentation-agent-8.13.jar org.gradle.launcher.daemon.bootstrap.GradleDaemon 8.13

Host: Intel(R) Core(TM) i7-8565U CPU @ 1.80GHz, 8 cores, 15G,  Windows 11 , 64 bit Build 26100 (10.0.26100.7309)
Time: Sun Jan 18 10:20:52 2026 Romance Standard Time elapsed time: 14.528607 seconds (0d 0h 0m 14s)

---------------  T H R E A D  ---------------

Current thread (0x000001ebfcf5d5f0):  VMThread "VM Thread"          [id=15748, stack(0x0000002a7ae00000,0x0000002a7af00000) (1024K)]

Stack: [0x0000002a7ae00000,0x0000002a7af00000]
Native frames: (J=compiled Java code, j=interpreted, Vv=VM code, C=native code)
V  [jvm.dll+0x6d25c9]
V  [jvm.dll+0x860923]
V  [jvm.dll+0x862e7e]
V  [jvm.dll+0x863563]
V  [jvm.dll+0x27f156]
V  [jvm.dll+0x6ceee5]
V  [jvm.dll+0x6c29aa]
V  [jvm.dll+0x355ebb]
V  [jvm.dll+0x35db16]
V  [jvm.dll+0x3afb16]
V  [jvm.dll+0x3afde8]
V  [jvm.dll+0x32855c]
V  [jvm.dll+0x3285e7]
V  [jvm.dll+0x36e47c]
V  [jvm.dll+0x36cc2e]
V  [jvm.dll+0x327cb1]
V  [jvm.dll+0x36c330]
V  [jvm.dll+0x8692e8]
V  [jvm.dll+0x86a664]
V  [jvm.dll+0x86aba0]
V  [jvm.dll+0x86ae33]
V  [jvm.dll+0x808d08]
V  [jvm.dll+0x6d0e1d]
C  [ucrtbase.dll+0x37b0]
C  [KERNEL32.DLL+0x2e8d7]
C  [ntdll.dll+0x8c53c]

VM_Operation (0x0000002a7f0fa480): G1CollectForAllocation, mode: safepoint, requested by thread 0x000001ebff5f3570


---------------  P R O C E S S  ---------------

Threads class SMR info:
_java_thread_list=0x000001eb85f96ae0, length=60, elements={
0x000001ebe3356240, 0x000001ebfcfa6e80, 0x000001ebfcfc9f40, 0x000001ebfcfcc9b0,
0x000001ebfcfce680, 0x000001ebfcfcf0e0, 0x000001ebfcfb1ce0, 0x000001ebfcfb2350,
0x000001ebfcfb30e0, 0x000001ebfd044790, 0x000001ebfd4b8f70, 0x000001ebfee03760,
0x000001ebfec100d0, 0x000001ebfead0110, 0x000001ebfecfb470, 0x000001ebfed70c80,
0x000001ebfee8df10, 0x000001ebfee945a0, 0x000001ebfee86e20, 0x000001ebfee88860,
0x000001ebfee88ef0, 0x000001ebfee87b40, 0x000001ebfee89580, 0x000001ebfee89c10,
0x000001ebfee874b0, 0x000001ebfee881d0, 0x000001ebff770570, 0x000001ebff770c00,
0x000001ebff76f1c0, 0x000001ebff771fb0, 0x000001ebff76f850, 0x000001ebff76fee0,
0x000001ebff771290, 0x000001ebff771920, 0x000001ebff76eb30, 0x000001ebff774710,
0x000001ebff775ac0, 0x000001ebff775430, 0x000001ebff774da0, 0x000001ebff772640,
0x000001ebff773360, 0x000001ebff7739f0, 0x000001ebff774080, 0x000001ebff5ed300,
0x000001ebffb48a50, 0x000001ebff5f00f0, 0x000001ebff5efa60, 0x000001ebff5ee020,
0x000001ebff5ee6b0, 0x000001ebff5eed40, 0x000001ebff5f0e10, 0x000001ebff5ed990,
0x000001ebff5f21c0, 0x000001ebff5f1b30, 0x000001ebff5f14a0, 0x000001ebff5f0780,
0x000001ebff5ef3d0, 0x000001ebff5f2ee0, 0x000001ebff5f3570, 0x000001eb85d3f2a0
}

Java Threads: ( => current thread )
  0x000001ebe3356240 JavaThread "main"                              [_thread_blocked, id=22760, stack(0x0000002a7a700000,0x0000002a7a800000) (1024K)]
  0x000001ebfcfa6e80 JavaThread "Common-Cleaner"             daemon [_thread_blocked, id=15696, stack(0x0000002a7af00000,0x0000002a7b000000) (1024K)]
  0x000001ebfcfc9f40 JavaThread "Reference Handler"          daemon [_thread_blocked, id=29536, stack(0x0000002a7b000000,0x0000002a7b100000) (1024K)]
  0x000001ebfcfcc9b0 JavaThread "Finalizer"                  daemon [_thread_blocked, id=25984, stack(0x0000002a7b100000,0x0000002a7b200000) (1024K)]
  0x000001ebfcfce680 JavaThread "Signal Dispatcher"          daemon [_thread_blocked, id=27904, stack(0x0000002a7b200000,0x0000002a7b300000) (1024K)]
  0x000001ebfcfcf0e0 JavaThread "Attach Listener"            daemon [_thread_blocked, id=27060, stack(0x0000002a7b300000,0x0000002a7b400000) (1024K)]
  0x000001ebfcfb1ce0 JavaThread "Service Thread"             daemon [_thread_blocked, id=3056, stack(0x0000002a7b400000,0x0000002a7b500000) (1024K)]
  0x000001ebfcfb2350 JavaThread "Monitor Deflation Thread"   daemon [_thread_blocked, id=7848, stack(0x0000002a7b500000,0x0000002a7b600000) (1024K)]
  0x000001ebfcfb30e0 JavaThread "C2 CompilerThread0"         daemon [_thread_blocked, id=19392, stack(0x0000002a7b600000,0x0000002a7b700000) (1024K)]
  0x000001ebfd044790 JavaThread "C1 CompilerThread0"         daemon [_thread_blocked, id=20560, stack(0x0000002a7b700000,0x0000002a7b800000) (1024K)]
  0x000001ebfd4b8f70 JavaThread "Notification Thread"        daemon [_thread_blocked, id=13728, stack(0x0000002a7b800000,0x0000002a7b900000) (1024K)]
  0x000001ebfee03760 JavaThread "Daemon health stats"               [_thread_blocked, id=21376, stack(0x0000002a7ba00000,0x0000002a7bb00000) (1024K)]
  0x000001ebfec100d0 JavaThread "Incoming local TCP Connector on port 53820"        [_thread_in_native, id=1944, stack(0x0000002a7c000000,0x0000002a7c100000) (1024K)]
  0x000001ebfead0110 JavaThread "Daemon periodic checks"            [_thread_blocked, id=14236, stack(0x0000002a7c100000,0x0000002a7c200000) (1024K)]
  0x000001ebfecfb470 JavaThread "Daemon"                            [_thread_blocked, id=3620, stack(0x0000002a7c200000,0x0000002a7c300000) (1024K)]
  0x000001ebfed70c80 JavaThread "Handler for socket connection from /127.0.0.1:53820 to /127.0.0.1:53821"        [_thread_in_native, id=1924, stack(0x0000002a7c300000,0x0000002a7c400000) (1024K)]
  0x000001ebfee8df10 JavaThread "Cancel handler"                    [_thread_blocked, id=26772, stack(0x0000002a7c400000,0x0000002a7c500000) (1024K)]
  0x000001ebfee945a0 JavaThread "Daemon worker"                     [_thread_blocked, id=19688, stack(0x0000002a7c500000,0x0000002a7c600000) (1024K)]
  0x000001ebfee86e20 JavaThread "Asynchronous log dispatcher for DefaultDaemonConnection: socket connection from /127.0.0.1:53820 to /127.0.0.1:53821"        [_thread_blocked, id=23508, stack(0x0000002a7c600000,0x0000002a7c700000) (1024K)]
  0x000001ebfee88860 JavaThread "Stdin handler"                     [_thread_blocked, id=23948, stack(0x0000002a7c700000,0x0000002a7c800000) (1024K)]
  0x000001ebfee88ef0 JavaThread "Daemon client event forwarder"        [_thread_blocked, id=6288, stack(0x0000002a7c800000,0x0000002a7c900000) (1024K)]
  0x000001ebfee87b40 JavaThread "Cache worker for journal cache (C:\Users\HANZALLAH\.gradle\caches\journal-1)"        [_thread_blocked, id=22684, stack(0x0000002a7cc00000,0x0000002a7cd00000) (1024K)]
  0x000001ebfee89580 JavaThread "File lock request listener"        [_thread_in_native, id=12552, stack(0x0000002a7cd00000,0x0000002a7ce00000) (1024K)]
  0x000001ebfee89c10 JavaThread "Cache worker for file hash cache (C:\Users\HANZALLAH\.gradle\caches\8.13\fileHashes)"        [_thread_blocked, id=23288, stack(0x0000002a7ce00000,0x0000002a7cf00000) (1024K)]
  0x000001ebfee874b0 JavaThread "Cache worker for file hash cache (D:\UNiversityData\AndroidDevelopment\SmartWatchApplication\.gradle\8.13\fileHashes)"        [_thread_blocked, id=13612, stack(0x0000002a7d000000,0x0000002a7d100000) (1024K)]
  0x000001ebfee881d0 JavaThread "Cache worker for Build Output Cleanup Cache (D:\UNiversityData\AndroidDevelopment\SmartWatchApplication\.gradle\buildOutputCleanup)"        [_thread_blocked, id=5516, stack(0x0000002a7d100000,0x0000002a7d200000) (1024K)]
  0x000001ebff770570 JavaThread "File watcher server"        daemon [_thread_in_native, id=6616, stack(0x0000002a7d200000,0x0000002a7d300000) (1024K)]
  0x000001ebff770c00 JavaThread "File watcher consumer"      daemon [_thread_blocked, id=7416, stack(0x0000002a7d300000,0x0000002a7d400000) (1024K)]
  0x000001ebff76f1c0 JavaThread "jar transforms"                    [_thread_blocked, id=17924, stack(0x0000002a7d400000,0x0000002a7d500000) (1024K)]
  0x000001ebff771fb0 JavaThread "jar transforms Thread 2"           [_thread_blocked, id=16584, stack(0x0000002a7d500000,0x0000002a7d600000) (1024K)]
  0x000001ebff76f850 JavaThread "jar transforms Thread 3"           [_thread_blocked, id=26096, stack(0x0000002a7d600000,0x0000002a7d700000) (1024K)]
  0x000001ebff76fee0 JavaThread "jar transforms Thread 4"           [_thread_blocked, id=8320, stack(0x0000002a7d700000,0x0000002a7d800000) (1024K)]
  0x000001ebff771290 JavaThread "jar transforms Thread 5"           [_thread_blocked, id=22448, stack(0x0000002a7d800000,0x0000002a7d900000) (1024K)]
  0x000001ebff771920 JavaThread "jar transforms Thread 6"           [_thread_blocked, id=11776, stack(0x0000002a7d900000,0x0000002a7da00000) (1024K)]
  0x000001ebff76eb30 JavaThread "jar transforms Thread 7"           [_thread_blocked, id=18232, stack(0x0000002a7da00000,0x0000002a7db00000) (1024K)]
  0x000001ebff774710 JavaThread "jar transforms Thread 8"           [_thread_blocked, id=26748, stack(0x0000002a7db00000,0x0000002a7dc00000) (1024K)]
  0x000001ebff775ac0 JavaThread "Cache worker for checksums cache (D:\UNiversityData\AndroidDevelopment\SmartWatchApplication\.gradle\8.13\checksums)"        [_thread_blocked, id=21020, stack(0x0000002a7dc00000,0x0000002a7dd00000) (1024K)]
  0x000001ebff775430 JavaThread "Cache worker for file content cache (C:\Users\HANZALLAH\.gradle\caches\8.13\fileContent)"        [_thread_blocked, id=12436, stack(0x0000002a7dd00000,0x0000002a7de00000) (1024K)]
  0x000001ebff774da0 JavaThread "Cache worker for cache directory md-supplier (C:\Users\HANZALLAH\.gradle\caches\8.13\md-supplier)"        [_thread_blocked, id=26824, stack(0x0000002a7de00000,0x0000002a7df00000) (1024K)]
  0x000001ebff772640 JavaThread "Cache worker for cache directory md-rule (C:\Users\HANZALLAH\.gradle\caches\8.13\md-rule)"        [_thread_blocked, id=14140, stack(0x0000002a7df00000,0x0000002a7e000000) (1024K)]
  0x000001ebff773360 JavaThread "Unconstrained build operations"        [_thread_blocked, id=22376, stack(0x0000002a7e000000,0x0000002a7e100000) (1024K)]
  0x000001ebff7739f0 JavaThread "Unconstrained build operations Thread 2"        [_thread_blocked, id=29528, stack(0x0000002a7e100000,0x0000002a7e200000) (1024K)]
  0x000001ebff774080 JavaThread "Unconstrained build operations Thread 3"        [_thread_blocked, id=21516, stack(0x0000002a7e200000,0x0000002a7e300000) (1024K)]
  0x000001ebff5ed300 JavaThread "Unconstrained build operations Thread 4"        [_thread_blocked, id=20848, stack(0x0000002a7e300000,0x0000002a7e400000) (1024K)]
  0x000001ebffb48a50 JavaThread "C2 CompilerThread1"         daemon [_thread_blocked, id=12120, stack(0x0000002a7b900000,0x0000002a7ba00000) (1024K)]
  0x000001ebff5f00f0 JavaThread "Unconstrained build operations Thread 5"        [_thread_blocked, id=17484, stack(0x0000002a7cf00000,0x0000002a7d000000) (1024K)]
  0x000001ebff5efa60 JavaThread "Unconstrained build operations Thread 6"        [_thread_blocked, id=17476, stack(0x0000002a7e400000,0x0000002a7e500000) (1024K)]
  0x000001ebff5ee020 JavaThread "Unconstrained build operations Thread 7"        [_thread_blocked, id=8752, stack(0x0000002a7e500000,0x0000002a7e600000) (1024K)]
  0x000001ebff5ee6b0 JavaThread "Unconstrained build operations Thread 8"        [_thread_blocked, id=20636, stack(0x0000002a7e600000,0x0000002a7e700000) (1024K)]
  0x000001ebff5eed40 JavaThread "Unconstrained build operations Thread 9"        [_thread_blocked, id=27816, stack(0x0000002a7e700000,0x0000002a7e800000) (1024K)]
  0x000001ebff5f0e10 JavaThread "Unconstrained build operations Thread 10"        [_thread_blocked, id=7740, stack(0x0000002a7e800000,0x0000002a7e900000) (1024K)]
  0x000001ebff5ed990 JavaThread "Unconstrained build operations Thread 11"        [_thread_blocked, id=16672, stack(0x0000002a7e900000,0x0000002a7ea00000) (1024K)]
  0x000001ebff5f21c0 JavaThread "Unconstrained build operations Thread 12"        [_thread_blocked, id=25248, stack(0x0000002a7ea00000,0x0000002a7eb00000) (1024K)]
  0x000001ebff5f1b30 JavaThread "Unconstrained build operations Thread 13"        [_thread_blocked, id=24624, stack(0x0000002a7eb00000,0x0000002a7ec00000) (1024K)]
  0x000001ebff5f14a0 JavaThread "Unconstrained build operations Thread 14"        [_thread_blocked, id=17968, stack(0x0000002a7ec00000,0x0000002a7ed00000) (1024K)]
  0x000001ebff5f0780 JavaThread "Unconstrained build operations Thread 15"        [_thread_blocked, id=22136, stack(0x0000002a7ed00000,0x0000002a7ee00000) (1024K)]
  0x000001ebff5ef3d0 JavaThread "Unconstrained build operations Thread 16"        [_thread_blocked, id=16256, stack(0x0000002a7ee00000,0x0000002a7ef00000) (1024K)]
  0x000001ebff5f2ee0 JavaThread "Unconstrained build operations Thread 17"        [_thread_blocked, id=15176, stack(0x0000002a7ef00000,0x0000002a7f000000) (1024K)]
  0x000001ebff5f3570 JavaThread "Unconstrained build operations Thread 18"        [_thread_blocked, id=25864, stack(0x0000002a7f000000,0x0000002a7f100000) (1024K)]
  0x000001eb85d3f2a0 JavaThread "C2 CompilerThread2"         daemon [_thread_blocked, id=12352, stack(0x0000002a7f100000,0x0000002a7f200000) (1024K)]
Total: 60

Other Threads:
=>0x000001ebfcf5d5f0 VMThread "VM Thread"                           [id=15748, stack(0x0000002a7ae00000,0x0000002a7af00000) (1024K)]
  0x000001ebfcf119e0 WatcherThread "VM Periodic Task Thread"        [id=18812, stack(0x0000002a7ad00000,0x0000002a7ae00000) (1024K)]
  0x000001ebe57d2aa0 WorkerThread "GC Thread#0"                     [id=18788, stack(0x0000002a7a800000,0x0000002a7a900000) (1024K)]
  0x000001ebfd558de0 WorkerThread "GC Thread#1"                     [id=20552, stack(0x0000002a7bb00000,0x0000002a7bc00000) (1024K)]
  0x000001ebfd964850 WorkerThread "GC Thread#2"                     [id=14500, stack(0x0000002a7bc00000,0x0000002a7bd00000) (1024K)]
  0x000001ebfd964bf0 WorkerThread "GC Thread#3"                     [id=22204, stack(0x0000002a7bd00000,0x0000002a7be00000) (1024K)]
  0x000001ebfd7e8740 WorkerThread "GC Thread#4"                     [id=5096, stack(0x0000002a7be00000,0x0000002a7bf00000) (1024K)]
  0x000001ebfd7e8ae0 WorkerThread "GC Thread#5"                     [id=28904, stack(0x0000002a7bf00000,0x0000002a7c000000) (1024K)]
  0x000001ebfdfd7040 WorkerThread "GC Thread#6"                     [id=14572, stack(0x0000002a7c900000,0x0000002a7ca00000) (1024K)]
  0x000001ebfdfd8260 WorkerThread "GC Thread#7"                     [id=22048, stack(0x0000002a7ca00000,0x0000002a7cb00000) (1024K)]
  0x000001ebe57e47d0 ConcurrentGCThread "G1 Main Marker"            [id=13116, stack(0x0000002a7a900000,0x0000002a7aa00000) (1024K)]
  0x000001ebe57e5980 WorkerThread "G1 Conc#0"                       [id=22012, stack(0x0000002a7aa00000,0x0000002a7ab00000) (1024K)]
  0x000001ebfdfd8600 WorkerThread "G1 Conc#1"                       [id=17240, stack(0x0000002a7cb00000,0x0000002a7cc00000) (1024K)]
  0x000001ebfcc83950 ConcurrentGCThread "G1 Refine#0"               [id=13264, stack(0x0000002a7ab00000,0x0000002a7ac00000) (1024K)]
  0x000001ebfcc85180 ConcurrentGCThread "G1 Service"                [id=21660, stack(0x0000002a7ac00000,0x0000002a7ad00000) (1024K)]
Total: 15

Threads with active compile tasks:
C2 CompilerThread0  14572 5665       4       org.gradle.internal.serialize.HierarchicalNameSerializer::readName (51 bytes)
C2 CompilerThread1  14572 5721       4       org.gradle.internal.serialize.AbstractCollectionSerializer::read (47 bytes)
C2 CompilerThread2  14572 5678       4       org.gradle.internal.serialize.HierarchicalNameSerializer::readFirstOccurrenceOfName (60 bytes)
Total: 3

VM state: at safepoint (normal execution)

VM Mutex/Monitor currently owned by a thread:  ([mutex/lock_event])
[0x00007ffe14b81468] Threads_lock - owner thread: 0x000001ebfcf5d5f0
[0x00007ffe14b81568] Heap_lock - owner thread: 0x000001ebff5f3570

Heap address: 0x0000000080000000, size: 2048 MB, Compressed Oops mode: 32-bit

CDS archive(s) not mapped
Compressed class space mapped at: 0x0000000100000000-0x0000000140000000, reserved size: 1073741824
Narrow klass base: 0x0000000000000000, Narrow klass shift: 3, Narrow klass range: 0x140000000

GC Precious Log:
 CardTable entry size: 512
 Card Set container configuration: InlinePtr #cards 5 size 8 Array Of Cards #cards 12 size 40 Howl #buckets 4 coarsen threshold 1843 Howl Bitmap #cards 512 size 80 coarsen threshold 460 Card regions per heap region 1 cards per card region 2048
 CPUs: 8 total, 8 available
 Memory: 16190M
 Large Page Support: Disabled
 NUMA Support: Disabled
 Compressed Oops: Enabled (32-bit)
 Heap Region Size: 1M
 Heap Min Capacity: 8M
 Heap Initial Capacity: 254M
 Heap Max Capacity: 2G
 Pre-touch: Disabled
 Parallel Workers: 8
 Concurrent Workers: 2
 Concurrent Refinement Workers: 8
 Periodic GC: Disabled

Heap:
 garbage-first heap   total 246784K, used 124829K [0x0000000080000000, 0x0000000100000000)
  region size 1024K, 2 young (2048K), 2 survivors (2048K)
 Metaspace       used 58180K, committed 59712K, reserved 1114112K
  class space    used 8131K, committed 8896K, reserved 1048576K

Heap Regions: E=young(eden), S=young(survivor), O=old, HS=humongous(starts), HC=humongous(continues), CS=collection set, F=free, TAMS=top-at-mark-start, PB=parsable bottom
|   0|0x0000000080000000, 0x0000000080100000, 0x0000000080100000|100%|HS|  |TAMS 0x0000000080100000| PB 0x0000000080000000| Complete 
|   1|0x0000000080100000, 0x0000000080200000, 0x0000000080200000|100%|HC|  |TAMS 0x0000000080200000| PB 0x0000000080100000| Complete 
|   2|0x0000000080200000, 0x0000000080300000, 0x0000000080300000|100%|HC|  |TAMS 0x0000000080300000| PB 0x0000000080200000| Complete 
|   3|0x0000000080300000, 0x0000000080400000, 0x0000000080400000|100%| O|  |TAMS 0x0000000080400000| PB 0x0000000080300000| Untracked 
|   4|0x0000000080400000, 0x0000000080500000, 0x0000000080500000|100%| O|  |TAMS 0x0000000080500000| PB 0x0000000080400000| Untracked 
|   5|0x0000000080500000, 0x0000000080600000, 0x0000000080600000|100%| O|  |TAMS 0x0000000080600000| PB 0x0000000080500000| Untracked 
|   6|0x0000000080600000, 0x0000000080700000, 0x0000000080700000|100%|HS|  |TAMS 0x0000000080700000| PB 0x0000000080600000| Complete 
|   7|0x0000000080700000, 0x0000000080800000, 0x0000000080800000|100%| O|  |TAMS 0x0000000080800000| PB 0x0000000080700000| Untracked 
|   8|0x0000000080800000, 0x0000000080900000, 0x0000000080900000|100%| O|  |TAMS 0x0000000080900000| PB 0x0000000080800000| Untracked 
|   9|0x0000000080900000, 0x0000000080a00000, 0x0000000080a00000|100%| O|  |TAMS 0x0000000080a00000| PB 0x0000000080900000| Untracked 
|  10|0x0000000080a00000, 0x0000000080b00000, 0x0000000080b00000|100%| O|  |TAMS 0x0000000080b00000| PB 0x0000000080a00000| Untracked 
|  11|0x0000000080b00000, 0x0000000080c00000, 0x0000000080c00000|100%| O|  |TAMS 0x0000000080c00000| PB 0x0000000080b00000| Untracked 
|  12|0x0000000080c00000, 0x0000000080d00000, 0x0000000080d00000|100%| O|  |TAMS 0x0000000080d00000| PB 0x0000000080c00000| Untracked 
|  13|0x0000000080d00000, 0x0000000080e00000, 0x0000000080e00000|100%| O|  |TAMS 0x0000000080e00000| PB 0x0000000080d00000| Untracked 
|  14|0x0000000080e00000, 0x0000000080f00000, 0x0000000080f00000|100%| O|  |TAMS 0x0000000080f00000| PB 0x0000000080e00000| Untracked 
|  15|0x0000000080f00000, 0x0000000081000000, 0x0000000081000000|100%| O|  |TAMS 0x0000000081000000| PB 0x0000000080f00000| Untracked 
|  16|0x0000000081000000, 0x0000000081100000, 0x0000000081100000|100%| O|  |TAMS 0x0000000081100000| PB 0x0000000081000000| Untracked 
|  17|0x0000000081100000, 0x0000000081200000, 0x0000000081200000|100%| O|  |TAMS 0x0000000081200000| PB 0x0000000081100000| Untracked 
|  18|0x0000000081200000, 0x0000000081300000, 0x0000000081300000|100%| O|  |TAMS 0x0000000081300000| PB 0x0000000081200000| Untracked 
|  19|0x0000000081300000, 0x0000000081400000, 0x0000000081400000|100%| O|  |TAMS 0x0000000081400000| PB 0x0000000081300000| Untracked 
|  20|0x0000000081400000, 0x0000000081500000, 0x0000000081500000|100%| O|  |TAMS 0x0000000081500000| PB 0x0000000081400000| Untracked 
|  21|0x0000000081500000, 0x0000000081600000, 0x0000000081600000|100%| O|  |TAMS 0x0000000081600000| PB 0x0000000081500000| Untracked 
|  22|0x0000000081600000, 0x0000000081700000, 0x0000000081700000|100%|HS|  |TAMS 0x0000000081700000| PB 0x0000000081600000| Complete 
|  23|0x0000000081700000, 0x0000000081800000, 0x0000000081800000|100%|HC|  |TAMS 0x0000000081800000| PB 0x0000000081700000| Complete 
|  24|0x0000000081800000, 0x0000000081900000, 0x0000000081900000|100%|HC|  |TAMS 0x0000000081900000| PB 0x0000000081800000| Complete 
|  25|0x0000000081900000, 0x0000000081a00000, 0x0000000081a00000|100%|HC|  |TAMS 0x0000000081a00000| PB 0x0000000081900000| Complete 
|  26|0x0000000081a00000, 0x0000000081b00000, 0x0000000081b00000|100%|HC|  |TAMS 0x0000000081b00000| PB 0x0000000081a00000| Complete 
|  27|0x0000000081b00000, 0x0000000081c00000, 0x0000000081c00000|100%|HC|  |TAMS 0x0000000081c00000| PB 0x0000000081b00000| Complete 
|  28|0x0000000081c00000, 0x0000000081d00000, 0x0000000081d00000|100%|HS|  |TAMS 0x0000000081d00000| PB 0x0000000081c00000| Complete 
|  29|0x0000000081d00000, 0x0000000081e00000, 0x0000000081e00000|100%|HS|  |TAMS 0x0000000081e00000| PB 0x0000000081d00000| Complete 
|  30|0x0000000081e00000, 0x0000000081f00000, 0x0000000081f00000|100%| O|  |TAMS 0x0000000081f00000| PB 0x0000000081e00000| Untracked 
|  31|0x0000000081f00000, 0x0000000082000000, 0x0000000082000000|100%|HS|  |TAMS 0x0000000082000000| PB 0x0000000081f00000| Complete 
|  32|0x0000000082000000, 0x0000000082100000, 0x0000000082100000|100%|HC|  |TAMS 0x0000000082100000| PB 0x0000000082000000| Complete 
|  33|0x0000000082100000, 0x0000000082200000, 0x0000000082200000|100%|HC|  |TAMS 0x0000000082200000| PB 0x0000000082100000| Complete 
|  34|0x0000000082200000, 0x0000000082300000, 0x0000000082300000|100%|HC|  |TAMS 0x0000000082300000| PB 0x0000000082200000| Complete 
|  35|0x0000000082300000, 0x0000000082400000, 0x0000000082400000|100%| O|  |TAMS 0x0000000082400000| PB 0x0000000082300000| Untracked 
|  36|0x0000000082400000, 0x0000000082500000, 0x0000000082500000|100%| O|  |TAMS 0x0000000082500000| PB 0x0000000082400000| Untracked 
|  37|0x0000000082500000, 0x0000000082600000, 0x0000000082600000|100%| O|  |TAMS 0x0000000082600000| PB 0x0000000082500000| Untracked 
|  38|0x0000000082600000, 0x0000000082700000, 0x0000000082700000|100%| O|  |TAMS 0x0000000082700000| PB 0x0000000082600000| Untracked 
|  39|0x0000000082700000, 0x0000000082800000, 0x0000000082800000|100%|HS|  |TAMS 0x0000000082800000| PB 0x0000000082700000| Complete 
|  40|0x0000000082800000, 0x0000000082900000, 0x0000000082900000|100%|HC|  |TAMS 0x0000000082900000| PB 0x0000000082800000| Complete 
|  41|0x0000000082900000, 0x0000000082a00000, 0x0000000082a00000|100%|HS|  |TAMS 0x0000000082a00000| PB 0x0000000082900000| Complete 
|  42|0x0000000082a00000, 0x0000000082b00000, 0x0000000082b00000|100%|HC|  |TAMS 0x0000000082b00000| PB 0x0000000082a00000| Complete 
|  43|0x0000000082b00000, 0x0000000082c00000, 0x0000000082c00000|100%|HC|  |TAMS 0x0000000082c00000| PB 0x0000000082b00000| Complete 
|  44|0x0000000082c00000, 0x0000000082d00000, 0x0000000082d00000|100%|HC|  |TAMS 0x0000000082d00000| PB 0x0000000082c00000| Complete 
|  45|0x0000000082d00000, 0x0000000082e00000, 0x0000000082e00000|100%|HC|  |TAMS 0x0000000082e00000| PB 0x0000000082d00000| Complete 
|  46|0x0000000082e00000, 0x0000000082f00000, 0x0000000082f00000|100%|HC|  |TAMS 0x0000000082f00000| PB 0x0000000082e00000| Complete 
|  47|0x0000000082f00000, 0x0000000083000000, 0x0000000083000000|100%|HS|  |TAMS 0x0000000083000000| PB 0x0000000082f00000| Complete 
|  48|0x0000000083000000, 0x0000000083100000, 0x0000000083100000|100%|HS|  |TAMS 0x0000000083100000| PB 0x0000000083000000| Complete 
|  49|0x0000000083100000, 0x0000000083200000, 0x0000000083200000|100%|HC|  |TAMS 0x0000000083200000| PB 0x0000000083100000| Complete 
|  50|0x0000000083200000, 0x0000000083300000, 0x0000000083300000|100%|HC|  |TAMS 0x0000000083300000| PB 0x0000000083200000| Complete 
|  51|0x0000000083300000, 0x0000000083400000, 0x0000000083400000|100%|HC|  |TAMS 0x0000000083400000| PB 0x0000000083300000| Complete 
|  52|0x0000000083400000, 0x0000000083500000, 0x0000000083500000|100%|HS|  |TAMS 0x0000000083500000| PB 0x0000000083400000| Complete 
|  53|0x0000000083500000, 0x0000000083600000, 0x0000000083600000|100%|HC|  |TAMS 0x0000000083600000| PB 0x0000000083500000| Complete 
|  54|0x0000000083600000, 0x0000000083700000, 0x0000000083700000|100%|HS|  |TAMS 0x0000000083700000| PB 0x0000000083600000| Complete 
|  55|0x0000000083700000, 0x0000000083800000, 0x0000000083800000|100%| O|  |TAMS 0x0000000083800000| PB 0x0000000083700000| Untracked 
|  56|0x0000000083800000, 0x0000000083900000, 0x0000000083900000|100%| O|  |TAMS 0x0000000083900000| PB 0x0000000083800000| Untracked 
|  57|0x0000000083900000, 0x0000000083a00000, 0x0000000083a00000|100%| O|  |TAMS 0x0000000083900000| PB 0x0000000083900000| Untracked 
|  58|0x0000000083a00000, 0x0000000083b00000, 0x0000000083b00000|100%|HS|  |TAMS 0x0000000083b00000| PB 0x0000000083a00000| Complete 
|  59|0x0000000083b00000, 0x0000000083c00000, 0x0000000083c00000|100%|HC|  |TAMS 0x0000000083c00000| PB 0x0000000083b00000| Complete 
|  60|0x0000000083c00000, 0x0000000083d00000, 0x0000000083d00000|100%| O|  |TAMS 0x0000000083d00000| PB 0x0000000083c00000| Untracked 
|  61|0x0000000083d00000, 0x0000000083e00000, 0x0000000083e00000|100%| O|  |TAMS 0x0000000083e00000| PB 0x0000000083d00000| Untracked 
|  62|0x0000000083e00000, 0x0000000083f00000, 0x0000000083f00000|100%| O|  |TAMS 0x0000000083f00000| PB 0x0000000083e00000| Untracked 
|  63|0x0000000083f00000, 0x0000000084000000, 0x0000000084000000|100%| O|  |TAMS 0x0000000084000000| PB 0x0000000083f00000| Untracked 
|  64|0x0000000084000000, 0x0000000084100000, 0x0000000084100000|100%| O|  |TAMS 0x0000000084100000| PB 0x0000000084000000| Untracked 
|  65|0x0000000084100000, 0x0000000084200000, 0x0000000084200000|100%| O|  |TAMS 0x0000000084200000| PB 0x0000000084100000| Untracked 
|  66|0x0000000084200000, 0x0000000084300000, 0x0000000084300000|100%|HS|  |TAMS 0x0000000084300000| PB 0x0000000084200000| Complete 
|  67|0x0000000084300000, 0x0000000084400000, 0x0000000084400000|100%| O|  |TAMS 0x0000000084400000| PB 0x0000000084300000| Untracked 
|  68|0x0000000084400000, 0x0000000084500000, 0x0000000084500000|100%| O|  |TAMS 0x0000000084500000| PB 0x0000000084400000| Untracked 
|  69|0x0000000084500000, 0x0000000084600000, 0x0000000084600000|100%| O|  |TAMS 0x0000000084600000| PB 0x0000000084500000| Untracked 
|  70|0x0000000084600000, 0x0000000084700000, 0x0000000084700000|100%| O|  |TAMS 0x0000000084700000| PB 0x0000000084600000| Untracked 
|  71|0x0000000084700000, 0x0000000084800000, 0x0000000084800000|100%|HS|  |TAMS 0x0000000084800000| PB 0x0000000084700000| Complete 
|  72|0x0000000084800000, 0x0000000084900000, 0x0000000084900000|100%| O|  |TAMS 0x0000000084900000| PB 0x0000000084800000| Untracked 
|  73|0x0000000084900000, 0x0000000084a00000, 0x0000000084a00000|100%| O|  |TAMS 0x0000000084a00000| PB 0x0000000084900000| Untracked 
|  74|0x0000000084a00000, 0x0000000084b00000, 0x0000000084b00000|100%| O|  |TAMS 0x0000000084b00000| PB 0x0000000084a00000| Untracked 
|  75|0x0000000084b00000, 0x0000000084c00000, 0x0000000084c00000|100%| O|  |TAMS 0x0000000084c00000| PB 0x0000000084b00000| Untracked 
|  76|0x0000000084c00000, 0x0000000084d00000, 0x0000000084d00000|100%| O|  |TAMS 0x0000000084d00000| PB 0x0000000084c00000| Untracked 
|  77|0x0000000084d00000, 0x0000000084e00000, 0x0000000084e00000|100%| O|  |TAMS 0x0000000084e00000| PB 0x0000000084d00000| Untracked 
|  78|0x0000000084e00000, 0x0000000084f00000, 0x0000000084f00000|100%| O|  |TAMS 0x0000000084f00000| PB 0x0000000084e00000| Untracked 
|  79|0x0000000084f00000, 0x0000000085000000, 0x0000000085000000|100%| O|  |TAMS 0x0000000085000000| PB 0x0000000084f00000| Untracked 
|  80|0x0000000085000000, 0x0000000085100000, 0x0000000085100000|100%| O|  |TAMS 0x0000000085100000| PB 0x0000000085000000| Untracked 
|  81|0x0000000085100000, 0x0000000085200000, 0x0000000085200000|100%| O|  |TAMS 0x0000000085200000| PB 0x0000000085100000| Untracked 
|  82|0x0000000085200000, 0x0000000085300000, 0x0000000085300000|100%| O|  |TAMS 0x0000000085200000| PB 0x0000000085200000| Untracked 
|  83|0x0000000085300000, 0x0000000085400000, 0x0000000085400000|100%| O|  |TAMS 0x0000000085300000| PB 0x0000000085300000| Untracked 
|  84|0x0000000085400000, 0x0000000085500000, 0x0000000085500000|100%| O|  |TAMS 0x0000000085400000| PB 0x0000000085400000| Untracked 
|  85|0x0000000085500000, 0x0000000085600000, 0x0000000085600000|100%| O|  |TAMS 0x0000000085500000| PB 0x0000000085500000| Untracked 
|  86|0x0000000085600000, 0x0000000085700000, 0x0000000085700000|100%| O|  |TAMS 0x0000000085600000| PB 0x0000000085600000| Untracked 
|  87|0x0000000085700000, 0x0000000085800000, 0x0000000085800000|100%| O|  |TAMS 0x0000000085700000| PB 0x0000000085700000| Untracked 
|  88|0x0000000085800000, 0x0000000085900000, 0x0000000085900000|100%| O|  |TAMS 0x0000000085900000| PB 0x0000000085800000| Untracked 
|  89|0x0000000085900000, 0x0000000085a00000, 0x0000000085a00000|100%| O|  |TAMS 0x0000000085a00000| PB 0x0000000085900000| Untracked 
|  90|0x0000000085a00000, 0x0000000085b00000, 0x0000000085b00000|100%| O|  |TAMS 0x0000000085b00000| PB 0x0000000085a00000| Untracked 
|  91|0x0000000085b00000, 0x0000000085c00000, 0x0000000085c00000|100%| O|  |TAMS 0x0000000085c00000| PB 0x0000000085b00000| Untracked 
|  92|0x0000000085c00000, 0x0000000085d00000, 0x0000000085d00000|100%| O|  |TAMS 0x0000000085d00000| PB 0x0000000085c00000| Untracked 
|  93|0x0000000085d00000, 0x0000000085e00000, 0x0000000085e00000|100%| O|  |TAMS 0x0000000085e00000| PB 0x0000000085d00000| Untracked 
|  94|0x0000000085e00000, 0x0000000085f00000, 0x0000000085f00000|100%| O|  |TAMS 0x0000000085f00000| PB 0x0000000085e00000| Untracked 
|  95|0x0000000085f00000, 0x0000000086000000, 0x0000000086000000|100%| O|  |TAMS 0x0000000086000000| PB 0x0000000085f00000| Untracked 
|  96|0x0000000086000000, 0x0000000086100000, 0x0000000086100000|100%| O|  |TAMS 0x0000000086100000| PB 0x0000000086000000| Untracked 
|  97|0x0000000086100000, 0x0000000086200000, 0x0000000086200000|100%| O|  |TAMS 0x0000000086100000| PB 0x0000000086100000| Untracked 
|  98|0x0000000086200000, 0x0000000086300000, 0x0000000086300000|100%| O|  |TAMS 0x0000000086200000| PB 0x0000000086200000| Untracked 
|  99|0x0000000086300000, 0x0000000086400000, 0x0000000086400000|100%| O|  |TAMS 0x0000000086300000| PB 0x0000000086300000| Untracked 
| 100|0x0000000086400000, 0x0000000086500000, 0x0000000086500000|100%| O|  |TAMS 0x0000000086400000| PB 0x0000000086400000| Untracked 
| 101|0x0000000086500000, 0x0000000086600000, 0x0000000086600000|100%| O|  |TAMS 0x0000000086500000| PB 0x0000000086500000| Untracked 
| 102|0x0000000086600000, 0x0000000086700000, 0x0000000086700000|100%| O|  |TAMS 0x0000000086600000| PB 0x0000000086600000| Untracked 
| 103|0x0000000086700000, 0x00000000867e7420, 0x0000000086800000| 90%| O|  |TAMS 0x0000000086700000| PB 0x0000000086700000| Untracked 
| 104|0x0000000086800000, 0x0000000086800000, 0x0000000086900000|  0%| F|  |TAMS 0x0000000086800000| PB 0x0000000086800000| Untracked 
| 105|0x0000000086900000, 0x0000000086900000, 0x0000000086a00000|  0%| F|  |TAMS 0x0000000086900000| PB 0x0000000086900000| Untracked 
| 106|0x0000000086a00000, 0x0000000086a00000, 0x0000000086b00000|  0%| F|  |TAMS 0x0000000086a00000| PB 0x0000000086a00000| Untracked 
| 107|0x0000000086b00000, 0x0000000086b00000, 0x0000000086c00000|  0%| F|  |TAMS 0x0000000086b00000| PB 0x0000000086b00000| Untracked 
| 108|0x0000000086c00000, 0x0000000086c00000, 0x0000000086d00000|  0%| F|  |TAMS 0x0000000086c00000| PB 0x0000000086c00000| Untracked 
| 109|0x0000000086d00000, 0x0000000086d00000, 0x0000000086e00000|  0%| F|  |TAMS 0x0000000086d00000| PB 0x0000000086d00000| Untracked 
| 110|0x0000000086e00000, 0x0000000086e00000, 0x0000000086f00000|  0%| F|  |TAMS 0x0000000086e00000| PB 0x0000000086e00000| Untracked 
| 111|0x0000000086f00000, 0x0000000086f00000, 0x0000000087000000|  0%| F|  |TAMS 0x0000000086f00000| PB 0x0000000086f00000| Untracked 
| 112|0x0000000087000000, 0x0000000087000000, 0x0000000087100000|  0%| F|  |TAMS 0x0000000087000000| PB 0x0000000087000000| Untracked 
| 113|0x0000000087100000, 0x0000000087200000, 0x0000000087200000|100%| S|CS|TAMS 0x0000000087100000| PB 0x0000000087100000| Complete 
| 114|0x0000000087200000, 0x0000000087300000, 0x0000000087300000|100%| S|CS|TAMS 0x0000000087200000| PB 0x0000000087200000| Complete 
| 115|0x0000000087300000, 0x0000000087300000, 0x0000000087400000|  0%| F|  |TAMS 0x0000000087300000| PB 0x0000000087300000| Untracked 
| 116|0x0000000087400000, 0x0000000087400000, 0x0000000087500000|  0%| F|  |TAMS 0x0000000087400000| PB 0x0000000087400000| Untracked 
| 117|0x0000000087500000, 0x0000000087500000, 0x0000000087600000|  0%| F|  |TAMS 0x0000000087500000| PB 0x0000000087500000| Untracked 
| 118|0x0000000087600000, 0x0000000087600000, 0x0000000087700000|  0%| F|  |TAMS 0x0000000087600000| PB 0x0000000087600000| Untracked 
| 119|0x0000000087700000, 0x0000000087700000, 0x0000000087800000|  0%| F|  |TAMS 0x0000000087700000| PB 0x0000000087700000| Untracked 
| 120|0x0000000087800000, 0x0000000087800000, 0x0000000087900000|  0%| F|  |TAMS 0x0000000087800000| PB 0x0000000087800000| Untracked 
| 121|0x0000000087900000, 0x0000000087900000, 0x0000000087a00000|  0%| F|  |TAMS 0x0000000087900000| PB 0x0000000087900000| Untracked 
| 122|0x0000000087a00000, 0x0000000087a00000, 0x0000000087b00000|  0%| F|  |TAMS 0x0000000087a00000| PB 0x0000000087a00000| Untracked 
| 123|0x0000000087b00000, 0x0000000087b00000, 0x0000000087c00000|  0%| F|  |TAMS 0x0000000087b00000| PB 0x0000000087b00000| Untracked 
| 124|0x0000000087c00000, 0x0000000087c00000, 0x0000000087d00000|  0%| F|  |TAMS 0x0000000087c00000| PB 0x0000000087c00000| Untracked 
| 125|0x0000000087d00000, 0x0000000087d00000, 0x0000000087e00000|  0%| F|  |TAMS 0x0000000087d00000| PB 0x0000000087d00000| Untracked 
| 126|0x0000000087e00000, 0x0000000087e00000, 0x0000000087f00000|  0%| F|  |TAMS 0x0000000087e00000| PB 0x0000000087e00000| Untracked 
| 127|0x0000000087f00000, 0x0000000087f00000, 0x0000000088000000|  0%| F|  |TAMS 0x0000000087f00000| PB 0x0000000087f00000| Untracked 
| 128|0x0000000088000000, 0x0000000088000000, 0x0000000088100000|  0%| F|  |TAMS 0x0000000088000000| PB 0x0000000088000000| Untracked 
| 129|0x0000000088100000, 0x0000000088100000, 0x0000000088200000|  0%| F|  |TAMS 0x0000000088100000| PB 0x0000000088100000| Untracked 
| 130|0x0000000088200000, 0x0000000088200000, 0x0000000088300000|  0%| F|  |TAMS 0x0000000088200000| PB 0x0000000088200000| Untracked 
| 131|0x0000000088300000, 0x0000000088300000, 0x0000000088400000|  0%| F|  |TAMS 0x0000000088300000| PB 0x0000000088300000| Untracked 
| 132|0x0000000088400000, 0x0000000088400000, 0x0000000088500000|  0%| F|  |TAMS 0x0000000088400000| PB 0x0000000088400000| Untracked 
| 133|0x0000000088500000, 0x0000000088500000, 0x0000000088600000|  0%| F|  |TAMS 0x0000000088500000| PB 0x0000000088500000| Untracked 
| 134|0x0000000088600000, 0x0000000088600000, 0x0000000088700000|  0%| F|  |TAMS 0x0000000088600000| PB 0x0000000088600000| Untracked 
| 135|0x0000000088700000, 0x0000000088700000, 0x0000000088800000|  0%| F|  |TAMS 0x0000000088700000| PB 0x0000000088700000| Untracked 
| 136|0x0000000088800000, 0x0000000088800000, 0x0000000088900000|  0%| F|  |TAMS 0x0000000088800000| PB 0x0000000088800000| Untracked 
| 137|0x0000000088900000, 0x0000000088900000, 0x0000000088a00000|  0%| F|  |TAMS 0x0000000088900000| PB 0x0000000088900000| Untracked 
| 138|0x0000000088a00000, 0x0000000088a00000, 0x0000000088b00000|  0%| F|  |TAMS 0x0000000088a00000| PB 0x0000000088a00000| Untracked 
| 139|0x0000000088b00000, 0x0000000088b00000, 0x0000000088c00000|  0%| F|  |TAMS 0x0000000088b00000| PB 0x0000000088b00000| Untracked 
| 140|0x0000000088c00000, 0x0000000088c00000, 0x0000000088d00000|  0%| F|  |TAMS 0x0000000088c00000| PB 0x0000000088c00000| Untracked 
| 141|0x0000000088d00000, 0x0000000088d00000, 0x0000000088e00000|  0%| F|  |TAMS 0x0000000088d00000| PB 0x0000000088d00000| Untracked 
| 142|0x0000000088e00000, 0x0000000088e00000, 0x0000000088f00000|  0%| F|  |TAMS 0x0000000088e00000| PB 0x0000000088e00000| Untracked 
| 143|0x0000000088f00000, 0x0000000088f00000, 0x0000000089000000|  0%| F|  |TAMS 0x0000000088f00000| PB 0x0000000088f00000| Untracked 
| 144|0x0000000089000000, 0x0000000089000000, 0x0000000089100000|  0%| F|  |TAMS 0x0000000089000000| PB 0x0000000089000000| Untracked 
| 145|0x0000000089100000, 0x0000000089100000, 0x0000000089200000|  0%| F|  |TAMS 0x0000000089100000| PB 0x0000000089100000| Untracked 
| 146|0x0000000089200000, 0x0000000089200000, 0x0000000089300000|  0%| F|  |TAMS 0x0000000089200000| PB 0x0000000089200000| Untracked 
| 147|0x0000000089300000, 0x0000000089300000, 0x0000000089400000|  0%| F|  |TAMS 0x0000000089300000| PB 0x0000000089300000| Untracked 
| 148|0x0000000089400000, 0x0000000089400000, 0x0000000089500000|  0%| F|  |TAMS 0x0000000089400000| PB 0x0000000089400000| Untracked 
| 149|0x0000000089500000, 0x0000000089500000, 0x0000000089600000|  0%| F|  |TAMS 0x0000000089500000| PB 0x0000000089500000| Untracked 
| 150|0x0000000089600000, 0x0000000089600000, 0x0000000089700000|  0%| F|  |TAMS 0x0000000089600000| PB 0x0000000089600000| Untracked 
| 151|0x0000000089700000, 0x0000000089700000, 0x0000000089800000|  0%| F|  |TAMS 0x0000000089700000| PB 0x0000000089700000| Untracked 
| 152|0x0000000089800000, 0x0000000089800000, 0x0000000089900000|  0%| F|  |TAMS 0x0000000089800000| PB 0x0000000089800000| Untracked 
| 153|0x0000000089900000, 0x0000000089900000, 0x0000000089a00000|  0%| F|  |TAMS 0x0000000089900000| PB 0x0000000089900000| Untracked 
| 154|0x0000000089a00000, 0x0000000089a00000, 0x0000000089b00000|  0%| F|  |TAMS 0x0000000089a00000| PB 0x0000000089a00000| Untracked 
| 155|0x0000000089b00000, 0x0000000089b00000, 0x0000000089c00000|  0%| F|  |TAMS 0x0000000089b00000| PB 0x0000000089b00000| Untracked 
| 156|0x0000000089c00000, 0x0000000089c00000, 0x0000000089d00000|  0%| F|  |TAMS 0x0000000089c00000| PB 0x0000000089c00000| Untracked 
| 157|0x0000000089d00000, 0x0000000089d00000, 0x0000000089e00000|  0%| F|  |TAMS 0x0000000089d00000| PB 0x0000000089d00000| Untracked 
| 158|0x0000000089e00000, 0x0000000089e00000, 0x0000000089f00000|  0%| F|  |TAMS 0x0000000089e00000| PB 0x0000000089e00000| Untracked 
| 159|0x0000000089f00000, 0x0000000089f00000, 0x000000008a000000|  0%| F|  |TAMS 0x0000000089f00000| PB 0x0000000089f00000| Untracked 
| 160|0x000000008a000000, 0x000000008a000000, 0x000000008a100000|  0%| F|  |TAMS 0x000000008a000000| PB 0x000000008a000000| Untracked 
| 161|0x000000008a100000, 0x000000008a100000, 0x000000008a200000|  0%| F|  |TAMS 0x000000008a100000| PB 0x000000008a100000| Untracked 
| 162|0x000000008a200000, 0x000000008a200000, 0x000000008a300000|  0%| F|  |TAMS 0x000000008a200000| PB 0x000000008a200000| Untracked 
| 163|0x000000008a300000, 0x000000008a300000, 0x000000008a400000|  0%| F|  |TAMS 0x000000008a300000| PB 0x000000008a300000| Untracked 
| 164|0x000000008a400000, 0x000000008a400000, 0x000000008a500000|  0%| F|  |TAMS 0x000000008a400000| PB 0x000000008a400000| Untracked 
| 165|0x000000008a500000, 0x000000008a500000, 0x000000008a600000|  0%| F|  |TAMS 0x000000008a500000| PB 0x000000008a500000| Untracked 
| 166|0x000000008a600000, 0x000000008a600000, 0x000000008a700000|  0%| F|  |TAMS 0x000000008a600000| PB 0x000000008a600000| Untracked 
| 167|0x000000008a700000, 0x000000008a700000, 0x000000008a800000|  0%| F|  |TAMS 0x000000008a700000| PB 0x000000008a700000| Untracked 
| 168|0x000000008a800000, 0x000000008a800000, 0x000000008a900000|  0%| F|  |TAMS 0x000000008a800000| PB 0x000000008a800000| Untracked 
| 169|0x000000008a900000, 0x000000008a900000, 0x000000008aa00000|  0%| F|  |TAMS 0x000000008a900000| PB 0x000000008a900000| Untracked 
| 170|0x000000008aa00000, 0x000000008aa00000, 0x000000008ab00000|  0%| F|  |TAMS 0x000000008aa00000| PB 0x000000008aa00000| Untracked 
| 171|0x000000008ab00000, 0x000000008ab00000, 0x000000008ac00000|  0%| F|  |TAMS 0x000000008ab00000| PB 0x000000008ab00000| Untracked 
| 172|0x000000008ac00000, 0x000000008ac00000, 0x000000008ad00000|  0%| F|  |TAMS 0x000000008ac00000| PB 0x000000008ac00000| Untracked 
| 173|0x000000008ad00000, 0x000000008ad00000, 0x000000008ae00000|  0%| F|  |TAMS 0x000000008ad00000| PB 0x000000008ad00000| Untracked 
| 174|0x000000008ae00000, 0x000000008ae00000, 0x000000008af00000|  0%| F|  |TAMS 0x000000008ae00000| PB 0x000000008ae00000| Untracked 
| 175|0x000000008af00000, 0x000000008af00000, 0x000000008b000000|  0%| F|  |TAMS 0x000000008af00000| PB 0x000000008af00000| Untracked 
| 176|0x000000008b000000, 0x000000008b000000, 0x000000008b100000|  0%| F|  |TAMS 0x000000008b000000| PB 0x000000008b000000| Untracked 
| 177|0x000000008b100000, 0x000000008b100000, 0x000000008b200000|  0%| F|  |TAMS 0x000000008b100000| PB 0x000000008b100000| Untracked 
| 178|0x000000008b200000, 0x000000008b200000, 0x000000008b300000|  0%| F|  |TAMS 0x000000008b200000| PB 0x000000008b200000| Untracked 
| 179|0x000000008b300000, 0x000000008b300000, 0x000000008b400000|  0%| F|  |TAMS 0x000000008b300000| PB 0x000000008b300000| Untracked 
| 180|0x000000008b400000, 0x000000008b400000, 0x000000008b500000|  0%| F|  |TAMS 0x000000008b400000| PB 0x000000008b400000| Untracked 
| 181|0x000000008b500000, 0x000000008b500000, 0x000000008b600000|  0%| F|  |TAMS 0x000000008b500000| PB 0x000000008b500000| Untracked 
| 182|0x000000008b600000, 0x000000008b600000, 0x000000008b700000|  0%| F|  |TAMS 0x000000008b600000| PB 0x000000008b600000| Untracked 
| 183|0x000000008b700000, 0x000000008b700000, 0x000000008b800000|  0%| F|  |TAMS 0x000000008b700000| PB 0x000000008b700000| Untracked 
| 184|0x000000008b800000, 0x000000008b800000, 0x000000008b900000|  0%| F|  |TAMS 0x000000008b800000| PB 0x000000008b800000| Untracked 
| 185|0x000000008b900000, 0x000000008b900000, 0x000000008ba00000|  0%| F|  |TAMS 0x000000008b900000| PB 0x000000008b900000| Untracked 
| 186|0x000000008ba00000, 0x000000008ba00000, 0x000000008bb00000|  0%| F|  |TAMS 0x000000008ba00000| PB 0x000000008ba00000| Untracked 
| 187|0x000000008bb00000, 0x000000008bb00000, 0x000000008bc00000|  0%| F|  |TAMS 0x000000008bb00000| PB 0x000000008bb00000| Untracked 
| 188|0x000000008bc00000, 0x000000008bc00000, 0x000000008bd00000|  0%| F|  |TAMS 0x000000008bc00000| PB 0x000000008bc00000| Untracked 
| 189|0x000000008bd00000, 0x000000008bd00000, 0x000000008be00000|  0%| F|  |TAMS 0x000000008bd00000| PB 0x000000008bd00000| Untracked 
| 190|0x000000008be00000, 0x000000008be00000, 0x000000008bf00000|  0%| F|  |TAMS 0x000000008be00000| PB 0x000000008be00000| Untracked 
| 191|0x000000008bf00000, 0x000000008bf00000, 0x000000008c000000|  0%| F|  |TAMS 0x000000008bf00000| PB 0x000000008bf00000| Untracked 
| 192|0x000000008c000000, 0x000000008c000000, 0x000000008c100000|  0%| F|  |TAMS 0x000000008c000000| PB 0x000000008c000000| Untracked 
| 193|0x000000008c100000, 0x000000008c100000, 0x000000008c200000|  0%| F|  |TAMS 0x000000008c100000| PB 0x000000008c100000| Untracked 
| 194|0x000000008c200000, 0x000000008c200000, 0x000000008c300000|  0%| F|  |TAMS 0x000000008c200000| PB 0x000000008c200000| Untracked 
| 195|0x000000008c300000, 0x000000008c300000, 0x000000008c400000|  0%| F|  |TAMS 0x000000008c300000| PB 0x000000008c300000| Untracked 
| 196|0x000000008c400000, 0x000000008c400000, 0x000000008c500000|  0%| F|  |TAMS 0x000000008c400000| PB 0x000000008c400000| Untracked 
| 197|0x000000008c500000, 0x000000008c500000, 0x000000008c600000|  0%| F|  |TAMS 0x000000008c500000| PB 0x000000008c500000| Untracked 
| 198|0x000000008c600000, 0x000000008c600000, 0x000000008c700000|  0%| F|  |TAMS 0x000000008c600000| PB 0x000000008c600000| Untracked 
| 199|0x000000008c700000, 0x000000008c700000, 0x000000008c800000|  0%| F|  |TAMS 0x000000008c700000| PB 0x000000008c700000| Untracked 
| 200|0x000000008c800000, 0x000000008c800000, 0x000000008c900000|  0%| F|  |TAMS 0x000000008c800000| PB 0x000000008c800000| Untracked 
| 201|0x000000008c900000, 0x000000008c900000, 0x000000008ca00000|  0%| F|  |TAMS 0x000000008c900000| PB 0x000000008c900000| Untracked 
| 202|0x000000008ca00000, 0x000000008ca00000, 0x000000008cb00000|  0%| F|  |TAMS 0x000000008ca00000| PB 0x000000008ca00000| Untracked 
| 203|0x000000008cb00000, 0x000000008cb00000, 0x000000008cc00000|  0%| F|  |TAMS 0x000000008cb00000| PB 0x000000008cb00000| Untracked 
| 204|0x000000008cc00000, 0x000000008cc00000, 0x000000008cd00000|  0%| F|  |TAMS 0x000000008cc00000| PB 0x000000008cc00000| Untracked 
| 205|0x000000008cd00000, 0x000000008cd00000, 0x000000008ce00000|  0%| F|  |TAMS 0x000000008cd00000| PB 0x000000008cd00000| Untracked 
| 206|0x000000008ce00000, 0x000000008ce00000, 0x000000008cf00000|  0%| F|  |TAMS 0x000000008ce00000| PB 0x000000008ce00000| Untracked 
| 207|0x000000008cf00000, 0x000000008cf00000, 0x000000008d000000|  0%| F|  |TAMS 0x000000008cf00000| PB 0x000000008cf00000| Untracked 
| 208|0x000000008d000000, 0x000000008d000000, 0x000000008d100000|  0%| F|  |TAMS 0x000000008d000000| PB 0x000000008d000000| Untracked 
| 209|0x000000008d100000, 0x000000008d100000, 0x000000008d200000|  0%| F|  |TAMS 0x000000008d100000| PB 0x000000008d100000| Untracked 
| 210|0x000000008d200000, 0x000000008d200000, 0x000000008d300000|  0%| F|  |TAMS 0x000000008d200000| PB 0x000000008d200000| Untracked 
| 211|0x000000008d300000, 0x000000008d300000, 0x000000008d400000|  0%| F|  |TAMS 0x000000008d300000| PB 0x000000008d300000| Untracked 
| 212|0x000000008d400000, 0x000000008d400000, 0x000000008d500000|  0%| F|  |TAMS 0x000000008d400000| PB 0x000000008d400000| Untracked 
| 213|0x000000008d500000, 0x000000008d500000, 0x000000008d600000|  0%| F|  |TAMS 0x000000008d500000| PB 0x000000008d500000| Untracked 
| 214|0x000000008d600000, 0x000000008d600000, 0x000000008d700000|  0%| F|  |TAMS 0x000000008d600000| PB 0x000000008d600000| Untracked 
| 215|0x000000008d700000, 0x000000008d700000, 0x000000008d800000|  0%| F|  |TAMS 0x000000008d700000| PB 0x000000008d700000| Untracked 
| 216|0x000000008d800000, 0x000000008d800000, 0x000000008d900000|  0%| F|  |TAMS 0x000000008d800000| PB 0x000000008d800000| Untracked 
| 217|0x000000008d900000, 0x000000008d900000, 0x000000008da00000|  0%| F|  |TAMS 0x000000008d900000| PB 0x000000008d900000| Untracked 
| 218|0x000000008da00000, 0x000000008da00000, 0x000000008db00000|  0%| F|  |TAMS 0x000000008da00000| PB 0x000000008da00000| Untracked 
| 219|0x000000008db00000, 0x000000008db00000, 0x000000008dc00000|  0%| F|  |TAMS 0x000000008db00000| PB 0x000000008db00000| Untracked 
| 220|0x000000008dc00000, 0x000000008dc00000, 0x000000008dd00000|  0%| F|  |TAMS 0x000000008dc00000| PB 0x000000008dc00000| Untracked 
| 221|0x000000008dd00000, 0x000000008dd00000, 0x000000008de00000|  0%| F|  |TAMS 0x000000008dd00000| PB 0x000000008dd00000| Untracked 
| 222|0x000000008de00000, 0x000000008de00000, 0x000000008df00000|  0%| F|  |TAMS 0x000000008de00000| PB 0x000000008de00000| Untracked 
| 223|0x000000008df00000, 0x000000008df00000, 0x000000008e000000|  0%| F|  |TAMS 0x000000008df00000| PB 0x000000008df00000| Untracked 
| 253|0x000000008fd00000, 0x000000008fd00000, 0x000000008fe00000|  0%| F|  |TAMS 0x000000008fd00000| PB 0x000000008fd00000| Untracked 
|2032|0x00000000ff000000, 0x00000000ff100000, 0x00000000ff100000|100%| O|  |TAMS 0x00000000ff080000| PB 0x00000000ff000000| Untracked 
|2033|0x00000000ff100000, 0x00000000ff200000, 0x00000000ff200000|100%| O|  |TAMS 0x00000000ff200000| PB 0x00000000ff100000| Untracked 
|2034|0x00000000ff200000, 0x00000000ff300000, 0x00000000ff300000|100%| O|  |TAMS 0x00000000ff300000| PB 0x00000000ff200000| Untracked 
|2035|0x00000000ff300000, 0x00000000ff400000, 0x00000000ff400000|100%| O|  |TAMS 0x00000000ff400000| PB 0x00000000ff300000| Untracked 
|2036|0x00000000ff400000, 0x00000000ff500000, 0x00000000ff500000|100%| O|  |TAMS 0x00000000ff500000| PB 0x00000000ff400000| Untracked 
|2037|0x00000000ff500000, 0x00000000ff600000, 0x00000000ff600000|100%| O|  |TAMS 0x00000000ff600000| PB 0x00000000ff500000| Untracked 
|2038|0x00000000ff600000, 0x00000000ff700000, 0x00000000ff700000|100%| O|  |TAMS 0x00000000ff700000| PB 0x00000000ff600000| Untracked 
|2039|0x00000000ff700000, 0x00000000ff800000, 0x00000000ff800000|100%| O|  |TAMS 0x00000000ff800000| PB 0x00000000ff700000| Untracked 
|2040|0x00000000ff800000, 0x00000000ff900000, 0x00000000ff900000|100%| O|  |TAMS 0x00000000ff900000| PB 0x00000000ff800000| Untracked 
|2041|0x00000000ff900000, 0x00000000ffa00000, 0x00000000ffa00000|100%| O|  |TAMS 0x00000000ffa00000| PB 0x00000000ff900000| Untracked 
|2042|0x00000000ffa00000, 0x00000000ffb00000, 0x00000000ffb00000|100%| O|  |TAMS 0x00000000ffb00000| PB 0x00000000ffa00000| Untracked 
|2043|0x00000000ffb00000, 0x00000000ffc00000, 0x00000000ffc00000|100%| O|  |TAMS 0x00000000ffc00000| PB 0x00000000ffb00000| Untracked 
|2044|0x00000000ffc00000, 0x00000000ffd00000, 0x00000000ffd00000|100%| O|  |TAMS 0x00000000ffd00000| PB 0x00000000ffc00000| Untracked 
|2045|0x00000000ffd00000, 0x00000000ffe00000, 0x00000000ffe00000|100%| O|  |TAMS 0x00000000ffe00000| PB 0x00000000ffd00000| Untracked 
|2046|0x00000000ffe00000, 0x00000000fff00000, 0x00000000fff00000|100%| O|  |TAMS 0x00000000fff00000| PB 0x00000000ffe00000| Untracked 
|2047|0x00000000fff00000, 0x0000000100000000, 0x0000000100000000|100%| O|  |TAMS 0x0000000100000000| PB 0x00000000fff00000| Untracked 

Card table byte_map: [0x000001ebf8000000,0x000001ebf8400000] _byte_map_base: 0x000001ebf7c00000

Marking Bits: (CMBitMap*) 0x000001ebe57d30b0
 Bits: [0x000001ebf8400000, 0x000001ebfa400000)

Polling page: 0x000001ebe3940000

Metaspace:

Usage:
  Non-class:     48.88 MB used.
      Class:      7.94 MB used.
       Both:     56.82 MB used.

Virtual space:
  Non-class space:       64.00 MB reserved,      49.62 MB ( 78%) committed,  1 nodes.
      Class space:        1.00 GB reserved,       8.69 MB ( <1%) committed,  1 nodes.
             Both:        1.06 GB reserved,      58.31 MB (  5%) committed. 

Chunk freelists:
   Non-Class:  14.38 MB
       Class:  7.28 MB
        Both:  21.66 MB

MaxMetaspaceSize: unlimited
CompressedClassSpaceSize: 1.00 GB
Initial GC threshold: 21.00 MB
Current GC threshold: 97.12 MB
CDS: off
 - commit_granule_bytes: 65536.
 - commit_granule_words: 8192.
 - virtual_space_node_default_size: 8388608.
 - enlarge_chunks_in_place: 1.
 - use_allocation_guard: 0.


Internal statistics:

num_allocs_failed_limit: 6.
num_arena_births: 2788.
num_arena_deaths: 0.
num_vsnodes_births: 2.
num_vsnodes_deaths: 0.
num_space_committed: 933.
num_space_uncommitted: 0.
num_chunks_returned_to_freelist: 6.
num_chunks_taken_from_freelist: 5116.
num_chunk_merges: 6.
num_chunk_splits: 3284.
num_chunks_enlarged: 1966.
num_inconsistent_stats: 0.

CodeHeap 'non-profiled nmethods': size=120000Kb used=3031Kb max_used=3540Kb free=116968Kb
 bounds [0x000001ebf03a0000, 0x000001ebf0720000, 0x000001ebf78d0000]
CodeHeap 'profiled nmethods': size=120000Kb used=9474Kb max_used=9677Kb free=110526Kb
 bounds [0x000001ebe88d0000, 0x000001ebe9250000, 0x000001ebefe00000]
CodeHeap 'non-nmethods': size=5760Kb used=2692Kb max_used=2752Kb free=3067Kb
 bounds [0x000001ebefe00000, 0x000001ebf00c0000, 0x000001ebf03a0000]
 total_blobs=5925 nmethods=5072 adapters=756
 compilation: enabled
              stopped_count=0, restarted_count=0
 full_count=0

Compilation events (20 events):
Event: 13.428 Thread 0x000001ebfd044790 5857       2       org.gradle.internal.serialize.HierarchicalNameSerializer::writeFirstOccurrenceOfName (73 bytes)
Event: 13.429 Thread 0x000001ebfd044790 nmethod 5857 0x000001ebe8bb4210 code [0x000001ebe8bb4440, 0x000001ebe8bb4880]
Event: 13.429 Thread 0x000001ebfd044790 5858       3       java.util.Arrays::binarySearch0 (72 bytes)
Event: 13.429 Thread 0x000001ebfd044790 nmethod 5858 0x000001ebe8bb3c90 code [0x000001ebe8bb3e40, 0x000001ebe8bb40b8]
Event: 13.431 Thread 0x000001ebfd044790 5859       2       org.gradle.internal.serialize.HierarchicalNameSerializer::write (10 bytes)
Event: 13.431 Thread 0x000001ebfd044790 nmethod 5859 0x000001ebe8ffdc10 code [0x000001ebe8ffddc0, 0x000001ebe8ffdf20]
Event: 13.432 Thread 0x000001ebfd044790 5860       2       java.util.TreeMap$KeyIterator::next (8 bytes)
Event: 13.432 Thread 0x000001ebfd044790 nmethod 5860 0x000001ebe8ffd890 code [0x000001ebe8ffda40, 0x000001ebe8ffdb68]
Event: 13.432 Thread 0x000001ebfd044790 5861       2       com.google.common.collect.HashBiMap::putInverse (184 bytes)
Event: 13.434 Thread 0x000001ebfd044790 nmethod 5861 0x000001ebe895e790 code [0x000001ebe895ea60, 0x000001ebe895f3f8]
Event: 13.435 Thread 0x000001ebfd044790 5862       3       com.google.common.collect.HashBiMap::inverse (28 bytes)
Event: 13.435 Thread 0x000001ebfd044790 nmethod 5862 0x000001ebe8ffd090 code [0x000001ebe8ffd260, 0x000001ebe8ffd6c8]
Event: 13.436 Thread 0x000001ebfd044790 5863       3       org.gradle.internal.serialize.kryo.KryoBackedEncoder::writeSmallInt (11 bytes)
Event: 13.436 Thread 0x000001ebfd044790 nmethod 5863 0x000001ebe895e110 code [0x000001ebe895e2c0, 0x000001ebe895e478]
Event: 13.436 Thread 0x000001ebfd044790 5864       3       com.esotericsoftware.kryo.io.Output::writeVarInt (433 bytes)
Event: 13.437 Thread 0x000001ebfd044790 nmethod 5864 0x000001ebe8a9c390 code [0x000001ebe8a9c5e0, 0x000001ebe8a9cdb8]
Event: 13.438 Thread 0x000001ebfd044790 5865       3       org.gradle.internal.serialize.HierarchicalNameSerializer::writeName (88 bytes)
Event: 13.438 Thread 0x000001ebfd044790 nmethod 5865 0x000001ebe89aef10 code [0x000001ebe89af1a0, 0x000001ebe89afd30]
Event: 13.438 Thread 0x000001ebfd044790 5866       3       com.google.common.collect.HashBiMap$Inverse::get (16 bytes)
Event: 13.439 Thread 0x000001ebfd044790 nmethod 5866 0x000001ebe8ffc810 code [0x000001ebe8ffca00, 0x000001ebe8ffcec8]

GC Heap History (20 events):
Event: 8.283 GC heap after
{Heap after GC invocations=8 (full 0):
 garbage-first heap   total 92160K, used 26123K [0x0000000080000000, 0x0000000100000000)
  region size 1024K, 5 young (5120K), 5 survivors (5120K)
 Metaspace       used 35212K, committed 35968K, reserved 1114112K
  class space    used 4809K, committed 5184K, reserved 1048576K
}
Event: 9.192 GC heap before
{Heap before GC invocations=9 (full 0):
 garbage-first heap   total 92160K, used 89611K [0x0000000080000000, 0x0000000100000000)
  region size 1024K, 40 young (40960K), 5 survivors (5120K)
 Metaspace       used 39208K, committed 40128K, reserved 1114112K
  class space    used 5429K, committed 5888K, reserved 1048576K
}
Event: 9.202 GC heap after
{Heap after GC invocations=10 (full 0):
 garbage-first heap   total 103424K, used 60830K [0x0000000080000000, 0x0000000100000000)
  region size 1024K, 7 young (7168K), 7 survivors (7168K)
 Metaspace       used 39208K, committed 40128K, reserved 1114112K
  class space    used 5429K, committed 5888K, reserved 1048576K
}
Event: 9.889 GC heap before
{Heap before GC invocations=10 (full 0):
 garbage-first heap   total 103424K, used 87454K [0x0000000080000000, 0x0000000100000000)
  region size 1024K, 34 young (34816K), 7 survivors (7168K)
 Metaspace       used 45068K, committed 46016K, reserved 1114112K
  class space    used 6140K, committed 6592K, reserved 1048576K
}
Event: 9.897 GC heap after
{Heap after GC invocations=11 (full 0):
 garbage-first heap   total 103424K, used 63611K [0x0000000080000000, 0x0000000100000000)
  region size 1024K, 4 young (4096K), 4 survivors (4096K)
 Metaspace       used 45068K, committed 46016K, reserved 1114112K
  class space    used 6140K, committed 6592K, reserved 1048576K
}
Event: 10.289 GC heap before
{Heap before GC invocations=11 (full 0):
 garbage-first heap   total 103424K, used 92283K [0x0000000080000000, 0x0000000100000000)
  region size 1024K, 32 young (32768K), 4 survivors (4096K)
 Metaspace       used 46439K, committed 47360K, reserved 1114112K
  class space    used 6261K, committed 6720K, reserved 1048576K
}
Event: 10.295 GC heap after
{Heap after GC invocations=12 (full 0):
 garbage-first heap   total 103424K, used 66338K [0x0000000080000000, 0x0000000100000000)
  region size 1024K, 3 young (3072K), 3 survivors (3072K)
 Metaspace       used 46439K, committed 47360K, reserved 1114112K
  class space    used 6261K, committed 6720K, reserved 1048576K
}
Event: 10.973 GC heap before
{Heap before GC invocations=13 (full 0):
 garbage-first heap   total 111616K, used 98082K [0x0000000080000000, 0x0000000100000000)
  region size 1024K, 30 young (30720K), 3 survivors (3072K)
 Metaspace       used 50125K, committed 51200K, reserved 1114112K
  class space    used 6715K, committed 7232K, reserved 1048576K
}
Event: 10.980 GC heap after
{Heap after GC invocations=14 (full 0):
 garbage-first heap   total 111616K, used 67803K [0x0000000080000000, 0x0000000100000000)
  region size 1024K, 3 young (3072K), 3 survivors (3072K)
 Metaspace       used 50125K, committed 51200K, reserved 1114112K
  class space    used 6715K, committed 7232K, reserved 1048576K
}
Event: 11.511 GC heap before
{Heap before GC invocations=14 (full 0):
 garbage-first heap   total 111616K, used 99547K [0x0000000080000000, 0x0000000100000000)
  region size 1024K, 34 young (34816K), 3 survivors (3072K)
 Metaspace       used 53969K, committed 55424K, reserved 1114112K
  class space    used 7366K, committed 8064K, reserved 1048576K
}
Event: 11.519 GC heap after
{Heap after GC invocations=15 (full 0):
 garbage-first heap   total 134144K, used 69260K [0x0000000080000000, 0x0000000100000000)
  region size 1024K, 4 young (4096K), 4 survivors (4096K)
 Metaspace       used 53969K, committed 55424K, reserved 1114112K
  class space    used 7366K, committed 8064K, reserved 1048576K
}
Event: 12.916 GC heap before
{Heap before GC invocations=15 (full 0):
 garbage-first heap   total 134144K, used 122508K [0x0000000080000000, 0x0000000100000000)
  region size 1024K, 54 young (55296K), 4 survivors (4096K)
 Metaspace       used 58076K, committed 59648K, reserved 1114112K
  class space    used 8108K, committed 8896K, reserved 1048576K
}
Event: 12.930 GC heap after
{Heap after GC invocations=16 (full 0):
 garbage-first heap   total 134144K, used 78554K [0x0000000080000000, 0x0000000100000000)
  region size 1024K, 7 young (7168K), 7 survivors (7168K)
 Metaspace       used 58076K, committed 59648K, reserved 1114112K
  class space    used 8108K, committed 8896K, reserved 1048576K
}
Event: 13.136 GC heap before
{Heap before GC invocations=17 (full 0):
 garbage-first heap   total 134144K, used 118490K [0x0000000080000000, 0x0000000100000000)
  region size 1024K, 46 young (47104K), 7 survivors (7168K)
 Metaspace       used 58099K, committed 59648K, reserved 1114112K
  class space    used 8108K, committed 8896K, reserved 1048576K
}
Event: 13.163 GC heap after
{Heap after GC invocations=18 (full 0):
 garbage-first heap   total 144384K, used 97009K [0x0000000080000000, 0x0000000100000000)
  region size 1024K, 6 young (6144K), 6 survivors (6144K)
 Metaspace       used 58099K, committed 59648K, reserved 1114112K
  class space    used 8108K, committed 8896K, reserved 1048576K
}
Event: 13.308 GC heap before
{Heap before GC invocations=18 (full 0):
 garbage-first heap   total 144384K, used 125681K [0x0000000080000000, 0x0000000100000000)
  region size 1024K, 32 young (32768K), 6 survivors (6144K)
 Metaspace       used 58109K, committed 59648K, reserved 1114112K
  class space    used 8108K, committed 8896K, reserved 1048576K
}
Event: 13.332 GC heap after
{Heap after GC invocations=19 (full 0):
 garbage-first heap   total 146432K, used 112128K [0x0000000080000000, 0x0000000100000000)
  region size 1024K, 4 young (4096K), 4 survivors (4096K)
 Metaspace       used 58109K, committed 59648K, reserved 1114112K
  class space    used 8108K, committed 8896K, reserved 1048576K
}
Event: 13.390 GC heap before
{Heap before GC invocations=19 (full 0):
 garbage-first heap   total 146432K, used 127488K [0x0000000080000000, 0x0000000100000000)
  region size 1024K, 20 young (20480K), 4 survivors (4096K)
 Metaspace       used 58166K, committed 59648K, reserved 1114112K
  class space    used 8131K, committed 8896K, reserved 1048576K
}
Event: 13.404 GC heap after
{Heap after GC invocations=20 (full 0):
 garbage-first heap   total 146432K, used 119147K [0x0000000080000000, 0x0000000100000000)
  region size 1024K, 3 young (3072K), 3 survivors (3072K)
 Metaspace       used 58166K, committed 59648K, reserved 1114112K
  class space    used 8131K, committed 8896K, reserved 1048576K
}
Event: 13.439 GC heap before
{Heap before GC invocations=20 (full 0):
 garbage-first heap   total 146432K, used 131435K [0x0000000080000000, 0x0000000100000000)
  region size 1024K, 15 young (15360K), 3 survivors (3072K)
 Metaspace       used 58180K, committed 59712K, reserved 1114112K
  class space    used 8131K, committed 8896K, reserved 1048576K
}

Dll operation events (3 events):
Event: 0.022 Loaded shared library D:\AndroidStudioWork\AndroidSetup\jbr\bin\java.dll
Event: 0.037 Loaded shared library D:\AndroidStudioWork\AndroidSetup\jbr\bin\zip.dll
Event: 2.138 Loaded shared library D:\AndroidStudioWork\AndroidSetup\jbr\bin\verify.dll

Deoptimization events (20 events):
Event: 12.906 Thread 0x000001ebfee945a0 DEOPT PACKING pc=0x000001ebf0708d3c sp=0x0000002a7c5f2be0
Event: 12.906 Thread 0x000001ebfee945a0 DEOPT UNPACKING pc=0x000001ebefe546a2 sp=0x0000002a7c5f2ac8 mode 2
Event: 12.908 Thread 0x000001ebfee945a0 Uncommon trap: trap_request=0xffffff45 fr.pc=0x000001ebf0709b80 relative=0x0000000000000320
Event: 12.908 Thread 0x000001ebfee945a0 Uncommon trap: reason=unstable_if action=reinterpret pc=0x000001ebf0709b80 method=com.esotericsoftware.kryo.io.Input.readVarInt(Z)I @ 81 c2
Event: 12.908 Thread 0x000001ebfee945a0 DEOPT PACKING pc=0x000001ebf0709b80 sp=0x0000002a7c5f2d30
Event: 12.908 Thread 0x000001ebfee945a0 DEOPT UNPACKING pc=0x000001ebefe546a2 sp=0x0000002a7c5f2cd8 mode 2
Event: 13.277 Thread 0x000001ebfee945a0 DEOPT PACKING pc=0x000001ebe89b5053 sp=0x0000002a7c5f35a0
Event: 13.277 Thread 0x000001ebfee945a0 DEOPT UNPACKING pc=0x000001ebefe54e42 sp=0x0000002a7c5f2a68 mode 0
Event: 13.346 Thread 0x000001ebff5f2ee0 Uncommon trap: trap_request=0xffffff45 fr.pc=0x000001ebf04a426c relative=0x00000000000016ac
Event: 13.346 Thread 0x000001ebff5f21c0 Uncommon trap: trap_request=0xffffff45 fr.pc=0x000001ebf04a43e4 relative=0x0000000000001824
Event: 13.346 Thread 0x000001ebff5f2ee0 Uncommon trap: reason=unstable_if action=reinterpret pc=0x000001ebf04a426c method=java.util.concurrent.ConcurrentHashMap.transfer([Ljava/util/concurrent/ConcurrentHashMap$Node;[Ljava/util/concurrent/ConcurrentHashMap$Node;)V @ 34 c2
Event: 13.346 Thread 0x000001ebff5f2ee0 DEOPT PACKING pc=0x000001ebf04a426c sp=0x0000002a7effad40
Event: 13.346 Thread 0x000001ebff5f21c0 Uncommon trap: reason=unstable_if action=reinterpret pc=0x000001ebf04a43e4 method=java.util.concurrent.ConcurrentHashMap.transfer([Ljava/util/concurrent/ConcurrentHashMap$Node;[Ljava/util/concurrent/ConcurrentHashMap$Node;)V @ 273 c2
Event: 13.346 Thread 0x000001ebff5f21c0 DEOPT PACKING pc=0x000001ebf04a43e4 sp=0x0000002a7eafae40
Event: 13.346 Thread 0x000001ebff5f2ee0 DEOPT UNPACKING pc=0x000001ebefe546a2 sp=0x0000002a7effacb8 mode 2
Event: 13.346 Thread 0x000001ebff5f21c0 DEOPT UNPACKING pc=0x000001ebefe546a2 sp=0x0000002a7eafadb0 mode 2
Event: 13.409 Thread 0x000001ebfee945a0 Uncommon trap: trap_request=0xffffff45 fr.pc=0x000001ebf05288c4 relative=0x0000000000000a64
Event: 13.409 Thread 0x000001ebfee945a0 Uncommon trap: reason=unstable_if action=reinterpret pc=0x000001ebf05288c4 method=com.google.common.collect.MapMakerInternalMap$Segment.getEntry(Ljava/lang/Object;I)Lcom/google/common/collect/MapMakerInternalMap$InternalEntry; @ 63 c2
Event: 13.409 Thread 0x000001ebfee945a0 DEOPT PACKING pc=0x000001ebf05288c4 sp=0x0000002a7c5f3b10
Event: 13.409 Thread 0x000001ebfee945a0 DEOPT UNPACKING pc=0x000001ebefe546a2 sp=0x0000002a7c5f3a18 mode 2

Classes loaded (20 events):
Event: 11.928 Loading class java/util/stream/DistinctOps$1$2
Event: 11.928 Loading class java/util/stream/DistinctOps$1$2 done
Event: 11.944 Loading class sun/reflect/ReflectionFactory
Event: 11.945 Loading class sun/reflect/ReflectionFactory done
Event: 11.945 Loading class sun/reflect/ReflectionFactory$1
Event: 11.945 Loading class sun/reflect/ReflectionFactory$1 done
Event: 12.537 Loading class java/util/stream/SortedOps
Event: 12.537 Loading class java/util/stream/SortedOps done
Event: 12.537 Loading class java/util/stream/SortedOps$OfRef
Event: 12.538 Loading class java/util/stream/SortedOps$OfRef done
Event: 12.540 Loading class java/util/stream/SortedOps$SizedRefSortingSink
Event: 12.540 Loading class java/util/stream/SortedOps$AbstractRefSortingSink
Event: 12.540 Loading class java/util/stream/SortedOps$AbstractRefSortingSink done
Event: 12.540 Loading class java/util/stream/SortedOps$SizedRefSortingSink done
Event: 12.608 Loading class java/lang/ThreadDeath
Event: 12.608 Loading class java/lang/ThreadDeath done
Event: 12.608 Loading class sun/misc/SharedSecrets
Event: 12.608 Loading class sun/misc/SharedSecrets done
Event: 12.828 Loading class java/util/DualPivotQuicksort
Event: 12.828 Loading class java/util/DualPivotQuicksort done

Classes unloaded (0 events):
No events

Classes redefined (0 events):
No events

Internal exceptions (20 events):
Event: 12.586 Thread 0x000001ebff771290 Exception <a 'sun/nio/fs/WindowsException'{0x0000000086233ce8}> (0x0000000086233ce8) 
thrown [s\src\hotspot\share\prims\jni.cpp, line 537]
Event: 12.598 Thread 0x000001ebfee945a0 Exception <a 'java/lang/ClassNotFoundException'{0x000000008624f438}: sync_studio_tooling2_eiz6x5qeh9vh91ibownjd9tv1BeanInfo> (0x000000008624f438) 
thrown [s\src\hotspot\share\classfile\systemDictionary.cpp, line 312]
Event: 12.598 Thread 0x000001ebfee945a0 Exception <a 'java/lang/ClassNotFoundException'{0x0000000086256fc0}: sync_studio_tooling2_eiz6x5qeh9vh91ibownjd9tv1Customizer> (0x0000000086256fc0) 
thrown [s\src\hotspot\share\classfile\systemDictionary.cpp, line 312]
Event: 12.608 Thread 0x000001ebfee945a0 Exception <a 'java/lang/ClassNotFoundException'{0x00000000862a7f40}: sun/misc/SharedSecrets> (0x00000000862a7f40) 
thrown [s\src\hotspot\share\classfile\systemDictionary.cpp, line 312]
Event: 12.608 Thread 0x000001ebfee945a0 Exception <a 'java/lang/ClassNotFoundException'{0x00000000862a9288}: org/gradle/util/GradleVersionBeanInfo> (0x00000000862a9288) 
thrown [s\src\hotspot\share\classfile\systemDictionary.cpp, line 312]
Event: 12.609 Thread 0x000001ebfee945a0 Exception <a 'java/lang/ClassNotFoundException'{0x00000000862b9738}: org/gradle/util/GradleVersionCustomizer> (0x00000000862b9738) 
thrown [s\src\hotspot\share\classfile\systemDictionary.cpp, line 312]
Event: 12.616 Thread 0x000001ebfee945a0 Exception <a 'java/lang/ClassNotFoundException'{0x0000000086132c30}: org/gradle/util/internal/DefaultGradleVersionBeanInfo> (0x0000000086132c30) 
thrown [s\src\hotspot\share\classfile\systemDictionary.cpp, line 312]
Event: 12.617 Thread 0x000001ebfee945a0 Exception <a 'java/lang/ClassNotFoundException'{0x0000000086143968}: org/gradle/util/internal/DefaultGradleVersionCustomizer> (0x0000000086143968) 
thrown [s\src\hotspot\share\classfile\systemDictionary.cpp, line 312]
Event: 12.628 Thread 0x000001ebfee945a0 Exception <a 'java/lang/ClassNotFoundException'{0x00000000861bc1b0}: org/gradle/invocation/DefaultGradle$DefaultGradleLifecycle_DecoratedBeanInfo> (0x00000000861bc1b0) 
thrown [s\src\hotspot\share\classfile\systemDictionary.cpp, line 312]
Event: 12.629 Thread 0x000001ebfee945a0 Exception <a 'java/lang/ClassNotFoundException'{0x00000000861cda28}: org/gradle/invocation/DefaultGradle$DefaultGradleLifecycleBeanInfo> (0x00000000861cda28) 
thrown [s\src\hotspot\share\classfile\systemDictionary.cpp, line 312]
Event: 12.631 Thread 0x000001ebfee945a0 Exception <a 'java/lang/ClassNotFoundException'{0x00000000861deba8}: org/gradle/invocation/DefaultGradle$DefaultGradleLifecycleCustomizer> (0x00000000861deba8) 
thrown [s\src\hotspot\share\classfile\systemDictionary.cpp, line 312]
Event: 12.633 Thread 0x000001ebfee945a0 Exception <a 'java/lang/ClassNotFoundException'{0x00000000861f3ee8}: org/gradle/invocation/DefaultGradle$DefaultGradleLifecycle_DecoratedCustomizer> (0x00000000861f3ee8) 
thrown [s\src\hotspot\share\classfile\systemDictionary.cpp, line 312]
Event: 12.668 Thread 0x000001ebfee945a0 Exception <a 'java/lang/ClassNotFoundException'{0x00000000860c3128}: ijInit1_bct0kefh0rm3e8v8v6p0yz4flBeanInfo> (0x00000000860c3128) 
thrown [s\src\hotspot\share\classfile\systemDictionary.cpp, line 312]
Event: 12.668 Thread 0x000001ebfee945a0 Exception <a 'java/lang/ClassNotFoundException'{0x00000000860ca380}: ijInit1_bct0kefh0rm3e8v8v6p0yz4flCustomizer> (0x00000000860ca380) 
thrown [s\src\hotspot\share\classfile\systemDictionary.cpp, line 312]
Event: 12.684 Thread 0x000001ebfee945a0 Exception <a 'java/lang/ClassNotFoundException'{0x0000000085f17928}: ijInit1_bct0kefh0rm3e8v8v6p0yz4fl$_run_closure1BeanInfo> (0x0000000085f17928) 
thrown [s\src\hotspot\share\classfile\systemDictionary.cpp, line 312]
Event: 12.685 Thread 0x000001ebfee945a0 Exception <a 'java/lang/ClassNotFoundException'{0x0000000085f1fa70}: ijInit1_bct0kefh0rm3e8v8v6p0yz4fl$_run_closure1Customizer> (0x0000000085f1fa70) 
thrown [s\src\hotspot\share\classfile\systemDictionary.cpp, line 312]
Event: 12.768 Thread 0x000001ebff5f1b30 Exception <a 'java/lang/IncompatibleClassChangeError'{0x0000000085b484d8}: Found class java.lang.Object, but interface was expected> (0x0000000085b484d8) 
thrown [s\src\hotspot\share\interpreter\linkResolver.cpp, line 851]
Event: 12.768 Thread 0x000001ebff5f3570 Exception <a 'java/lang/IncompatibleClassChangeError'{0x0000000085b6cec8}: Found class java.lang.Object, but interface was expected> (0x0000000085b6cec8) 
thrown [s\src\hotspot\share\interpreter\linkResolver.cpp, line 851]
Event: 12.768 Thread 0x000001ebff5f0780 Exception <a 'java/lang/IncompatibleClassChangeError'{0x0000000085b4f920}: Found class java.lang.Object, but interface was expected> (0x0000000085b4f920) 
thrown [s\src\hotspot\share\interpreter\linkResolver.cpp, line 851]
Event: 12.768 Thread 0x000001ebfee945a0 Exception <a 'java/lang/IncompatibleClassChangeError'{0x0000000085d2efb8}: Found class java.lang.Object, but interface was expected> (0x0000000085d2efb8) 
thrown [s\src\hotspot\share\interpreter\linkResolver.cpp, line 851]

ZGC Phase Switch (0 events):
No events

VM Operations (20 events):
Event: 11.519 Executing VM operation: G1CollectForAllocation (G1 Evacuation Pause) done
Event: 11.799 Executing VM operation: HandshakeAllThreads (Deoptimize)
Event: 11.799 Executing VM operation: HandshakeAllThreads (Deoptimize) done
Event: 11.928 Executing VM operation: HandshakeAllThreads (Deoptimize)
Event: 11.928 Executing VM operation: HandshakeAllThreads (Deoptimize) done
Event: 12.633 Executing VM operation: ICBufferFull
Event: 12.634 Executing VM operation: ICBufferFull done
Event: 12.916 Executing VM operation: G1CollectForAllocation (G1 Evacuation Pause)
Event: 12.930 Executing VM operation: G1CollectForAllocation (G1 Evacuation Pause) done
Event: 12.986 Executing VM operation: G1PauseRemark
Event: 12.990 Executing VM operation: G1PauseRemark done
Event: 13.010 Executing VM operation: G1PauseCleanup
Event: 13.010 Executing VM operation: G1PauseCleanup done
Event: 13.136 Executing VM operation: G1CollectForAllocation (G1 Evacuation Pause)
Event: 13.163 Executing VM operation: G1CollectForAllocation (G1 Evacuation Pause) done
Event: 13.308 Executing VM operation: G1CollectForAllocation (G1 Evacuation Pause)
Event: 13.332 Executing VM operation: G1CollectForAllocation (G1 Evacuation Pause) done
Event: 13.389 Executing VM operation: G1CollectForAllocation (G1 Evacuation Pause)
Event: 13.404 Executing VM operation: G1CollectForAllocation (G1 Evacuation Pause) done
Event: 13.439 Executing VM operation: G1CollectForAllocation (G1 Evacuation Pause)

Memory protections (0 events):
No events

Nmethod flushes (20 events):
Event: 12.989 Thread 0x000001ebfcf5d5f0 flushing  nmethod 0x000001ebe89b6990
Event: 12.989 Thread 0x000001ebfcf5d5f0 flushing  nmethod 0x000001ebe89b9090
Event: 12.989 Thread 0x000001ebfcf5d5f0 flushing  nmethod 0x000001ebe8a8a790
Event: 12.989 Thread 0x000001ebfcf5d5f0 flushing  nmethod 0x000001ebe8b24a90
Event: 12.989 Thread 0x000001ebfcf5d5f0 flushing  nmethod 0x000001ebe8b25c90
Event: 12.989 Thread 0x000001ebfcf5d5f0 flushing  nmethod 0x000001ebe8b91090
Event: 12.989 Thread 0x000001ebfcf5d5f0 flushing  nmethod 0x000001ebe8c1ce10
Event: 12.989 Thread 0x000001ebfcf5d5f0 flushing  nmethod 0x000001ebe8c1da10
Event: 12.989 Thread 0x000001ebfcf5d5f0 flushing  nmethod 0x000001ebe8c1fd10
Event: 12.989 Thread 0x000001ebfcf5d5f0 flushing  nmethod 0x000001ebe8c6f790
Event: 12.989 Thread 0x000001ebfcf5d5f0 flushing  nmethod 0x000001ebe8c71010
Event: 12.989 Thread 0x000001ebfcf5d5f0 flushing  nmethod 0x000001ebe8c71890
Event: 12.989 Thread 0x000001ebfcf5d5f0 flushing  nmethod 0x000001ebe8d8ea10
Event: 12.989 Thread 0x000001ebfcf5d5f0 flushing  nmethod 0x000001ebe8f4f710
Event: 12.989 Thread 0x000001ebfcf5d5f0 flushing  nmethod 0x000001ebe8f50210
Event: 12.989 Thread 0x000001ebfcf5d5f0 flushing  nmethod 0x000001ebe8f50690
Event: 12.989 Thread 0x000001ebfcf5d5f0 flushing  nmethod 0x000001ebe8fb9d10
Event: 12.989 Thread 0x000001ebfcf5d5f0 flushing  nmethod 0x000001ebe8febc90
Event: 12.989 Thread 0x000001ebfcf5d5f0 flushing  nmethod 0x000001ebe8feec90
Event: 12.989 Thread 0x000001ebfcf5d5f0 flushing  nmethod 0x000001ebe8fef090

Events (20 events):
Event: 12.038 Thread 0x000001ebfee945a0 Thread added: 0x000001ebff774080
Event: 12.039 Thread 0x000001ebfee945a0 Thread added: 0x000001ebff5ed300
Event: 12.228 Thread 0x000001ebffb48a50 Thread exited: 0x000001ebffb48a50
Event: 12.531 Thread 0x000001ebfe4f9460 Thread exited: 0x000001ebfe4f9460
Event: 12.597 Thread 0x000001ebfd044790 Thread added: 0x000001ebffb48a50
Event: 12.700 Thread 0x000001ebfee945a0 Thread added: 0x000001ebff5f00f0
Event: 12.701 Thread 0x000001ebfee945a0 Thread added: 0x000001ebff5efa60
Event: 12.702 Thread 0x000001ebfee945a0 Thread added: 0x000001ebff5ee020
Event: 12.702 Thread 0x000001ebfee945a0 Thread added: 0x000001ebff5ee6b0
Event: 12.703 Thread 0x000001ebfee945a0 Thread added: 0x000001ebff5eed40
Event: 12.704 Thread 0x000001ebfee945a0 Thread added: 0x000001ebff5f0e10
Event: 12.705 Thread 0x000001ebfee945a0 Thread added: 0x000001ebff5ed990
Event: 12.739 Thread 0x000001ebfee945a0 Thread added: 0x000001ebff5f21c0
Event: 12.739 Thread 0x000001ebfee945a0 Thread added: 0x000001ebff5f1b30
Event: 12.740 Thread 0x000001ebfee945a0 Thread added: 0x000001ebff5f14a0
Event: 12.741 Thread 0x000001ebfee945a0 Thread added: 0x000001ebff5f0780
Event: 12.741 Thread 0x000001ebfee945a0 Thread added: 0x000001ebff5ef3d0
Event: 12.742 Thread 0x000001ebfee945a0 Thread added: 0x000001ebff5f2ee0
Event: 12.743 Thread 0x000001ebfee945a0 Thread added: 0x000001ebff5f3570
Event: 12.851 Thread 0x000001ebfd044790 Thread added: 0x000001eb85d3f2a0


Dynamic libraries:
0x00007ff7f3a70000 - 0x00007ff7f3a7a000 	D:\AndroidStudioWork\AndroidSetup\jbr\bin\java.exe
0x00007ffead660000 - 0x00007ffead8c7000 	C:\WINDOWS\SYSTEM32\ntdll.dll
0x00007ffeabf80000 - 0x00007ffeac049000 	C:\WINDOWS\System32\KERNEL32.DLL
0x00007ffeaabc0000 - 0x00007ffeaafaf000 	C:\WINDOWS\System32\KERNELBASE.dll
0x00007ffeab080000 - 0x00007ffeab1cb000 	C:\WINDOWS\System32\ucrtbase.dll
0x00007ffea72a0000 - 0x00007ffea72bb000 	D:\AndroidStudioWork\AndroidSetup\jbr\bin\VCRUNTIME140.dll
0x00007ffe9b760000 - 0x00007ffe9b778000 	D:\AndroidStudioWork\AndroidSetup\jbr\bin\jli.dll
0x00007ffeab400000 - 0x00007ffeab5c5000 	C:\WINDOWS\System32\USER32.dll
0x00007ffe8f100000 - 0x00007ffe8f393000 	C:\WINDOWS\WinSxS\amd64_microsoft.windows.common-controls_6595b64144ccf1df_6.0.26100.7309_none_3e05feeae336a044\COMCTL32.dll
0x00007ffeab340000 - 0x00007ffeab367000 	C:\WINDOWS\System32\win32u.dll
0x00007ffeabc80000 - 0x00007ffeabd29000 	C:\WINDOWS\System32\msvcrt.dll
0x00007ffeac960000 - 0x00007ffeac98b000 	C:\WINDOWS\System32\GDI32.dll
0x00007ffeaa9e0000 - 0x00007ffeaab0c000 	C:\WINDOWS\System32\gdi32full.dll
0x00007ffeaa930000 - 0x00007ffeaa9d3000 	C:\WINDOWS\System32\msvcp_win.dll
0x00007ffeabc40000 - 0x00007ffeabc71000 	C:\WINDOWS\System32\IMM32.DLL
0x00007ffea3dd0000 - 0x00007ffea3ddc000 	D:\AndroidStudioWork\AndroidSetup\jbr\bin\vcruntime140_1.dll
0x00007ffe75650000 - 0x00007ffe756dd000 	D:\AndroidStudioWork\AndroidSetup\jbr\bin\msvcp140.dll
0x00007ffe13fd0000 - 0x00007ffe14c5e000 	D:\AndroidStudioWork\AndroidSetup\jbr\bin\server\jvm.dll
0x00007ffeacb10000 - 0x00007ffeacbc4000 	C:\WINDOWS\System32\ADVAPI32.dll
0x00007ffeab6d0000 - 0x00007ffeab776000 	C:\WINDOWS\System32\sechost.dll
0x00007ffead490000 - 0x00007ffead5a8000 	C:\WINDOWS\System32\RPCRT4.dll
0x00007ffeacbe0000 - 0x00007ffeacc54000 	C:\WINDOWS\System32\WS2_32.dll
0x00007ffeaa610000 - 0x00007ffeaa66e000 	C:\WINDOWS\SYSTEM32\POWRPROF.dll
0x00007ffe91070000 - 0x00007ffe910a5000 	C:\WINDOWS\SYSTEM32\WINMM.dll
0x00007ffea2360000 - 0x00007ffea236b000 	C:\WINDOWS\SYSTEM32\VERSION.dll
0x00007ffeaa5f0000 - 0x00007ffeaa604000 	C:\WINDOWS\SYSTEM32\UMPDC.dll
0x00007ffea9520000 - 0x00007ffea953b000 	C:\WINDOWS\SYSTEM32\kernel.appcore.dll
0x00007ffea39b0000 - 0x00007ffea39ba000 	D:\AndroidStudioWork\AndroidSetup\jbr\bin\jimage.dll
0x00007ffea7e30000 - 0x00007ffea8072000 	C:\WINDOWS\SYSTEM32\DBGHELP.DLL
0x00007ffeac050000 - 0x00007ffeac3d5000 	C:\WINDOWS\System32\combase.dll
0x00007ffeac3e0000 - 0x00007ffeac4b6000 	C:\WINDOWS\System32\OLEAUT32.dll
0x00007ffe8ee20000 - 0x00007ffe8ee5c000 	C:\WINDOWS\SYSTEM32\dbgcore.DLL
0x00007ffeaab10000 - 0x00007ffeaabb5000 	C:\WINDOWS\System32\bcryptPrimitives.dll
0x00007ffea6f60000 - 0x00007ffea6f6e000 	D:\AndroidStudioWork\AndroidSetup\jbr\bin\instrument.dll
0x00007ffea3810000 - 0x00007ffea3830000 	D:\AndroidStudioWork\AndroidSetup\jbr\bin\java.dll
0x00007ffea2a60000 - 0x00007ffea2a78000 	D:\AndroidStudioWork\AndroidSetup\jbr\bin\zip.dll
0x00007ffeacd30000 - 0x00007ffead483000 	C:\WINDOWS\System32\SHELL32.dll
0x00007ffeab1d0000 - 0x00007ffeab33a000 	C:\WINDOWS\System32\wintypes.dll
0x00007ffea8390000 - 0x00007ffea8bee000 	C:\WINDOWS\SYSTEM32\windows.storage.dll
0x00007ffeabb40000 - 0x00007ffeabc35000 	C:\WINDOWS\System32\SHCORE.dll
0x00007ffeabad0000 - 0x00007ffeabb36000 	C:\WINDOWS\System32\shlwapi.dll
0x00007ffeaa6d0000 - 0x00007ffeaa6f9000 	C:\WINDOWS\SYSTEM32\profapi.dll
0x00007ffea39a0000 - 0x00007ffea39b0000 	D:\AndroidStudioWork\AndroidSetup\jbr\bin\net.dll
0x00007ffea1500000 - 0x00007ffea1628000 	C:\WINDOWS\SYSTEM32\WINHTTP.dll
0x00007ffea9a70000 - 0x00007ffea9adb000 	C:\WINDOWS\system32\mswsock.dll
0x00007ffea2430000 - 0x00007ffea2446000 	D:\AndroidStudioWork\AndroidSetup\jbr\bin\nio.dll
0x00007ffe96f40000 - 0x00007ffe96f50000 	D:\AndroidStudioWork\AndroidSetup\jbr\bin\verify.dll
0x00007ffe8ddf0000 - 0x00007ffe8de17000 	C:\Users\HANZALLAH\.gradle\native\1def1411415f61bf3af743bc5b6707747c0891f09f0c88961ee8f79bc544acac\windows-amd64\native-platform.dll
0x00007ffe755d0000 - 0x00007ffe75648000 	C:\Users\HANZALLAH\.gradle\native\0.2.7\x86_64-windows-gnu\gradle-fileevents.dll
0x00007ffea37e0000 - 0x00007ffea37e9000 	D:\AndroidStudioWork\AndroidSetup\jbr\bin\management.dll
0x00007ffe9b160000 - 0x00007ffe9b16b000 	D:\AndroidStudioWork\AndroidSetup\jbr\bin\management_ext.dll
0x00007ffeac950000 - 0x00007ffeac958000 	C:\WINDOWS\System32\PSAPI.DLL
0x00007ffea8f60000 - 0x00007ffea8f94000 	C:\WINDOWS\SYSTEM32\IPHLPAPI.DLL
0x00007ffeacb00000 - 0x00007ffeacb0a000 	C:\WINDOWS\System32\NSI.dll
0x00007ffea3800000 - 0x00007ffea3809000 	D:\AndroidStudioWork\AndroidSetup\jbr\bin\extnet.dll
0x00007ffea9e60000 - 0x00007ffea9e7b000 	C:\WINDOWS\SYSTEM32\CRYPTSP.dll
0x00007ffea9480000 - 0x00007ffea94ba000 	C:\WINDOWS\system32\rsaenh.dll
0x00007ffea9b20000 - 0x00007ffea9b4b000 	C:\WINDOWS\SYSTEM32\USERENV.dll
0x00007ffeaa6a0000 - 0x00007ffeaa6ca000 	C:\WINDOWS\SYSTEM32\bcrypt.dll
0x00007ffea9cc0000 - 0x00007ffea9ccc000 	C:\WINDOWS\SYSTEM32\CRYPTBASE.dll
0x00007ffea51d0000 - 0x00007ffea51d8000 	C:\WINDOWS\system32\wshunix.dll

dbghelp: loaded successfully - version: 4.0.5 - missing functions: none
symbol engine: initialized successfully - sym options: 0x614 - pdb path: .;D:\AndroidStudioWork\AndroidSetup\jbr\bin;C:\WINDOWS\SYSTEM32;C:\WINDOWS\WinSxS\amd64_microsoft.windows.common-controls_6595b64144ccf1df_6.0.26100.7309_none_3e05feeae336a044;D:\AndroidStudioWork\AndroidSetup\jbr\bin\server;C:\Users\HANZALLAH\.gradle\native\1def1411415f61bf3af743bc5b6707747c0891f09f0c88961ee8f79bc544acac\windows-amd64;C:\Users\HANZALLAH\.gradle\native\0.2.7\x86_64-windows-gnu

VM Arguments:
jvm_args: --add-opens=java.base/java.lang=ALL-UNNAMED --add-opens=java.base/java.lang.invoke=ALL-UNNAMED --add-opens=java.base/java.util=ALL-UNNAMED --add-opens=java.prefs/java.util.prefs=ALL-UNNAMED --add-exports=jdk.compiler/com.sun.tools.javac.api=ALL-UNNAMED --add-exports=jdk.compiler/com.sun.tools.javac.util=ALL-UNNAMED --add-opens=java.base/java.util=ALL-UNNAMED --add-opens=java.prefs/java.util.prefs=ALL-UNNAMED --add-opens=java.base/java.nio.charset=ALL-UNNAMED --add-opens=java.base/java.net=ALL-UNNAMED --add-opens=java.base/java.util.concurrent.atomic=ALL-UNNAMED --add-opens=java.xml/javax.xml.namespace=ALL-UNNAMED -Xmx2048m -Dfile.encoding=UTF-8 -Duser.country=US -Duser.language=en -Duser.variant -javaagent:C:\Users\HANZALLAH\.gradle\wrapper\dists\gradle-8.13-bin\5xuhj0ry160q40clulazy9h7d\gradle-8.13\lib\agents\gradle-instrumentation-agent-8.13.jar 
java_command: org.gradle.launcher.daemon.bootstrap.GradleDaemon 8.13
java_class_path (initial): C:\Users\HANZALLAH\.gradle\wrapper\dists\gradle-8.13-bin\5xuhj0ry160q40clulazy9h7d\gradle-8.13\lib\gradle-daemon-main-8.13.jar
Launcher Type: SUN_STANDARD

[Global flags]
     intx CICompilerCount                          = 4                                         {product} {ergonomic}
     uint ConcGCThreads                            = 2                                         {product} {ergonomic}
     uint G1ConcRefinementThreads                  = 8                                         {product} {ergonomic}
   size_t G1HeapRegionSize                         = 1048576                                   {product} {ergonomic}
    uintx GCDrainStackTargetSize                   = 64                                        {product} {ergonomic}
   size_t InitialHeapSize                          = 266338304                                 {product} {ergonomic}
   size_t MarkStackSize                            = 4194304                                   {product} {ergonomic}
   size_t MaxHeapSize                              = 2147483648                                {product} {command line}
   size_t MaxNewSize                               = 1287651328                                {product} {ergonomic}
   size_t MinHeapDeltaBytes                        = 1048576                                   {product} {ergonomic}
   size_t MinHeapSize                              = 8388608                                   {product} {ergonomic}
    uintx NonNMethodCodeHeapSize                   = 5839372                                {pd product} {ergonomic}
    uintx NonProfiledCodeHeapSize                  = 122909434                              {pd product} {ergonomic}
    uintx ProfiledCodeHeapSize                     = 122909434                              {pd product} {ergonomic}
    uintx ReservedCodeCacheSize                    = 251658240                              {pd product} {ergonomic}
     bool SegmentedCodeCache                       = true                                      {product} {ergonomic}
   size_t SoftMaxHeapSize                          = 2147483648                             {manageable} {ergonomic}
     bool UseCompressedOops                        = true                           {product lp64_product} {ergonomic}
     bool UseG1GC                                  = true                                      {product} {ergonomic}
     bool UseLargePagesIndividualAllocation        = false                                  {pd product} {ergonomic}

Logging:
Log output configuration:
 #0: stdout all=warning uptime,level,tags foldmultilines=false
 #1: stderr all=off uptime,level,tags foldmultilines=false

Environment Variables:
PATH=C:\Python313\Scripts\;C:\Python313\;C:\Program Files\Common Files\Oracle\Java\javapath;C:\WINDOWS\system32;C:\WINDOWS;C:\WINDOWS\System32\Wbem;C:\WINDOWS\System32\WindowsPowerShell\v1.0\;C:\WINDOWS\System32\OpenSSH\;C:\Program Files\Git\cmd;C:\ProgramData\chocolatey\bin;C:\Program Files\nodejs\;C:\Program Files\Docker\Docker\resources\bin;C:\Users\HANZALLAH\AppData\Local\Microsoft\WindowsApps;D:\mydata\softwares\Microsoft VS Code\bin;C:\Users\HANZALLAH\AppData\Roaming\npm
USERNAME=HANZALLAH
OS=Windows_NT
PROCESSOR_IDENTIFIER=Intel64 Family 6 Model 142 Stepping 12, GenuineIntel
TMP=C:\Users\HANZAL~1\AppData\Local\Temp
TEMP=C:\Users\HANZAL~1\AppData\Local\Temp




Periodic native trim disabled

JNI global refs:
JNI global refs: 29, weak refs: 20

JNI global refs memory usage: 835, weak refs: 833

Process memory usage:
Resident Set Size: 365012K (2% of 16578848K total physical memory with 3723728K free physical memory)

OOME stack traces (most recent first):
Classloader memory used:
Loader org.gradle.internal.classloader.VisitableURLClassLoader                         : 27362K
Loader bootstrap                                                                       : 22504K
Loader org.gradle.initialization.MixInLegacyTypesClassLoader                           : 6593K
Loader org.gradle.internal.classloader.VisitableURLClassLoader                         : 732K
Loader jdk.internal.loader.ClassLoaders$PlatformClassLoader                            : 498K
Loader jdk.internal.loader.ClassLoaders$AppClassLoader                                 : 235K
Loader jdk.internal.reflect.DelegatingClassLoader                                      : 164K
Loader org.gradle.groovy.scripts.internal.DefaultScriptCompilationHandler$ScriptClassLoader: 73688B
Loader org.codehaus.groovy.runtime.callsite.CallSiteClassLoader                        : 18536B

Classes loaded by more than one classloader:
Class org.gradle.api.GradleException                                                  : loaded 3 times (x 80B)
Class org.gradle.internal.classloader.FilteringClassLoader                            : loaded 2 times (x 103B)
Class org.gradle.internal.classloader.ClassLoaderHierarchy                            : loaded 2 times (x 68B)
Class org.gradle.api.internal.classpath.ManifestUtil                                  : loaded 2 times (x 69B)
Class org.gradle.internal.operations.MultipleBuildOperationFailures                   : loaded 2 times (x 93B)
Class org.gradle.internal.classloader.DefaultClassLoaderFactory                       : loaded 2 times (x 80B)
Class kotlin.collections.AbstractList$Companion                                       : loaded 2 times (x 69B)
Class org.gradle.internal.classloader.ClassLoaderVisitor                              : loaded 2 times (x 74B)
Class org.gradle.api.internal.classpath.EffectiveClassPath                            : loaded 2 times (x 88B)
Class org.gradle.api.internal.DefaultClassPathProvider                                : loaded 2 times (x 74B)
Class [Lorg.gradle.api.internal.ClassPathProvider;                                    : loaded 2 times (x 67B)
Class org.gradle.api.internal.ClassPathProvider                                       : loaded 2 times (x 68B)
Class org.gradle.internal.service.UnknownServiceException                             : loaded 2 times (x 81B)
Class org.gradle.internal.classpath.TransformedClassPath                              : loaded 2 times (x 94B)
Class org.gradle.internal.classloader.InstrumentingClassLoader                        : loaded 2 times (x 68B)
Class kotlin.enums.EnumEntriesList                                                    : loaded 2 times (x 221B)
Class org.gradle.internal.service.ServiceLocator                                      : loaded 2 times (x 68B)
Class org.gradle.internal.InternalTransformer                                         : loaded 2 times (x 68B)
Class org.gradle.internal.time.DefaultTimer                                           : loaded 2 times (x 78B)
Class org.gradle.internal.classloader.ClasspathUtil$1                                 : loaded 2 times (x 74B)
Class org.gradle.api.internal.classpath.DefaultModuleRegistry$DefaultModule           : loaded 2 times (x 84B)
Class org.gradle.internal.time.DefaultCountdownTimer                                  : loaded 2 times (x 86B)
Class kotlin.Function                                                                 : loaded 2 times (x 68B)
Class org.gradle.api.internal.classpath.Module                                        : loaded 2 times (x 68B)
Class org.gradle.api.internal.classpath.UnknownModuleException                        : loaded 2 times (x 80B)
Class org.gradle.api.internal.DefaultClassPathRegistry                                : loaded 2 times (x 74B)
Class org.gradle.api.internal.ClassPathRegistry                                       : loaded 2 times (x 68B)
Class org.gradle.internal.classpath.DefaultClassPath$ImmutableUniqueList              : loaded 2 times (x 197B)
Class org.gradle.internal.classpath.ClassPath                                         : loaded 2 times (x 68B)
Class org.gradle.api.UncheckedIOException                                             : loaded 2 times (x 80B)
Class kotlin.UninitializedPropertyAccessException                                     : loaded 2 times (x 80B)
Class org.gradle.internal.installation.GradleInstallation$1                           : loaded 2 times (x 73B)
Class org.gradle.api.internal.classpath.ModuleRegistry                                : loaded 2 times (x 68B)
Class org.gradle.api.internal.classpath.DefaultModuleRegistry                         : loaded 2 times (x 84B)
Class org.gradle.internal.time.MonotonicClock                                         : loaded 2 times (x 75B)
Class org.gradle.internal.service.ServiceLookupException                              : loaded 2 times (x 80B)
Class org.gradle.internal.classloader.ClassLoaderFactory                              : loaded 2 times (x 68B)
Class org.gradle.internal.service.CachingServiceLocator                               : loaded 2 times (x 80B)
Class org.gradle.internal.time.TimeSource                                             : loaded 2 times (x 68B)
Class kotlin.enums.EnumEntries                                                        : loaded 2 times (x 68B)
Class org.gradle.internal.exceptions.ResolutionProvider                               : loaded 2 times (x 68B)
Class org.gradle.internal.classloader.ClasspathUtil                                   : loaded 2 times (x 69B)
Class org.gradle.internal.time.TimeSource$1                                           : loaded 2 times (x 75B)
Class org.gradle.api.specs.Spec                                                       : loaded 2 times (x 68B)
Class org.gradle.internal.time.Clock                                                  : loaded 2 times (x 68B)
Class kotlin.collections.AbstractList                                                 : loaded 2 times (x 195B)
Class kotlin.collections.AbstractCollection                                           : loaded 2 times (x 115B)
Class org.gradle.internal.classloader.VisitableURLClassLoader$InstrumentingVisitableURLClassLoader: loaded 2 times (x 121B)
Class org.gradle.internal.classloader.VisitableURLClassLoader$Spec                    : loaded 2 times (x 72B)
Class org.gradle.internal.classpath.DefaultClassPath                                  : loaded 2 times (x 88B)
Class org.gradle.internal.classloader.ClassLoaderSpec                                 : loaded 2 times (x 69B)
Class org.gradle.internal.classloader.VisitableURLClassLoader                         : loaded 2 times (x 115B)
Class org.gradle.internal.Cast                                                        : loaded 2 times (x 69B)
Class org.gradle.api.Action                                                           : loaded 2 times (x 68B)
Class kotlin.jvm.functions.Function1                                                  : loaded 2 times (x 68B)
Class org.gradle.internal.classpath.DefaultClassPath$ImmutableUniqueList$Builder      : loaded 2 times (x 73B)
Class kotlin.NotImplementedError                                                      : loaded 2 times (x 80B)
Class org.gradle.internal.exceptions.NonGradleCauseExceptionsHolder                   : loaded 2 times (x 68B)
Class kotlin.enums.EnumEntriesKt                                                      : loaded 2 times (x 69B)
Class org.gradle.internal.IoActions                                                   : loaded 2 times (x 69B)
Class org.gradle.internal.classloader.SystemClassLoaderSpec                           : loaded 2 times (x 69B)
Class org.gradle.internal.exceptions.MultiCauseException                              : loaded 2 times (x 68B)
Class org.gradle.internal.time.CountdownTimer                                         : loaded 2 times (x 68B)
Class kotlin.jvm.internal.Intrinsics                                                  : loaded 2 times (x 69B)
Class org.gradle.tooling.model.ProjectModel                                           : loaded 2 times (x 68B)
Class kotlin.KotlinNullPointerException                                               : loaded 2 times (x 81B)
Class org.gradle.internal.exceptions.DefaultMultiCauseException                       : loaded 2 times (x 93B)
Class org.gradle.internal.time.Time                                                   : loaded 2 times (x 69B)
Class org.gradle.api.internal.classpath.GlobalCacheRootsProvider                      : loaded 2 times (x 68B)
Class org.gradle.internal.time.Timer                                                  : loaded 2 times (x 68B)
Class kotlin.jvm.internal.markers.KMappedMarker                                       : loaded 2 times (x 68B)
Class org.gradle.internal.installation.CurrentGradleInstallationLocator               : loaded 2 times (x 69B)
Class org.gradle.internal.service.DefaultServiceLocator                               : loaded 2 times (x 81B)
Class org.gradle.util.GradleVersion                                                   : loaded 2 times (x 77B)
Class org.gradle.internal.installation.CurrentGradleInstallation                      : loaded 2 times (x 71B)
Class org.gradle.util.internal.GUtil                                                  : loaded 2 times (x 69B)
Class org.gradle.internal.installation.GradleInstallation                             : loaded 2 times (x 73B)
Class sync_studio_tooling2_eiz6x5qeh9vh91ibownjd9tv1                                  : loaded 2 times (x 177B)

---------------  S Y S T E M  ---------------

OS:
 Windows 11 , 64 bit Build 26100 (10.0.26100.7309)
OS uptime: 12 days 20:31 hours
Hyper-V role detected

CPU: total 8 (initial active 8) (4 cores per cpu, 2 threads per core) family 6 model 142 stepping 12 microcode 0x100, cx8, cmov, fxsr, ht, mmx, 3dnowpref, sse, sse2, sse3, ssse3, sse4.1, sse4.2, popcnt, lzcnt, tsc, tscinvbit, avx, avx2, aes, erms, clmul, bmi1, bmi2, adx, fma, vzeroupper, clflush, clflushopt, hv, rdtscp, f16c
Processor Information for processor 0
  Max Mhz: 1992, Current Mhz: 1494, Mhz Limit: 1792
Processor Information for processor 1
  Max Mhz: 1992, Current Mhz: 1494, Mhz Limit: 1792
Processor Information for processor 2
  Max Mhz: 1992, Current Mhz: 1792, Mhz Limit: 1792
Processor Information for processor 3
  Max Mhz: 1992, Current Mhz: 1494, Mhz Limit: 1792
Processor Information for processor 4
  Max Mhz: 1992, Current Mhz: 1494, Mhz Limit: 1792
Processor Information for processor 5
  Max Mhz: 1992, Current Mhz: 1494, Mhz Limit: 1792
Processor Information for processor 6
  Max Mhz: 1992, Current Mhz: 1494, Mhz Limit: 1792
Processor Information for processor 7
  Max Mhz: 1992, Current Mhz: 1494, Mhz Limit: 1792

Memory: 4k page, system-wide physical 16190M (3635M free)
TotalPageFile size 35292M (AvailPageFile size 27M)
current process WorkingSet (physical memory assigned to process): 356M, peak: 366M
current process commit charge ("private bytes"): 493M, peak: 533M

vm_info: OpenJDK 64-Bit Server VM (21.0.7+-13880790-b1038.58) for windows-amd64 JRE (21.0.7+-13880790-b1038.58), built on 2025-08-04T20:56:21Z by "builder" with MS VC++ 16.10 / 16.11 (VS2019)

END.
