#
# There is insufficient memory for the Java Runtime Environment to continue.
# Native memory allocation (malloc) failed to allocate 1095616 bytes. Error detail: Chunk::new
# Possible reasons:
#   The system is out of physical RAM or swap space
#   This process is running with CompressedOops enabled, and the Java Heap may be blocking the growth of the native heap
# Possible solutions:
#   Reduce memory load on the system
#   Increase physical memory or swap space
#   Check if swap backing store is full
#   Decrease Java heap size (-Xmx/-Xms)
#   Decrease number of Java threads
#   Decrease Java thread stack sizes (-Xss)
#   Set larger code cache with -XX:ReservedCodeCacheSize=
#   JVM is running with Unscaled Compressed Oops mode in which the Java heap is
#     placed in the first 4GB address space. The Java Heap base address is the
#     maximum limit for the native heap growth. Please use -XX:HeapBaseMinAddress
#     to set the Java Heap base and to place the Java Heap above 4GB virtual address.
# This output file may be truncated or incomplete.
#
#  Out of Memory Error (arena.cpp:168), pid=25180, tid=22424
#
# JRE version: OpenJDK Runtime Environment (21.0.7) (build 21.0.7+-13880790-b1038.58)
# Java VM: OpenJDK 64-Bit Server VM (21.0.7+-13880790-b1038.58, mixed mode, tiered, compressed oops, compressed class ptrs, g1 gc, windows-amd64)
# No core dump will be written. Minidumps are not enabled by default on client versions of Windows
#

---------------  S U M M A R Y ------------

Command Line: --add-opens=java.base/java.lang=ALL-UNNAMED --add-opens=java.base/java.lang.invoke=ALL-UNNAMED --add-opens=java.base/java.util=ALL-UNNAMED --add-opens=java.prefs/java.util.prefs=ALL-UNNAMED --add-exports=jdk.compiler/com.sun.tools.javac.api=ALL-UNNAMED --add-exports=jdk.compiler/com.sun.tools.javac.util=ALL-UNNAMED --add-opens=java.base/java.util=ALL-UNNAMED --add-opens=java.prefs/java.util.prefs=ALL-UNNAMED --add-opens=java.base/java.nio.charset=ALL-UNNAMED --add-opens=java.base/java.net=ALL-UNNAMED --add-opens=java.base/java.util.concurrent.atomic=ALL-UNNAMED --add-opens=java.xml/javax.xml.namespace=ALL-UNNAMED -Xmx2048m -Dfile.encoding=UTF-8 -Duser.country=US -Duser.language=en -Duser.variant -javaagent:C:\Users\HANZALLAH\.gradle\wrapper\dists\gradle-8.13-bin\5xuhj0ry160q40clulazy9h7d\gradle-8.13\lib\agents\gradle-instrumentation-agent-8.13.jar org.gradle.launcher.daemon.bootstrap.GradleDaemon 8.13

Host: Intel(R) Core(TM) i7-8565U CPU @ 1.80GHz, 8 cores, 15G,  Windows 11 , 64 bit Build 26100 (10.0.26100.7309)
Time: Sun Jan 18 10:21:13 2026 Romance Standard Time elapsed time: 13.283558 seconds (0d 0h 0m 13s)

---------------  T H R E A D  ---------------

Current thread (0x000001eb78ab9100):  JavaThread "C2 CompilerThread1" daemon [_thread_in_native, id=22424, stack(0x000000dd47500000,0x000000dd47600000) (1024K)]


Current CompileTask:
C2:13283 5631       4       org.gradle.internal.serialize.HierarchicalNameSerializer::readFirstOccurrenceOfName (60 bytes)

Stack: [0x000000dd47500000,0x000000dd47600000]
Native frames: (J=compiled Java code, j=interpreted, Vv=VM code, C=native code)
V  [jvm.dll+0x6d25c9]
V  [jvm.dll+0x860923]
V  [jvm.dll+0x862e7e]
V  [jvm.dll+0x863563]
V  [jvm.dll+0x27f156]
V  [jvm.dll+0xc002d]
V  [jvm.dll+0xc0563]
V  [jvm.dll+0x2f31f0]
V  [jvm.dll+0x5fc309]
V  [jvm.dll+0x250f82]
V  [jvm.dll+0x25133f]
V  [jvm.dll+0x249ae5]
V  [jvm.dll+0x24733e]
V  [jvm.dll+0x1c5fb4]
V  [jvm.dll+0x256bac]
V  [jvm.dll+0x2550f6]
V  [jvm.dll+0x3f1d16]
V  [jvm.dll+0x808d08]
V  [jvm.dll+0x6d0e1d]
C  [ucrtbase.dll+0x37b0]
C  [KERNEL32.DLL+0x2e8d7]
C  [ntdll.dll+0x8c53c]


---------------  P R O C E S S  ---------------

Threads class SMR info:
_java_thread_list=0x000001eb7bf319f0, length=60, elements={
0x000001eb5b538940, 0x000001eb72d45a30, 0x000001eb72d60cb0, 0x000001eb72d62280,
0x000001eb72d8a870, 0x000001eb72d8b2d0, 0x000001eb72d6f410, 0x000001eb72d71380,
0x000001eb72d90300, 0x000001eb72dbafe0, 0x000001eb72d73ae0, 0x000001eb78ab9100,
0x000001eb72d70cf0, 0x000001eb72d72dc0, 0x000001eb72d71a10, 0x000001eb72d720a0,
0x000001eb72d72730, 0x000001eb72d73450, 0x000001eb792799a0, 0x000001eb79276bb0,
0x000001eb792785f0, 0x000001eb79277240, 0x000001eb79277f60, 0x000001eb7927a6c0,
0x000001eb7927a030, 0x000001eb7927ad50, 0x000001eb79279310, 0x000001eb792778d0,
0x000001eb7927c100, 0x000001eb7927c790, 0x000001eb7927b3e0, 0x000001eb7927d4b0,
0x000001eb7927ba70, 0x000001eb7927ce20, 0x000001eb7927db40, 0x000001eb7927e1d0,
0x000001eb7ae54a20, 0x000001eb7ae55740, 0x000001eb7ae56af0, 0x000001eb7ae56460,
0x000001eb7ae55dd0, 0x000001eb7ae59f70, 0x000001eb7ae5b320, 0x000001eb7ae5a600,
0x000001eb7ae5ac90, 0x000001eb7ae57ea0, 0x000001eb7ae5b9b0, 0x000001eb7ae58530,
0x000001eb7ae58bc0, 0x000001eb7ae598e0, 0x000001eb7ae59250, 0x000001eb7c4fbb90,
0x000001eb7c4f9430, 0x000001eb7c4fa7e0, 0x000001eb7c4f8da0, 0x000001eb7c4fae70,
0x000001eb7c4fa150, 0x000001eb7c4f9ac0, 0x000001eb7c4fcf40, 0x000001eb7a312c80
}

Java Threads: ( => current thread )
  0x000001eb5b538940 JavaThread "main"                              [_thread_blocked, id=26668, stack(0x000000dd46300000,0x000000dd46400000) (1024K)]
  0x000001eb72d45a30 JavaThread "Common-Cleaner"             daemon [_thread_blocked, id=28416, stack(0x000000dd46b00000,0x000000dd46c00000) (1024K)]
  0x000001eb72d60cb0 JavaThread "Reference Handler"          daemon [_thread_blocked, id=16064, stack(0x000000dd46c00000,0x000000dd46d00000) (1024K)]
  0x000001eb72d62280 JavaThread "Finalizer"                  daemon [_thread_blocked, id=17472, stack(0x000000dd46d00000,0x000000dd46e00000) (1024K)]
  0x000001eb72d8a870 JavaThread "Signal Dispatcher"          daemon [_thread_blocked, id=26180, stack(0x000000dd46e00000,0x000000dd46f00000) (1024K)]
  0x000001eb72d8b2d0 JavaThread "Attach Listener"            daemon [_thread_blocked, id=7132, stack(0x000000dd46f00000,0x000000dd47000000) (1024K)]
  0x000001eb72d6f410 JavaThread "Service Thread"             daemon [_thread_blocked, id=6320, stack(0x000000dd47000000,0x000000dd47100000) (1024K)]
  0x000001eb72d71380 JavaThread "Monitor Deflation Thread"   daemon [_thread_blocked, id=27960, stack(0x000000dd47100000,0x000000dd47200000) (1024K)]
  0x000001eb72d90300 JavaThread "C2 CompilerThread0"         daemon [_thread_in_native, id=13400, stack(0x000000dd47200000,0x000000dd47300000) (1024K)]
  0x000001eb72dbafe0 JavaThread "C1 CompilerThread0"         daemon [_thread_blocked, id=4080, stack(0x000000dd47300000,0x000000dd47400000) (1024K)]
  0x000001eb72d73ae0 JavaThread "Notification Thread"        daemon [_thread_blocked, id=29448, stack(0x000000dd47400000,0x000000dd47500000) (1024K)]
=>0x000001eb78ab9100 JavaThread "C2 CompilerThread1"         daemon [_thread_in_native, id=22424, stack(0x000000dd47500000,0x000000dd47600000) (1024K)]
  0x000001eb72d70cf0 JavaThread "Daemon health stats"               [_thread_blocked, id=8400, stack(0x000000dd47600000,0x000000dd47700000) (1024K)]
  0x000001eb72d72dc0 JavaThread "Incoming local TCP Connector on port 53825"        [_thread_in_native, id=19132, stack(0x000000dd47e00000,0x000000dd47f00000) (1024K)]
  0x000001eb72d71a10 JavaThread "Daemon periodic checks"            [_thread_blocked, id=9020, stack(0x000000dd47f00000,0x000000dd48000000) (1024K)]
  0x000001eb72d720a0 JavaThread "Daemon"                            [_thread_blocked, id=7552, stack(0x000000dd48000000,0x000000dd48100000) (1024K)]
  0x000001eb72d72730 JavaThread "Handler for socket connection from /127.0.0.1:53825 to /127.0.0.1:53826"        [_thread_in_native, id=5496, stack(0x000000dd48100000,0x000000dd48200000) (1024K)]
  0x000001eb72d73450 JavaThread "Cancel handler"                    [_thread_blocked, id=4440, stack(0x000000dd48200000,0x000000dd48300000) (1024K)]
  0x000001eb792799a0 JavaThread "Daemon worker"                     [_thread_in_Java, id=17120, stack(0x000000dd48300000,0x000000dd48400000) (1024K)]
  0x000001eb79276bb0 JavaThread "Asynchronous log dispatcher for DefaultDaemonConnection: socket connection from /127.0.0.1:53825 to /127.0.0.1:53826"        [_thread_blocked, id=2024, stack(0x000000dd48400000,0x000000dd48500000) (1024K)]
  0x000001eb792785f0 JavaThread "Stdin handler"                     [_thread_blocked, id=20804, stack(0x000000dd48500000,0x000000dd48600000) (1024K)]
  0x000001eb79277240 JavaThread "Daemon client event forwarder"        [_thread_blocked, id=24948, stack(0x000000dd48600000,0x000000dd48700000) (1024K)]
  0x000001eb79277f60 JavaThread "Cache worker for journal cache (C:\Users\HANZALLAH\.gradle\caches\journal-1)"        [_thread_blocked, id=28248, stack(0x000000dd48800000,0x000000dd48900000) (1024K)]
  0x000001eb7927a6c0 JavaThread "File lock request listener"        [_thread_in_native, id=4220, stack(0x000000dd48900000,0x000000dd48a00000) (1024K)]
  0x000001eb7927a030 JavaThread "Cache worker for file hash cache (C:\Users\HANZALLAH\.gradle\caches\8.13\fileHashes)"        [_thread_blocked, id=17320, stack(0x000000dd48a00000,0x000000dd48b00000) (1024K)]
  0x000001eb7927ad50 JavaThread "Cache worker for file hash cache (D:\UNiversityData\AndroidDevelopment\SmartWatchApplication\.gradle\8.13\fileHashes)"        [_thread_blocked, id=2760, stack(0x000000dd48c00000,0x000000dd48d00000) (1024K)]
  0x000001eb79279310 JavaThread "Cache worker for Build Output Cleanup Cache (D:\UNiversityData\AndroidDevelopment\SmartWatchApplication\.gradle\buildOutputCleanup)"        [_thread_blocked, id=17216, stack(0x000000dd48d00000,0x000000dd48e00000) (1024K)]
  0x000001eb792778d0 JavaThread "File watcher server"        daemon [_thread_in_native, id=9480, stack(0x000000dd48e00000,0x000000dd48f00000) (1024K)]
  0x000001eb7927c100 JavaThread "File watcher consumer"      daemon [_thread_blocked, id=15268, stack(0x000000dd48f00000,0x000000dd49000000) (1024K)]
  0x000001eb7927c790 JavaThread "jar transforms"                    [_thread_blocked, id=9768, stack(0x000000dd49000000,0x000000dd49100000) (1024K)]
  0x000001eb7927b3e0 JavaThread "jar transforms Thread 2"           [_thread_blocked, id=20764, stack(0x000000dd49100000,0x000000dd49200000) (1024K)]
  0x000001eb7927d4b0 JavaThread "jar transforms Thread 3"           [_thread_blocked, id=24208, stack(0x000000dd49200000,0x000000dd49300000) (1024K)]
  0x000001eb7927ba70 JavaThread "jar transforms Thread 4"           [_thread_blocked, id=28524, stack(0x000000dd49300000,0x000000dd49400000) (1024K)]
  0x000001eb7927ce20 JavaThread "jar transforms Thread 5"           [_thread_blocked, id=29240, stack(0x000000dd49400000,0x000000dd49500000) (1024K)]
  0x000001eb7927db40 JavaThread "jar transforms Thread 6"           [_thread_blocked, id=9108, stack(0x000000dd49500000,0x000000dd49600000) (1024K)]
  0x000001eb7927e1d0 JavaThread "jar transforms Thread 7"           [_thread_blocked, id=17792, stack(0x000000dd49600000,0x000000dd49700000) (1024K)]
  0x000001eb7ae54a20 JavaThread "jar transforms Thread 8"           [_thread_blocked, id=5376, stack(0x000000dd49700000,0x000000dd49800000) (1024K)]
  0x000001eb7ae55740 JavaThread "Cache worker for checksums cache (D:\UNiversityData\AndroidDevelopment\SmartWatchApplication\.gradle\8.13\checksums)"        [_thread_blocked, id=22740, stack(0x000000dd49800000,0x000000dd49900000) (1024K)]
  0x000001eb7ae56af0 JavaThread "Cache worker for file content cache (C:\Users\HANZALLAH\.gradle\caches\8.13\fileContent)"        [_thread_blocked, id=18496, stack(0x000000dd49900000,0x000000dd49a00000) (1024K)]
  0x000001eb7ae56460 JavaThread "Cache worker for cache directory md-supplier (C:\Users\HANZALLAH\.gradle\caches\8.13\md-supplier)"        [_thread_blocked, id=21636, stack(0x000000dd49a00000,0x000000dd49b00000) (1024K)]
  0x000001eb7ae55dd0 JavaThread "Cache worker for cache directory md-rule (C:\Users\HANZALLAH\.gradle\caches\8.13\md-rule)"        [_thread_blocked, id=27936, stack(0x000000dd49b00000,0x000000dd49c00000) (1024K)]
  0x000001eb7ae59f70 JavaThread "Unconstrained build operations"        [_thread_blocked, id=24260, stack(0x000000dd49c00000,0x000000dd49d00000) (1024K)]
  0x000001eb7ae5b320 JavaThread "Unconstrained build operations Thread 2"        [_thread_blocked, id=26524, stack(0x000000dd49d00000,0x000000dd49e00000) (1024K)]
  0x000001eb7ae5a600 JavaThread "Unconstrained build operations Thread 3"        [_thread_blocked, id=29288, stack(0x000000dd48b00000,0x000000dd48c00000) (1024K)]
  0x000001eb7ae5ac90 JavaThread "Unconstrained build operations Thread 4"        [_thread_blocked, id=16200, stack(0x000000dd49e00000,0x000000dd49f00000) (1024K)]
  0x000001eb7ae57ea0 JavaThread "Unconstrained build operations Thread 5"        [_thread_blocked, id=14860, stack(0x000000dd49f00000,0x000000dd4a000000) (1024K)]
  0x000001eb7ae5b9b0 JavaThread "Unconstrained build operations Thread 6"        [_thread_blocked, id=27888, stack(0x000000dd4a000000,0x000000dd4a100000) (1024K)]
  0x000001eb7ae58530 JavaThread "Unconstrained build operations Thread 7"        [_thread_blocked, id=29580, stack(0x000000dd4a100000,0x000000dd4a200000) (1024K)]
  0x000001eb7ae58bc0 JavaThread "Unconstrained build operations Thread 8"        [_thread_blocked, id=28968, stack(0x000000dd4a200000,0x000000dd4a300000) (1024K)]
  0x000001eb7ae598e0 JavaThread "Unconstrained build operations Thread 9"        [_thread_blocked, id=22256, stack(0x000000dd4a300000,0x000000dd4a400000) (1024K)]
  0x000001eb7ae59250 JavaThread "Unconstrained build operations Thread 10"        [_thread_blocked, id=16432, stack(0x000000dd4a400000,0x000000dd4a500000) (1024K)]
  0x000001eb7c4fbb90 JavaThread "Unconstrained build operations Thread 11"        [_thread_blocked, id=18368, stack(0x000000dd4a500000,0x000000dd4a600000) (1024K)]
  0x000001eb7c4f9430 JavaThread "Unconstrained build operations Thread 12"        [_thread_blocked, id=7380, stack(0x000000dd4a600000,0x000000dd4a700000) (1024K)]
  0x000001eb7c4fa7e0 JavaThread "Unconstrained build operations Thread 13"        [_thread_in_native, id=17548, stack(0x000000dd4a700000,0x000000dd4a800000) (1024K)]
  0x000001eb7c4f8da0 JavaThread "Unconstrained build operations Thread 14"        [_thread_in_native, id=28624, stack(0x000000dd4a800000,0x000000dd4a900000) (1024K)]
  0x000001eb7c4fae70 JavaThread "Unconstrained build operations Thread 15"        [_thread_blocked, id=24016, stack(0x000000dd4a900000,0x000000dd4aa00000) (1024K)]
  0x000001eb7c4fa150 JavaThread "Unconstrained build operations Thread 16"        [_thread_blocked, id=7144, stack(0x000000dd4aa00000,0x000000dd4ab00000) (1024K)]
  0x000001eb7c4f9ac0 JavaThread "Unconstrained build operations Thread 17"        [_thread_in_native, id=23216, stack(0x000000dd4ab00000,0x000000dd4ac00000) (1024K)]
  0x000001eb7c4fcf40 JavaThread "Unconstrained build operations Thread 18"        [_thread_in_Java, id=1212, stack(0x000000dd4ac00000,0x000000dd4ad00000) (1024K)]
  0x000001eb7a312c80 JavaThread "C2 CompilerThread2"         daemon [_thread_in_native, id=13672, stack(0x000000dd4ad00000,0x000000dd4ae00000) (1024K)]
Total: 60

Other Threads:
  0x000001eb72c24400 VMThread "VM Thread"                           [id=14696, stack(0x000000dd46a00000,0x000000dd46b00000) (1024K)]
  0x000001eb72cc0090 WatcherThread "VM Periodic Task Thread"        [id=340, stack(0x000000dd46900000,0x000000dd46a00000) (1024K)]
  0x000001eb5b591fa0 WorkerThread "GC Thread#0"                     [id=26240, stack(0x000000dd46400000,0x000000dd46500000) (1024K)]
  0x000001eb735b6990 WorkerThread "GC Thread#1"                     [id=26056, stack(0x000000dd47700000,0x000000dd47800000) (1024K)]
  0x000001eb73335340 WorkerThread "GC Thread#2"                     [id=2420, stack(0x000000dd47800000,0x000000dd47900000) (1024K)]
  0x000001eb7384ce70 WorkerThread "GC Thread#3"                     [id=27796, stack(0x000000dd47900000,0x000000dd47a00000) (1024K)]
  0x000001eb7384d210 WorkerThread "GC Thread#4"                     [id=14168, stack(0x000000dd47a00000,0x000000dd47b00000) (1024K)]
  0x000001eb735adde0 WorkerThread "GC Thread#5"                     [id=2172, stack(0x000000dd47b00000,0x000000dd47c00000) (1024K)]
  0x000001eb78fa5860 WorkerThread "GC Thread#6"                     [id=14248, stack(0x000000dd47c00000,0x000000dd47d00000) (1024K)]
  0x000001eb79233a60 WorkerThread "GC Thread#7"                     [id=28432, stack(0x000000dd47d00000,0x000000dd47e00000) (1024K)]
  0x000001eb5b5a2e90 ConcurrentGCThread "G1 Main Marker"            [id=24712, stack(0x000000dd46500000,0x000000dd46600000) (1024K)]
  0x000001eb5b5a46e0 WorkerThread "G1 Conc#0"                       [id=22380, stack(0x000000dd46600000,0x000000dd46700000) (1024K)]
  0x000001eb791f1d50 WorkerThread "G1 Conc#1"                       [id=16792, stack(0x000000dd48700000,0x000000dd48800000) (1024K)]
  0x000001eb72b2efa0 ConcurrentGCThread "G1 Refine#0"               [id=21536, stack(0x000000dd46700000,0x000000dd46800000) (1024K)]
  0x000001eb72b308d0 ConcurrentGCThread "G1 Service"                [id=17428, stack(0x000000dd46800000,0x000000dd46900000) (1024K)]
Total: 15

Threads with active compile tasks:
C2 CompilerThread0  13488 5673       4       org.gradle.internal.serialize.AbstractCollectionSerializer::read (47 bytes)
C2 CompilerThread1  13488 5631       4       org.gradle.internal.serialize.HierarchicalNameSerializer::readFirstOccurrenceOfName (60 bytes)
C2 CompilerThread2  13488 5880       4       org.gradle.internal.serialize.HierarchicalNameSerializer::readName (51 bytes)
Total: 3

VM state: not at safepoint (normal execution)

VM Mutex/Monitor currently owned by a thread: None

Heap address: 0x0000000080000000, size: 2048 MB, Compressed Oops mode: 32-bit

CDS archive(s) not mapped
Compressed class space mapped at: 0x0000000100000000-0x0000000140000000, reserved size: 1073741824
Narrow klass base: 0x0000000000000000, Narrow klass shift: 3, Narrow klass range: 0x140000000

GC Precious Log:
 CardTable entry size: 512
 Card Set container configuration: InlinePtr #cards 5 size 8 Array Of Cards #cards 12 size 40 Howl #buckets 4 coarsen threshold 1843 Howl Bitmap #cards 512 size 80 coarsen threshold 460 Card regions per heap region 1 cards per card region 2048
 CPUs: 8 total, 8 available
 Memory: 16190M
 Large Page Support: Disabled
 NUMA Support: Disabled
 Compressed Oops: Enabled (32-bit)
 Heap Region Size: 1M
 Heap Min Capacity: 8M
 Heap Initial Capacity: 254M
 Heap Max Capacity: 2G
 Pre-touch: Disabled
 Parallel Workers: 8
 Concurrent Workers: 2
 Concurrent Refinement Workers: 8
 Periodic GC: Disabled

Heap:
 garbage-first heap   total 249856K, used 141312K [0x0000000080000000, 0x0000000100000000)
  region size 1024K, 14 young (14336K), 10 survivors (10240K)
 Metaspace       used 58221K, committed 59712K, reserved 1114112K
  class space    used 8131K, committed 8896K, reserved 1048576K

Heap Regions: E=young(eden), S=young(survivor), O=old, HS=humongous(starts), HC=humongous(continues), CS=collection set, F=free, TAMS=top-at-mark-start, PB=parsable bottom
|   0|0x0000000080000000, 0x0000000080100000, 0x0000000080100000|100%|HS|  |TAMS 0x0000000080000000| PB 0x0000000080000000| Complete 
|   1|0x0000000080100000, 0x0000000080200000, 0x0000000080200000|100%|HC|  |TAMS 0x0000000080100000| PB 0x0000000080100000| Complete 
|   2|0x0000000080200000, 0x0000000080300000, 0x0000000080300000|100%|HC|  |TAMS 0x0000000080200000| PB 0x0000000080200000| Complete 
|   3|0x0000000080300000, 0x0000000080400000, 0x0000000080400000|100%| O|  |TAMS 0x0000000080300000| PB 0x0000000080300000| Untracked 
|   4|0x0000000080400000, 0x0000000080500000, 0x0000000080500000|100%| O|  |TAMS 0x0000000080400000| PB 0x0000000080400000| Untracked 
|   5|0x0000000080500000, 0x0000000080600000, 0x0000000080600000|100%| O|  |TAMS 0x0000000080500000| PB 0x0000000080500000| Untracked 
|   6|0x0000000080600000, 0x0000000080700000, 0x0000000080700000|100%|HS|  |TAMS 0x0000000080600000| PB 0x0000000080600000| Complete 
|   7|0x0000000080700000, 0x0000000080800000, 0x0000000080800000|100%| O|  |TAMS 0x0000000080700000| PB 0x0000000080700000| Untracked 
|   8|0x0000000080800000, 0x0000000080900000, 0x0000000080900000|100%| O|  |TAMS 0x0000000080800000| PB 0x0000000080800000| Untracked 
|   9|0x0000000080900000, 0x0000000080a00000, 0x0000000080a00000|100%| O|  |TAMS 0x0000000080900000| PB 0x0000000080900000| Untracked 
|  10|0x0000000080a00000, 0x0000000080b00000, 0x0000000080b00000|100%| O|  |TAMS 0x0000000080a00000| PB 0x0000000080a00000| Untracked 
|  11|0x0000000080b00000, 0x0000000080c00000, 0x0000000080c00000|100%| O|  |TAMS 0x0000000080b00000| PB 0x0000000080b00000| Untracked 
|  12|0x0000000080c00000, 0x0000000080d00000, 0x0000000080d00000|100%| O|  |TAMS 0x0000000080c00000| PB 0x0000000080c00000| Untracked 
|  13|0x0000000080d00000, 0x0000000080e00000, 0x0000000080e00000|100%| O|  |TAMS 0x0000000080d00000| PB 0x0000000080d00000| Untracked 
|  14|0x0000000080e00000, 0x0000000080f00000, 0x0000000080f00000|100%| O|  |TAMS 0x0000000080e00000| PB 0x0000000080e00000| Untracked 
|  15|0x0000000080f00000, 0x0000000081000000, 0x0000000081000000|100%| O|  |TAMS 0x0000000080f00000| PB 0x0000000080f00000| Untracked 
|  16|0x0000000081000000, 0x0000000081100000, 0x0000000081100000|100%| O|  |TAMS 0x0000000081000000| PB 0x0000000081000000| Untracked 
|  17|0x0000000081100000, 0x0000000081200000, 0x0000000081200000|100%| O|  |TAMS 0x0000000081100000| PB 0x0000000081100000| Untracked 
|  18|0x0000000081200000, 0x0000000081300000, 0x0000000081300000|100%| O|  |TAMS 0x0000000081200000| PB 0x0000000081200000| Untracked 
|  19|0x0000000081300000, 0x0000000081400000, 0x0000000081400000|100%| O|  |TAMS 0x0000000081300000| PB 0x0000000081300000| Untracked 
|  20|0x0000000081400000, 0x0000000081500000, 0x0000000081500000|100%| O|  |TAMS 0x0000000081400000| PB 0x0000000081400000| Untracked 
|  21|0x0000000081500000, 0x0000000081600000, 0x0000000081600000|100%|HS|  |TAMS 0x0000000081500000| PB 0x0000000081500000| Complete 
|  22|0x0000000081600000, 0x0000000081700000, 0x0000000081700000|100%|HC|  |TAMS 0x0000000081600000| PB 0x0000000081600000| Complete 
|  23|0x0000000081700000, 0x0000000081800000, 0x0000000081800000|100%|HC|  |TAMS 0x0000000081700000| PB 0x0000000081700000| Complete 
|  24|0x0000000081800000, 0x0000000081900000, 0x0000000081900000|100%|HC|  |TAMS 0x0000000081800000| PB 0x0000000081800000| Complete 
|  25|0x0000000081900000, 0x0000000081a00000, 0x0000000081a00000|100%|HC|  |TAMS 0x0000000081900000| PB 0x0000000081900000| Complete 
|  26|0x0000000081a00000, 0x0000000081b00000, 0x0000000081b00000|100%|HC|  |TAMS 0x0000000081a00000| PB 0x0000000081a00000| Complete 
|  27|0x0000000081b00000, 0x0000000081c00000, 0x0000000081c00000|100%|HS|  |TAMS 0x0000000081b00000| PB 0x0000000081b00000| Complete 
|  28|0x0000000081c00000, 0x0000000081d00000, 0x0000000081d00000|100%| O|  |TAMS 0x0000000081c00000| PB 0x0000000081c00000| Untracked 
|  29|0x0000000081d00000, 0x0000000081e00000, 0x0000000081e00000|100%| O|  |TAMS 0x0000000081d00000| PB 0x0000000081d00000| Untracked 
|  30|0x0000000081e00000, 0x0000000081f00000, 0x0000000081f00000|100%|HS|  |TAMS 0x0000000081e00000| PB 0x0000000081e00000| Complete 
|  31|0x0000000081f00000, 0x0000000082000000, 0x0000000082000000|100%|HC|  |TAMS 0x0000000081f00000| PB 0x0000000081f00000| Complete 
|  32|0x0000000082000000, 0x0000000082100000, 0x0000000082100000|100%|HC|  |TAMS 0x0000000082000000| PB 0x0000000082000000| Complete 
|  33|0x0000000082100000, 0x0000000082200000, 0x0000000082200000|100%|HC|  |TAMS 0x0000000082100000| PB 0x0000000082100000| Complete 
|  34|0x0000000082200000, 0x0000000082300000, 0x0000000082300000|100%|HS|  |TAMS 0x0000000082200000| PB 0x0000000082200000| Complete 
|  35|0x0000000082300000, 0x0000000082400000, 0x0000000082400000|100%| O|  |TAMS 0x0000000082300000| PB 0x0000000082300000| Untracked 
|  36|0x0000000082400000, 0x0000000082500000, 0x0000000082500000|100%| O|  |TAMS 0x0000000082400000| PB 0x0000000082400000| Untracked 
|  37|0x0000000082500000, 0x0000000082600000, 0x0000000082600000|100%| O|  |TAMS 0x0000000082500000| PB 0x0000000082500000| Untracked 
|  38|0x0000000082600000, 0x0000000082700000, 0x0000000082700000|100%|HS|  |TAMS 0x0000000082600000| PB 0x0000000082600000| Complete 
|  39|0x0000000082700000, 0x0000000082800000, 0x0000000082800000|100%|HC|  |TAMS 0x0000000082700000| PB 0x0000000082700000| Complete 
|  40|0x0000000082800000, 0x0000000082900000, 0x0000000082900000|100%|HS|  |TAMS 0x0000000082800000| PB 0x0000000082800000| Complete 
|  41|0x0000000082900000, 0x0000000082a00000, 0x0000000082a00000|100%|HC|  |TAMS 0x0000000082900000| PB 0x0000000082900000| Complete 
|  42|0x0000000082a00000, 0x0000000082b00000, 0x0000000082b00000|100%|HC|  |TAMS 0x0000000082a00000| PB 0x0000000082a00000| Complete 
|  43|0x0000000082b00000, 0x0000000082c00000, 0x0000000082c00000|100%|HC|  |TAMS 0x0000000082b00000| PB 0x0000000082b00000| Complete 
|  44|0x0000000082c00000, 0x0000000082d00000, 0x0000000082d00000|100%|HC|  |TAMS 0x0000000082c00000| PB 0x0000000082c00000| Complete 
|  45|0x0000000082d00000, 0x0000000082e00000, 0x0000000082e00000|100%|HC|  |TAMS 0x0000000082d00000| PB 0x0000000082d00000| Complete 
|  46|0x0000000082e00000, 0x0000000082f00000, 0x0000000082f00000|100%|HS|  |TAMS 0x0000000082e00000| PB 0x0000000082e00000| Complete 
|  47|0x0000000082f00000, 0x0000000083000000, 0x0000000083000000|100%|HS|  |TAMS 0x0000000082f00000| PB 0x0000000082f00000| Complete 
|  48|0x0000000083000000, 0x0000000083100000, 0x0000000083100000|100%|HC|  |TAMS 0x0000000083000000| PB 0x0000000083000000| Complete 
|  49|0x0000000083100000, 0x0000000083200000, 0x0000000083200000|100%|HC|  |TAMS 0x0000000083100000| PB 0x0000000083100000| Complete 
|  50|0x0000000083200000, 0x0000000083300000, 0x0000000083300000|100%|HC|  |TAMS 0x0000000083200000| PB 0x0000000083200000| Complete 
|  51|0x0000000083300000, 0x0000000083400000, 0x0000000083400000|100%|HS|  |TAMS 0x0000000083300000| PB 0x0000000083300000| Complete 
|  52|0x0000000083400000, 0x0000000083500000, 0x0000000083500000|100%|HC|  |TAMS 0x0000000083400000| PB 0x0000000083400000| Complete 
|  53|0x0000000083500000, 0x0000000083600000, 0x0000000083600000|100%| O|  |TAMS 0x0000000083500000| PB 0x0000000083500000| Untracked 
|  54|0x0000000083600000, 0x0000000083700000, 0x0000000083700000|100%| O|  |TAMS 0x0000000083600000| PB 0x0000000083600000| Untracked 
|  55|0x0000000083700000, 0x0000000083800000, 0x0000000083800000|100%|HS|  |TAMS 0x0000000083700000| PB 0x0000000083700000| Complete 
|  56|0x0000000083800000, 0x0000000083900000, 0x0000000083900000|100%| O|  |TAMS 0x0000000083800000| PB 0x0000000083800000| Untracked 
|  57|0x0000000083900000, 0x0000000083a00000, 0x0000000083a00000|100%| O|  |TAMS 0x0000000083900000| PB 0x0000000083900000| Untracked 
|  58|0x0000000083a00000, 0x0000000083b00000, 0x0000000083b00000|100%| O|  |TAMS 0x0000000083a00000| PB 0x0000000083a00000| Untracked 
|  59|0x0000000083b00000, 0x0000000083c00000, 0x0000000083c00000|100%| O|  |TAMS 0x0000000083b00000| PB 0x0000000083b00000| Untracked 
|  60|0x0000000083c00000, 0x0000000083d00000, 0x0000000083d00000|100%|HS|  |TAMS 0x0000000083c00000| PB 0x0000000083c00000| Complete 
|  61|0x0000000083d00000, 0x0000000083e00000, 0x0000000083e00000|100%|HC|  |TAMS 0x0000000083d00000| PB 0x0000000083d00000| Complete 
|  62|0x0000000083e00000, 0x0000000083f00000, 0x0000000083f00000|100%| O|  |TAMS 0x0000000083e00000| PB 0x0000000083e00000| Untracked 
|  63|0x0000000083f00000, 0x0000000084000000, 0x0000000084000000|100%| O|  |TAMS 0x0000000083f00000| PB 0x0000000083f00000| Untracked 
|  64|0x0000000084000000, 0x0000000084100000, 0x0000000084100000|100%| O|  |TAMS 0x0000000084000000| PB 0x0000000084000000| Untracked 
|  65|0x0000000084100000, 0x0000000084200000, 0x0000000084200000|100%| O|  |TAMS 0x0000000084100000| PB 0x0000000084100000| Untracked 
|  66|0x0000000084200000, 0x0000000084300000, 0x0000000084300000|100%| O|  |TAMS 0x0000000084200000| PB 0x0000000084200000| Untracked 
|  67|0x0000000084300000, 0x0000000084400000, 0x0000000084400000|100%| O|  |TAMS 0x0000000084300000| PB 0x0000000084300000| Untracked 
|  68|0x0000000084400000, 0x0000000084500000, 0x0000000084500000|100%| O|  |TAMS 0x0000000084400000| PB 0x0000000084400000| Untracked 
|  69|0x0000000084500000, 0x0000000084600000, 0x0000000084600000|100%| O|  |TAMS 0x0000000084500000| PB 0x0000000084500000| Untracked 
|  70|0x0000000084600000, 0x0000000084700000, 0x0000000084700000|100%| O|  |TAMS 0x0000000084600000| PB 0x0000000084600000| Untracked 
|  71|0x0000000084700000, 0x0000000084800000, 0x0000000084800000|100%| O|  |TAMS 0x0000000084700000| PB 0x0000000084700000| Untracked 
|  72|0x0000000084800000, 0x0000000084900000, 0x0000000084900000|100%| O|  |TAMS 0x0000000084800000| PB 0x0000000084800000| Untracked 
|  73|0x0000000084900000, 0x0000000084a00000, 0x0000000084a00000|100%| O|  |TAMS 0x0000000084900000| PB 0x0000000084900000| Untracked 
|  74|0x0000000084a00000, 0x0000000084b00000, 0x0000000084b00000|100%| O|  |TAMS 0x0000000084a00000| PB 0x0000000084a00000| Untracked 
|  75|0x0000000084b00000, 0x0000000084c00000, 0x0000000084c00000|100%| O|  |TAMS 0x0000000084b00000| PB 0x0000000084b00000| Untracked 
|  76|0x0000000084c00000, 0x0000000084d00000, 0x0000000084d00000|100%| O|  |TAMS 0x0000000084c00000| PB 0x0000000084c00000| Untracked 
|  77|0x0000000084d00000, 0x0000000084e00000, 0x0000000084e00000|100%| O|  |TAMS 0x0000000084d00000| PB 0x0000000084d00000| Untracked 
|  78|0x0000000084e00000, 0x0000000084f00000, 0x0000000084f00000|100%| O|  |TAMS 0x0000000084e00000| PB 0x0000000084e00000| Untracked 
|  79|0x0000000084f00000, 0x0000000085000000, 0x0000000085000000|100%|HS|  |TAMS 0x0000000084f00000| PB 0x0000000084f00000| Complete 
|  80|0x0000000085000000, 0x0000000085100000, 0x0000000085100000|100%| O|  |TAMS 0x0000000085000000| PB 0x0000000085000000| Untracked 
|  81|0x0000000085100000, 0x0000000085200000, 0x0000000085200000|100%| O|  |TAMS 0x0000000085100000| PB 0x0000000085100000| Untracked 
|  82|0x0000000085200000, 0x0000000085300000, 0x0000000085300000|100%| O|  |TAMS 0x0000000085200000| PB 0x0000000085200000| Untracked 
|  83|0x0000000085300000, 0x0000000085400000, 0x0000000085400000|100%|HS|  |TAMS 0x0000000085300000| PB 0x0000000085300000| Complete 
|  84|0x0000000085400000, 0x0000000085500000, 0x0000000085500000|100%| O|  |TAMS 0x0000000085400000| PB 0x0000000085400000| Untracked 
|  85|0x0000000085500000, 0x0000000085600000, 0x0000000085600000|100%| O|  |TAMS 0x0000000085500000| PB 0x0000000085500000| Untracked 
|  86|0x0000000085600000, 0x0000000085700000, 0x0000000085700000|100%| O|  |TAMS 0x0000000085600000| PB 0x0000000085600000| Untracked 
|  87|0x0000000085700000, 0x0000000085800000, 0x0000000085800000|100%| O|  |TAMS 0x0000000085700000| PB 0x0000000085700000| Untracked 
|  88|0x0000000085800000, 0x0000000085900000, 0x0000000085900000|100%| O|  |TAMS 0x0000000085800000| PB 0x0000000085800000| Untracked 
|  89|0x0000000085900000, 0x0000000085a00000, 0x0000000085a00000|100%| O|  |TAMS 0x0000000085900000| PB 0x0000000085900000| Untracked 
|  90|0x0000000085a00000, 0x0000000085b00000, 0x0000000085b00000|100%| O|  |TAMS 0x0000000085a00000| PB 0x0000000085a00000| Untracked 
|  91|0x0000000085b00000, 0x0000000085c00000, 0x0000000085c00000|100%| O|  |TAMS 0x0000000085b00000| PB 0x0000000085b00000| Untracked 
|  92|0x0000000085c00000, 0x0000000085d00000, 0x0000000085d00000|100%| O|  |TAMS 0x0000000085c00000| PB 0x0000000085c00000| Untracked 
|  93|0x0000000085d00000, 0x0000000085e00000, 0x0000000085e00000|100%| O|  |TAMS 0x0000000085d00000| PB 0x0000000085d00000| Untracked 
|  94|0x0000000085e00000, 0x0000000085f00000, 0x0000000085f00000|100%| O|  |TAMS 0x0000000085e00000| PB 0x0000000085e00000| Untracked 
|  95|0x0000000085f00000, 0x0000000086000000, 0x0000000086000000|100%|HS|  |TAMS 0x0000000085f00000| PB 0x0000000085f00000| Complete 
|  96|0x0000000086000000, 0x0000000086100000, 0x0000000086100000|100%|HS|  |TAMS 0x0000000086000000| PB 0x0000000086000000| Complete 
|  97|0x0000000086100000, 0x0000000086200000, 0x0000000086200000|100%| O|  |TAMS 0x0000000086100000| PB 0x0000000086100000| Untracked 
|  98|0x0000000086200000, 0x0000000086300000, 0x0000000086300000|100%| O|  |TAMS 0x0000000086200000| PB 0x0000000086200000| Untracked 
|  99|0x0000000086300000, 0x0000000086400000, 0x0000000086400000|100%| O|  |TAMS 0x0000000086300000| PB 0x0000000086300000| Untracked 
| 100|0x0000000086400000, 0x0000000086500000, 0x0000000086500000|100%| O|  |TAMS 0x0000000086400000| PB 0x0000000086400000| Untracked 
| 101|0x0000000086500000, 0x0000000086600000, 0x0000000086600000|100%| O|  |TAMS 0x0000000086500000| PB 0x0000000086500000| Untracked 
| 102|0x0000000086600000, 0x0000000086700000, 0x0000000086700000|100%| O|  |TAMS 0x0000000086600000| PB 0x0000000086600000| Untracked 
| 103|0x0000000086700000, 0x0000000086800000, 0x0000000086800000|100%| O|  |TAMS 0x0000000086700000| PB 0x0000000086700000| Untracked 
| 104|0x0000000086800000, 0x0000000086900000, 0x0000000086900000|100%| O|  |TAMS 0x0000000086800000| PB 0x0000000086800000| Untracked 
| 105|0x0000000086900000, 0x0000000086a00000, 0x0000000086a00000|100%| O|  |TAMS 0x0000000086900000| PB 0x0000000086900000| Untracked 
| 106|0x0000000086a00000, 0x0000000086b00000, 0x0000000086b00000|100%| O|  |TAMS 0x0000000086a00000| PB 0x0000000086a00000| Untracked 
| 107|0x0000000086b00000, 0x0000000086c00000, 0x0000000086c00000|100%| O|  |TAMS 0x0000000086b00000| PB 0x0000000086b00000| Untracked 
| 108|0x0000000086c00000, 0x0000000086d00000, 0x0000000086d00000|100%| O|  |TAMS 0x0000000086c00000| PB 0x0000000086c00000| Untracked 
| 109|0x0000000086d00000, 0x0000000086e00000, 0x0000000086e00000|100%| O|  |TAMS 0x0000000086d00000| PB 0x0000000086d00000| Untracked 
| 110|0x0000000086e00000, 0x0000000086f00000, 0x0000000086f00000|100%| O|  |TAMS 0x0000000086e00000| PB 0x0000000086e00000| Untracked 
| 111|0x0000000086f00000, 0x0000000086f00000, 0x0000000087000000|  0%| F|  |TAMS 0x0000000086f00000| PB 0x0000000086f00000| Untracked 
| 112|0x0000000087000000, 0x0000000087000000, 0x0000000087100000|  0%| F|  |TAMS 0x0000000087000000| PB 0x0000000087000000| Untracked 
| 113|0x0000000087100000, 0x0000000087100000, 0x0000000087200000|  0%| F|  |TAMS 0x0000000087100000| PB 0x0000000087100000| Untracked 
| 114|0x0000000087200000, 0x0000000087200000, 0x0000000087300000|  0%| F|  |TAMS 0x0000000087200000| PB 0x0000000087200000| Untracked 
| 115|0x0000000087300000, 0x0000000087300000, 0x0000000087400000|  0%| F|  |TAMS 0x0000000087300000| PB 0x0000000087300000| Untracked 
| 116|0x0000000087400000, 0x0000000087400000, 0x0000000087500000|  0%| F|  |TAMS 0x0000000087400000| PB 0x0000000087400000| Untracked 
| 117|0x0000000087500000, 0x0000000087500000, 0x0000000087600000|  0%| F|  |TAMS 0x0000000087500000| PB 0x0000000087500000| Untracked 
| 118|0x0000000087600000, 0x0000000087600000, 0x0000000087700000|  0%| F|  |TAMS 0x0000000087600000| PB 0x0000000087600000| Untracked 
| 119|0x0000000087700000, 0x0000000087700000, 0x0000000087800000|  0%| F|  |TAMS 0x0000000087700000| PB 0x0000000087700000| Untracked 
| 120|0x0000000087800000, 0x0000000087800000, 0x0000000087900000|  0%| F|  |TAMS 0x0000000087800000| PB 0x0000000087800000| Untracked 
| 121|0x0000000087900000, 0x0000000087900000, 0x0000000087a00000|  0%| F|  |TAMS 0x0000000087900000| PB 0x0000000087900000| Untracked 
| 122|0x0000000087a00000, 0x0000000087a00000, 0x0000000087b00000|  0%| F|  |TAMS 0x0000000087a00000| PB 0x0000000087a00000| Untracked 
| 123|0x0000000087b00000, 0x0000000087b00000, 0x0000000087c00000|  0%| F|  |TAMS 0x0000000087b00000| PB 0x0000000087b00000| Untracked 
| 124|0x0000000087c00000, 0x0000000087c00000, 0x0000000087d00000|  0%| F|  |TAMS 0x0000000087c00000| PB 0x0000000087c00000| Untracked 
| 125|0x0000000087d00000, 0x0000000087d00000, 0x0000000087e00000|  0%| F|  |TAMS 0x0000000087d00000| PB 0x0000000087d00000| Untracked 
| 126|0x0000000087e00000, 0x0000000087e00000, 0x0000000087f00000|  0%| F|  |TAMS 0x0000000087e00000| PB 0x0000000087e00000| Untracked 
| 127|0x0000000087f00000, 0x0000000087f00000, 0x0000000088000000|  0%| F|  |TAMS 0x0000000087f00000| PB 0x0000000087f00000| Untracked 
| 128|0x0000000088000000, 0x0000000088000000, 0x0000000088100000|  0%| F|  |TAMS 0x0000000088000000| PB 0x0000000088000000| Untracked 
| 129|0x0000000088100000, 0x0000000088100000, 0x0000000088200000|  0%| F|  |TAMS 0x0000000088100000| PB 0x0000000088100000| Untracked 
| 130|0x0000000088200000, 0x0000000088200000, 0x0000000088300000|  0%| F|  |TAMS 0x0000000088200000| PB 0x0000000088200000| Untracked 
| 131|0x0000000088300000, 0x0000000088300000, 0x0000000088400000|  0%| F|  |TAMS 0x0000000088300000| PB 0x0000000088300000| Untracked 
| 132|0x0000000088400000, 0x0000000088400000, 0x0000000088500000|  0%| F|  |TAMS 0x0000000088400000| PB 0x0000000088400000| Untracked 
| 133|0x0000000088500000, 0x0000000088500000, 0x0000000088600000|  0%| F|  |TAMS 0x0000000088500000| PB 0x0000000088500000| Untracked 
| 134|0x0000000088600000, 0x0000000088600000, 0x0000000088700000|  0%| F|  |TAMS 0x0000000088600000| PB 0x0000000088600000| Untracked 
| 135|0x0000000088700000, 0x0000000088700000, 0x0000000088800000|  0%| F|  |TAMS 0x0000000088700000| PB 0x0000000088700000| Untracked 
| 136|0x0000000088800000, 0x0000000088800000, 0x0000000088900000|  0%| F|  |TAMS 0x0000000088800000| PB 0x0000000088800000| Untracked 
| 137|0x0000000088900000, 0x0000000088900000, 0x0000000088a00000|  0%| F|  |TAMS 0x0000000088900000| PB 0x0000000088900000| Untracked 
| 138|0x0000000088a00000, 0x0000000088a00000, 0x0000000088b00000|  0%| F|  |TAMS 0x0000000088a00000| PB 0x0000000088a00000| Untracked 
| 139|0x0000000088b00000, 0x0000000088b00000, 0x0000000088c00000|  0%| F|  |TAMS 0x0000000088b00000| PB 0x0000000088b00000| Untracked 
| 140|0x0000000088c00000, 0x0000000088c00000, 0x0000000088d00000|  0%| F|  |TAMS 0x0000000088c00000| PB 0x0000000088c00000| Untracked 
| 141|0x0000000088d00000, 0x0000000088d00000, 0x0000000088e00000|  0%| F|  |TAMS 0x0000000088d00000| PB 0x0000000088d00000| Untracked 
| 142|0x0000000088e00000, 0x0000000088e00000, 0x0000000088f00000|  0%| F|  |TAMS 0x0000000088e00000| PB 0x0000000088e00000| Untracked 
| 143|0x0000000088f00000, 0x0000000089000000, 0x0000000089000000|100%| S|CS|TAMS 0x0000000088f00000| PB 0x0000000088f00000| Complete 
| 144|0x0000000089000000, 0x0000000089100000, 0x0000000089100000|100%| S|CS|TAMS 0x0000000089000000| PB 0x0000000089000000| Complete 
| 145|0x0000000089100000, 0x0000000089200000, 0x0000000089200000|100%| S|CS|TAMS 0x0000000089100000| PB 0x0000000089100000| Complete 
| 146|0x0000000089200000, 0x0000000089300000, 0x0000000089300000|100%| S|CS|TAMS 0x0000000089200000| PB 0x0000000089200000| Complete 
| 147|0x0000000089300000, 0x0000000089400000, 0x0000000089400000|100%| S|CS|TAMS 0x0000000089300000| PB 0x0000000089300000| Complete 
| 148|0x0000000089400000, 0x0000000089500000, 0x0000000089500000|100%| S|CS|TAMS 0x0000000089400000| PB 0x0000000089400000| Complete 
| 149|0x0000000089500000, 0x0000000089600000, 0x0000000089600000|100%| S|CS|TAMS 0x0000000089500000| PB 0x0000000089500000| Complete 
| 150|0x0000000089600000, 0x0000000089700000, 0x0000000089700000|100%| S|CS|TAMS 0x0000000089600000| PB 0x0000000089600000| Complete 
| 151|0x0000000089700000, 0x0000000089800000, 0x0000000089800000|100%| S|CS|TAMS 0x0000000089700000| PB 0x0000000089700000| Complete 
| 152|0x0000000089800000, 0x0000000089900000, 0x0000000089900000|100%| S|CS|TAMS 0x0000000089800000| PB 0x0000000089800000| Complete 
| 153|0x0000000089900000, 0x0000000089900000, 0x0000000089a00000|  0%| F|  |TAMS 0x0000000089900000| PB 0x0000000089900000| Untracked 
| 154|0x0000000089a00000, 0x0000000089a00000, 0x0000000089b00000|  0%| F|  |TAMS 0x0000000089a00000| PB 0x0000000089a00000| Untracked 
| 155|0x0000000089b00000, 0x0000000089b00000, 0x0000000089c00000|  0%| F|  |TAMS 0x0000000089b00000| PB 0x0000000089b00000| Untracked 
| 156|0x0000000089c00000, 0x0000000089c00000, 0x0000000089d00000|  0%| F|  |TAMS 0x0000000089c00000| PB 0x0000000089c00000| Untracked 
| 157|0x0000000089d00000, 0x0000000089d00000, 0x0000000089e00000|  0%| F|  |TAMS 0x0000000089d00000| PB 0x0000000089d00000| Untracked 
| 158|0x0000000089e00000, 0x0000000089e00000, 0x0000000089f00000|  0%| F|  |TAMS 0x0000000089e00000| PB 0x0000000089e00000| Untracked 
| 159|0x0000000089f00000, 0x0000000089f00000, 0x000000008a000000|  0%| F|  |TAMS 0x0000000089f00000| PB 0x0000000089f00000| Untracked 
| 160|0x000000008a000000, 0x000000008a000000, 0x000000008a100000|  0%| F|  |TAMS 0x000000008a000000| PB 0x000000008a000000| Untracked 
| 161|0x000000008a100000, 0x000000008a100000, 0x000000008a200000|  0%| F|  |TAMS 0x000000008a100000| PB 0x000000008a100000| Untracked 
| 162|0x000000008a200000, 0x000000008a200000, 0x000000008a300000|  0%| F|  |TAMS 0x000000008a200000| PB 0x000000008a200000| Untracked 
| 163|0x000000008a300000, 0x000000008a300000, 0x000000008a400000|  0%| F|  |TAMS 0x000000008a300000| PB 0x000000008a300000| Untracked 
| 164|0x000000008a400000, 0x000000008a400000, 0x000000008a500000|  0%| F|  |TAMS 0x000000008a400000| PB 0x000000008a400000| Untracked 
| 165|0x000000008a500000, 0x000000008a500000, 0x000000008a600000|  0%| F|  |TAMS 0x000000008a500000| PB 0x000000008a500000| Untracked 
| 166|0x000000008a600000, 0x000000008a600000, 0x000000008a700000|  0%| F|  |TAMS 0x000000008a600000| PB 0x000000008a600000| Untracked 
| 167|0x000000008a700000, 0x000000008a700000, 0x000000008a800000|  0%| F|  |TAMS 0x000000008a700000| PB 0x000000008a700000| Untracked 
| 168|0x000000008a800000, 0x000000008a800000, 0x000000008a900000|  0%| F|  |TAMS 0x000000008a800000| PB 0x000000008a800000| Untracked 
| 169|0x000000008a900000, 0x000000008a900000, 0x000000008aa00000|  0%| F|  |TAMS 0x000000008a900000| PB 0x000000008a900000| Untracked 
| 170|0x000000008aa00000, 0x000000008aa00000, 0x000000008ab00000|  0%| F|  |TAMS 0x000000008aa00000| PB 0x000000008aa00000| Untracked 
| 171|0x000000008ab00000, 0x000000008ab00000, 0x000000008ac00000|  0%| F|  |TAMS 0x000000008ab00000| PB 0x000000008ab00000| Untracked 
| 172|0x000000008ac00000, 0x000000008ac00000, 0x000000008ad00000|  0%| F|  |TAMS 0x000000008ac00000| PB 0x000000008ac00000| Untracked 
| 173|0x000000008ad00000, 0x000000008ad00000, 0x000000008ae00000|  0%| F|  |TAMS 0x000000008ad00000| PB 0x000000008ad00000| Untracked 
| 174|0x000000008ae00000, 0x000000008ae00000, 0x000000008af00000|  0%| F|  |TAMS 0x000000008ae00000| PB 0x000000008ae00000| Untracked 
| 175|0x000000008af00000, 0x000000008af00000, 0x000000008b000000|  0%| F|  |TAMS 0x000000008af00000| PB 0x000000008af00000| Untracked 
| 176|0x000000008b000000, 0x000000008b000000, 0x000000008b100000|  0%| F|  |TAMS 0x000000008b000000| PB 0x000000008b000000| Untracked 
| 177|0x000000008b100000, 0x000000008b100000, 0x000000008b200000|  0%| F|  |TAMS 0x000000008b100000| PB 0x000000008b100000| Untracked 
| 178|0x000000008b200000, 0x000000008b200000, 0x000000008b300000|  0%| F|  |TAMS 0x000000008b200000| PB 0x000000008b200000| Untracked 
| 179|0x000000008b300000, 0x000000008b300000, 0x000000008b400000|  0%| F|  |TAMS 0x000000008b300000| PB 0x000000008b300000| Untracked 
| 180|0x000000008b400000, 0x000000008b400000, 0x000000008b500000|  0%| F|  |TAMS 0x000000008b400000| PB 0x000000008b400000| Untracked 
| 181|0x000000008b500000, 0x000000008b500000, 0x000000008b600000|  0%| F|  |TAMS 0x000000008b500000| PB 0x000000008b500000| Untracked 
| 182|0x000000008b600000, 0x000000008b600000, 0x000000008b700000|  0%| F|  |TAMS 0x000000008b600000| PB 0x000000008b600000| Untracked 
| 183|0x000000008b700000, 0x000000008b700000, 0x000000008b800000|  0%| F|  |TAMS 0x000000008b700000| PB 0x000000008b700000| Untracked 
| 184|0x000000008b800000, 0x000000008b800000, 0x000000008b900000|  0%| F|  |TAMS 0x000000008b800000| PB 0x000000008b800000| Untracked 
| 185|0x000000008b900000, 0x000000008b900000, 0x000000008ba00000|  0%| F|  |TAMS 0x000000008b900000| PB 0x000000008b900000| Untracked 
| 186|0x000000008ba00000, 0x000000008ba00000, 0x000000008bb00000|  0%| F|  |TAMS 0x000000008ba00000| PB 0x000000008ba00000| Untracked 
| 187|0x000000008bb00000, 0x000000008bb00000, 0x000000008bc00000|  0%| F|  |TAMS 0x000000008bb00000| PB 0x000000008bb00000| Untracked 
| 188|0x000000008bc00000, 0x000000008bc00000, 0x000000008bd00000|  0%| F|  |TAMS 0x000000008bc00000| PB 0x000000008bc00000| Untracked 
| 189|0x000000008bd00000, 0x000000008bd00000, 0x000000008be00000|  0%| F|  |TAMS 0x000000008bd00000| PB 0x000000008bd00000| Untracked 
| 190|0x000000008be00000, 0x000000008be00000, 0x000000008bf00000|  0%| F|  |TAMS 0x000000008be00000| PB 0x000000008be00000| Untracked 
| 191|0x000000008bf00000, 0x000000008bf00000, 0x000000008c000000|  0%| F|  |TAMS 0x000000008bf00000| PB 0x000000008bf00000| Untracked 
| 192|0x000000008c000000, 0x000000008c000000, 0x000000008c100000|  0%| F|  |TAMS 0x000000008c000000| PB 0x000000008c000000| Untracked 
| 193|0x000000008c100000, 0x000000008c100000, 0x000000008c200000|  0%| F|  |TAMS 0x000000008c100000| PB 0x000000008c100000| Untracked 
| 194|0x000000008c200000, 0x000000008c200000, 0x000000008c300000|  0%| F|  |TAMS 0x000000008c200000| PB 0x000000008c200000| Untracked 
| 195|0x000000008c300000, 0x000000008c300000, 0x000000008c400000|  0%| F|  |TAMS 0x000000008c300000| PB 0x000000008c300000| Untracked 
| 196|0x000000008c400000, 0x000000008c400000, 0x000000008c500000|  0%| F|  |TAMS 0x000000008c400000| PB 0x000000008c400000| Untracked 
| 197|0x000000008c500000, 0x000000008c500000, 0x000000008c600000|  0%| F|  |TAMS 0x000000008c500000| PB 0x000000008c500000| Untracked 
| 198|0x000000008c600000, 0x000000008c600000, 0x000000008c700000|  0%| F|  |TAMS 0x000000008c600000| PB 0x000000008c600000| Untracked 
| 199|0x000000008c700000, 0x000000008c700000, 0x000000008c800000|  0%| F|  |TAMS 0x000000008c700000| PB 0x000000008c700000| Untracked 
| 200|0x000000008c800000, 0x000000008c800000, 0x000000008c900000|  0%| F|  |TAMS 0x000000008c800000| PB 0x000000008c800000| Untracked 
| 201|0x000000008c900000, 0x000000008c900000, 0x000000008ca00000|  0%| F|  |TAMS 0x000000008c900000| PB 0x000000008c900000| Untracked 
| 202|0x000000008ca00000, 0x000000008ca00000, 0x000000008cb00000|  0%| F|  |TAMS 0x000000008ca00000| PB 0x000000008ca00000| Untracked 
| 203|0x000000008cb00000, 0x000000008cb00000, 0x000000008cc00000|  0%| F|  |TAMS 0x000000008cb00000| PB 0x000000008cb00000| Untracked 
| 204|0x000000008cc00000, 0x000000008cc00000, 0x000000008cd00000|  0%| F|  |TAMS 0x000000008cc00000| PB 0x000000008cc00000| Untracked 
| 205|0x000000008cd00000, 0x000000008cd00000, 0x000000008ce00000|  0%| F|  |TAMS 0x000000008cd00000| PB 0x000000008cd00000| Untracked 
| 206|0x000000008ce00000, 0x000000008ce00000, 0x000000008cf00000|  0%| F|  |TAMS 0x000000008ce00000| PB 0x000000008ce00000| Untracked 
| 207|0x000000008cf00000, 0x000000008cf00000, 0x000000008d000000|  0%| F|  |TAMS 0x000000008cf00000| PB 0x000000008cf00000| Untracked 
| 208|0x000000008d000000, 0x000000008d000000, 0x000000008d100000|  0%| F|  |TAMS 0x000000008d000000| PB 0x000000008d000000| Untracked 
| 209|0x000000008d100000, 0x000000008d100000, 0x000000008d200000|  0%| F|  |TAMS 0x000000008d100000| PB 0x000000008d100000| Untracked 
| 210|0x000000008d200000, 0x000000008d200000, 0x000000008d300000|  0%| F|  |TAMS 0x000000008d200000| PB 0x000000008d200000| Untracked 
| 211|0x000000008d300000, 0x000000008d300000, 0x000000008d400000|  0%| F|  |TAMS 0x000000008d300000| PB 0x000000008d300000| Untracked 
| 212|0x000000008d400000, 0x000000008d400000, 0x000000008d500000|  0%| F|  |TAMS 0x000000008d400000| PB 0x000000008d400000| Untracked 
| 213|0x000000008d500000, 0x000000008d500000, 0x000000008d600000|  0%| F|  |TAMS 0x000000008d500000| PB 0x000000008d500000| Untracked 
| 214|0x000000008d600000, 0x000000008d600000, 0x000000008d700000|  0%| F|  |TAMS 0x000000008d600000| PB 0x000000008d600000| Untracked 
| 215|0x000000008d700000, 0x000000008d700000, 0x000000008d800000|  0%| F|  |TAMS 0x000000008d700000| PB 0x000000008d700000| Untracked 
| 216|0x000000008d800000, 0x000000008d800000, 0x000000008d900000|  0%| F|  |TAMS 0x000000008d800000| PB 0x000000008d800000| Untracked 
| 225|0x000000008e100000, 0x000000008e100000, 0x000000008e200000|  0%| F|  |TAMS 0x000000008e100000| PB 0x000000008e100000| Untracked 
| 226|0x000000008e200000, 0x000000008e200000, 0x000000008e300000|  0%| F|  |TAMS 0x000000008e200000| PB 0x000000008e200000| Untracked 
| 227|0x000000008e300000, 0x000000008e300000, 0x000000008e400000|  0%| F|  |TAMS 0x000000008e300000| PB 0x000000008e300000| Untracked 
| 228|0x000000008e400000, 0x000000008e400000, 0x000000008e500000|  0%| F|  |TAMS 0x000000008e400000| PB 0x000000008e400000| Untracked 
| 229|0x000000008e500000, 0x000000008e536ac0, 0x000000008e600000| 21%| E|  |TAMS 0x000000008e500000| PB 0x000000008e500000| Complete 
| 230|0x000000008e600000, 0x000000008e700000, 0x000000008e700000|100%| E|CS|TAMS 0x000000008e600000| PB 0x000000008e600000| Complete 
| 231|0x000000008e700000, 0x000000008e800000, 0x000000008e800000|100%| E|CS|TAMS 0x000000008e700000| PB 0x000000008e700000| Complete 
| 232|0x000000008e800000, 0x000000008e900000, 0x000000008e900000|100%| E|CS|TAMS 0x000000008e800000| PB 0x000000008e800000| Complete 
| 233|0x000000008e900000, 0x000000008ea00000, 0x000000008ea00000|100%| E|CS|TAMS 0x000000008e900000| PB 0x000000008e900000| Complete 
| 234|0x000000008ea00000, 0x000000008eb00000, 0x000000008eb00000|100%| E|CS|TAMS 0x000000008ea00000| PB 0x000000008ea00000| Complete 
| 252|0x000000008fc00000, 0x000000008fd00000, 0x000000008fd00000|100%| E|CS|TAMS 0x000000008fc00000| PB 0x000000008fc00000| Complete 
| 253|0x000000008fd00000, 0x000000008fe00000, 0x000000008fe00000|100%| E|CS|TAMS 0x000000008fd00000| PB 0x000000008fd00000| Complete 
|2033|0x00000000ff100000, 0x00000000ff200000, 0x00000000ff200000|100%| O|Cm|TAMS 0x00000000ff100000| PB 0x00000000ff100000| Complete 
|2034|0x00000000ff200000, 0x00000000ff300000, 0x00000000ff300000|100%| O|Cm|TAMS 0x00000000ff200000| PB 0x00000000ff200000| Complete 
|2035|0x00000000ff300000, 0x00000000ff400000, 0x00000000ff400000|100%| O|  |TAMS 0x00000000ff300000| PB 0x00000000ff300000| Untracked 
|2036|0x00000000ff400000, 0x00000000ff500000, 0x00000000ff500000|100%| O|  |TAMS 0x00000000ff400000| PB 0x00000000ff400000| Untracked 
|2037|0x00000000ff500000, 0x00000000ff600000, 0x00000000ff600000|100%| O|  |TAMS 0x00000000ff500000| PB 0x00000000ff500000| Untracked 
|2038|0x00000000ff600000, 0x00000000ff700000, 0x00000000ff700000|100%| O|  |TAMS 0x00000000ff600000| PB 0x00000000ff600000| Untracked 
|2039|0x00000000ff700000, 0x00000000ff800000, 0x00000000ff800000|100%| O|  |TAMS 0x00000000ff700000| PB 0x00000000ff700000| Untracked 
|2040|0x00000000ff800000, 0x00000000ff900000, 0x00000000ff900000|100%| O|  |TAMS 0x00000000ff800000| PB 0x00000000ff800000| Untracked 
|2041|0x00000000ff900000, 0x00000000ffa00000, 0x00000000ffa00000|100%| O|  |TAMS 0x00000000ff900000| PB 0x00000000ff900000| Untracked 
|2042|0x00000000ffa00000, 0x00000000ffb00000, 0x00000000ffb00000|100%| O|  |TAMS 0x00000000ffa00000| PB 0x00000000ffa00000| Untracked 
|2043|0x00000000ffb00000, 0x00000000ffc00000, 0x00000000ffc00000|100%| O|  |TAMS 0x00000000ffb00000| PB 0x00000000ffb00000| Untracked 
|2044|0x00000000ffc00000, 0x00000000ffd00000, 0x00000000ffd00000|100%| E|CS|TAMS 0x00000000ffc00000| PB 0x00000000ffc00000| Complete 
|2045|0x00000000ffd00000, 0x00000000ffe00000, 0x00000000ffe00000|100%| O|  |TAMS 0x00000000ffd00000| PB 0x00000000ffd00000| Untracked 
|2046|0x00000000ffe00000, 0x00000000fff00000, 0x00000000fff00000|100%| O|  |TAMS 0x00000000ffe00000| PB 0x00000000ffe00000| Untracked 
|2047|0x00000000fff00000, 0x0000000100000000, 0x0000000100000000|100%| O|  |TAMS 0x00000000fff00000| PB 0x00000000fff00000| Untracked 

Card table byte_map: [0x000001eb6ddc0000,0x000001eb6e1c0000] _byte_map_base: 0x000001eb6d9c0000

Marking Bits: (CMBitMap*) 0x000001eb5b5925b0
 Bits: [0x000001eb6e1c0000, 0x000001eb701c0000)

Polling page: 0x000001eb59720000

Metaspace:

Usage:
  Non-class:     48.93 MB used.
      Class:      7.94 MB used.
       Both:     56.87 MB used.

Virtual space:
  Non-class space:       64.00 MB reserved,      49.69 MB ( 78%) committed,  1 nodes.
      Class space:        1.00 GB reserved,       8.69 MB ( <1%) committed,  1 nodes.
             Both:        1.06 GB reserved,      58.38 MB (  5%) committed. 

Chunk freelists:
   Non-Class:  14.36 MB
       Class:  7.28 MB
        Both:  21.64 MB

MaxMetaspaceSize: unlimited
CompressedClassSpaceSize: 1.00 GB
Initial GC threshold: 21.00 MB
Current GC threshold: 96.81 MB
CDS: off
 - commit_granule_bytes: 65536.
 - commit_granule_words: 8192.
 - virtual_space_node_default_size: 8388608.
 - enlarge_chunks_in_place: 1.
 - use_allocation_guard: 0.


Internal statistics:

num_allocs_failed_limit: 6.
num_arena_births: 2758.
num_arena_deaths: 0.
num_vsnodes_births: 2.
num_vsnodes_deaths: 0.
num_space_committed: 934.
num_space_uncommitted: 0.
num_chunks_returned_to_freelist: 6.
num_chunks_taken_from_freelist: 5155.
num_chunk_merges: 6.
num_chunk_splits: 3259.
num_chunks_enlarged: 1901.
num_inconsistent_stats: 0.

CodeHeap 'non-profiled nmethods': size=120000Kb used=3049Kb max_used=3049Kb free=116951Kb
 bounds [0x000001eb66160000, 0x000001eb66470000, 0x000001eb6d690000]
CodeHeap 'profiled nmethods': size=120000Kb used=9172Kb max_used=9380Kb free=110827Kb
 bounds [0x000001eb5e690000, 0x000001eb5efc0000, 0x000001eb65bc0000]
CodeHeap 'non-nmethods': size=5760Kb used=2696Kb max_used=2774Kb free=3064Kb
 bounds [0x000001eb65bc0000, 0x000001eb65ea0000, 0x000001eb66160000]
 total_blobs=5862 nmethods=5008 adapters=757
 compilation: enabled
              stopped_count=0, restarted_count=0
 full_count=0

Compilation events (20 events):
Event: 12.247 Thread 0x000001eb72dbafe0 nmethod 5894 0x000001eb5e99e690 code [0x000001eb5e99e8a0, 0x000001eb5e99ee58]
Event: 12.247 Thread 0x000001eb72dbafe0 5895       2       org.gradle.internal.vfs.impl.DefaultFileSystemAccess::read (33 bytes)
Event: 12.248 Thread 0x000001eb72dbafe0 nmethod 5895 0x000001eb5ed86e90 code [0x000001eb5ed87080, 0x000001eb5ed87490]
Event: 12.248 Thread 0x000001eb72dbafe0 5898       2       org.gradle.internal.operations.DefaultBuildOperationListenerManager$ProgressShieldingBuildOperationListener::progress (25 bytes)
Event: 12.248 Thread 0x000001eb72dbafe0 nmethod 5898 0x000001eb5ed57490 code [0x000001eb5ed57640, 0x000001eb5ed577d8]
Event: 12.248 Thread 0x000001eb72dbafe0 5896       2       org.gradle.internal.vfs.impl.DefaultFileSystemAccess$$Lambda/0x000000010052c758::<init> (15 bytes)
Event: 12.249 Thread 0x000001eb72dbafe0 nmethod 5896 0x000001eb5e99e010 code [0x000001eb5e99e1c0, 0x000001eb5e99e370]
Event: 12.249 Thread 0x000001eb72dbafe0 5897       2       com.google.common.collect.ImmutableSet$EmptySetBuilderImpl::instance (4 bytes)
Event: 12.249 Thread 0x000001eb72dbafe0 nmethod 5897 0x000001eb5e7fc110 code [0x000001eb5e7fc2a0, 0x000001eb5e7fc390]
Event: 12.249 Thread 0x000001eb72dbafe0 5899       1       org.gradle.internal.operations.OperationProgressEvent::getDetails (5 bytes)
Event: 12.249 Thread 0x000001eb72dbafe0 nmethod 5899 0x000001eb662af810 code [0x000001eb662af9a0, 0x000001eb662afa68]
Event: 12.249 Thread 0x000001eb72dbafe0 5900       2       java.util.stream.AbstractPipeline::sourceStageSpliterator (112 bytes)
Event: 12.249 Thread 0x000001eb72dbafe0 nmethod 5900 0x000001eb5ec65b90 code [0x000001eb5ec65da0, 0x000001eb5ec66240]
Event: 12.250 Thread 0x000001eb72dbafe0 5901       2       org.gradle.cache.internal.btree.FileBackedBlockStore::attach (21 bytes)
Event: 12.251 Thread 0x000001eb72dbafe0 nmethod 5901 0x000001eb5ec65310 code [0x000001eb5ec654c0, 0x000001eb5ec657e0]
Event: 12.251 Thread 0x000001eb72dbafe0 5902 %     3       org.gradle.internal.serialize.MapSerializer::read @ 19 (68 bytes)
Event: 12.252 Thread 0x000001eb72dbafe0 nmethod 5902% 0x000001eb5ea9b510 code [0x000001eb5ea9b760, 0x000001eb5ea9bf10]
Event: 12.252 Thread 0x000001eb72dbafe0 5904       1       com.google.common.io.CountingOutputStream::getCount (5 bytes)
Event: 12.253 Thread 0x000001eb72dbafe0 nmethod 5904 0x000001eb662af510 code [0x000001eb662af6a0, 0x000001eb662af768]
Event: 13.266 Thread 0x000001eb72dbafe0 5905       2       java.util.stream.ReferencePipeline$Head::forEach (26 bytes)

GC Heap History (20 events):
Event: 5.781 GC heap before
{Heap before GC invocations=9 (full 0):
 garbage-first heap   total 69632K, used 67660K [0x0000000080000000, 0x0000000100000000)
  region size 1024K, 19 young (19456K), 5 survivors (5120K)
 Metaspace       used 36196K, committed 37120K, reserved 1114112K
  class space    used 4983K, committed 5440K, reserved 1048576K
}
Event: 5.789 GC heap after
{Heap after GC invocations=10 (full 0):
 garbage-first heap   total 95232K, used 59392K [0x0000000080000000, 0x0000000100000000)
  region size 1024K, 5 young (5120K), 5 survivors (5120K)
 Metaspace       used 36196K, committed 37120K, reserved 1114112K
  class space    used 4983K, committed 5440K, reserved 1048576K
}
Event: 6.286 GC heap before
{Heap before GC invocations=10 (full 0):
 garbage-first heap   total 95232K, used 82944K [0x0000000080000000, 0x0000000100000000)
  region size 1024K, 29 young (29696K), 5 survivors (5120K)
 Metaspace       used 39656K, committed 40640K, reserved 1114112K
  class space    used 5511K, committed 6016K, reserved 1048576K
}
Event: 6.292 GC heap after
{Heap after GC invocations=11 (full 0):
 garbage-first heap   total 95232K, used 60801K [0x0000000080000000, 0x0000000100000000)
  region size 1024K, 2 young (2048K), 2 survivors (2048K)
 Metaspace       used 39656K, committed 40640K, reserved 1114112K
  class space    used 5511K, committed 6016K, reserved 1048576K
}
Event: 6.831 GC heap before
{Heap before GC invocations=11 (full 0):
 garbage-first heap   total 95232K, used 84353K [0x0000000080000000, 0x0000000100000000)
  region size 1024K, 26 young (26624K), 2 survivors (2048K)
 Metaspace       used 45022K, committed 45888K, reserved 1114112K
  class space    used 6128K, committed 6528K, reserved 1048576K
}
Event: 6.837 GC heap after
{Heap after GC invocations=12 (full 0):
 garbage-first heap   total 95232K, used 63939K [0x0000000080000000, 0x0000000100000000)
  region size 1024K, 4 young (4096K), 4 survivors (4096K)
 Metaspace       used 45022K, committed 45888K, reserved 1114112K
  class space    used 6128K, committed 6528K, reserved 1048576K
}
Event: 7.095 GC heap before
{Heap before GC invocations=13 (full 0):
 garbage-first heap   total 107520K, used 83395K [0x0000000080000000, 0x0000000100000000)
  region size 1024K, 24 young (24576K), 4 survivors (4096K)
 Metaspace       used 45982K, committed 46912K, reserved 1114112K
  class space    used 6201K, committed 6656K, reserved 1048576K
}
Event: 7.104 GC heap after
{Heap after GC invocations=14 (full 0):
 garbage-first heap   total 107520K, used 66122K [0x0000000080000000, 0x0000000100000000)
  region size 1024K, 3 young (3072K), 3 survivors (3072K)
 Metaspace       used 45982K, committed 46912K, reserved 1114112K
  class space    used 6201K, committed 6656K, reserved 1048576K
}
Event: 7.827 GC heap before
{Heap before GC invocations=14 (full 0):
 garbage-first heap   total 107520K, used 101962K [0x0000000080000000, 0x0000000100000000)
  region size 1024K, 33 young (33792K), 3 survivors (3072K)
 Metaspace       used 49685K, committed 50752K, reserved 1114112K
  class space    used 6636K, committed 7168K, reserved 1048576K
}
Event: 7.833 GC heap after
{Heap after GC invocations=15 (full 0):
 garbage-first heap   total 129024K, used 67489K [0x0000000080000000, 0x0000000100000000)
  region size 1024K, 4 young (4096K), 4 survivors (4096K)
 Metaspace       used 49685K, committed 50752K, reserved 1114112K
  class space    used 6636K, committed 7168K, reserved 1048576K
}
Event: 9.246 GC heap before
{Heap before GC invocations=15 (full 0):
 garbage-first heap   total 129024K, used 115617K [0x0000000080000000, 0x0000000100000000)
  region size 1024K, 51 young (52224K), 4 survivors (4096K)
 Metaspace       used 55335K, committed 56832K, reserved 1114112K
  class space    used 7604K, committed 8320K, reserved 1048576K
}
Event: 9.257 GC heap after
{Heap after GC invocations=16 (full 0):
 garbage-first heap   total 129024K, used 70176K [0x0000000080000000, 0x0000000100000000)
  region size 1024K, 6 young (6144K), 6 survivors (6144K)
 Metaspace       used 55335K, committed 56832K, reserved 1114112K
  class space    used 7604K, committed 8320K, reserved 1048576K
}
Event: 10.454 GC heap before
{Heap before GC invocations=17 (full 0):
 garbage-first heap   total 129024K, used 115232K [0x0000000080000000, 0x0000000100000000)
  region size 1024K, 49 young (50176K), 6 survivors (6144K)
 Metaspace       used 57918K, committed 59392K, reserved 1114112K
  class space    used 8090K, committed 8832K, reserved 1048576K
}
Event: 10.473 GC heap after
{Heap after GC invocations=18 (full 0):
 garbage-first heap   total 132096K, used 81210K [0x0000000080000000, 0x0000000100000000)
  region size 1024K, 7 young (7168K), 7 survivors (7168K)
 Metaspace       used 57918K, committed 59392K, reserved 1114112K
  class space    used 8090K, committed 8832K, reserved 1048576K
}
Event: 10.698 GC heap before
{Heap before GC invocations=18 (full 0):
 garbage-first heap   total 132096K, used 115002K [0x0000000080000000, 0x0000000100000000)
  region size 1024K, 41 young (41984K), 7 survivors (7168K)
 Metaspace       used 57945K, committed 59392K, reserved 1114112K
  class space    used 8090K, committed 8832K, reserved 1048576K
}
Event: 10.729 GC heap after
{Heap after GC invocations=19 (full 0):
 garbage-first heap   total 140288K, used 97047K [0x0000000080000000, 0x0000000100000000)
  region size 1024K, 6 young (6144K), 6 survivors (6144K)
 Metaspace       used 57945K, committed 59392K, reserved 1114112K
  class space    used 8090K, committed 8832K, reserved 1048576K
}
Event: 10.767 GC heap before
{Heap before GC invocations=19 (full 0):
 garbage-first heap   total 140288K, used 104215K [0x0000000080000000, 0x0000000100000000)
  region size 1024K, 14 young (14336K), 6 survivors (6144K)
 Metaspace       used 57950K, committed 59456K, reserved 1114112K
  class space    used 8090K, committed 8832K, reserved 1048576K
}
Event: 10.785 GC heap after
{Heap after GC invocations=20 (full 0):
 garbage-first heap   total 140288K, used 101929K [0x0000000080000000, 0x0000000100000000)
  region size 1024K, 4 young (4096K), 4 survivors (4096K)
 Metaspace       used 57950K, committed 59456K, reserved 1114112K
  class space    used 8090K, committed 8832K, reserved 1048576K
}
Event: 10.993 GC heap before
{Heap before GC invocations=20 (full 0):
 garbage-first heap   total 174080K, used 123433K [0x0000000080000000, 0x0000000100000000)
  region size 1024K, 23 young (23552K), 4 survivors (4096K)
 Metaspace       used 57955K, committed 59456K, reserved 1114112K
  class space    used 8090K, committed 8832K, reserved 1048576K
}
Event: 11.021 GC heap after
{Heap after GC invocations=21 (full 0):
 garbage-first heap   total 249856K, used 114413K [0x0000000080000000, 0x0000000100000000)
  region size 1024K, 3 young (3072K), 3 survivors (3072K)
 Metaspace       used 57955K, committed 59456K, reserved 1114112K
  class space    used 8090K, committed 8832K, reserved 1048576K
}

Dll operation events (3 events):
Event: 0.014 Loaded shared library D:\AndroidStudioWork\AndroidSetup\jbr\bin\java.dll
Event: 0.024 Loaded shared library D:\AndroidStudioWork\AndroidSetup\jbr\bin\zip.dll
Event: 0.955 Loaded shared library D:\AndroidStudioWork\AndroidSetup\jbr\bin\verify.dll

Deoptimization events (20 events):
Event: 10.932 Thread 0x000001eb7c4fa150 DEOPT PACKING pc=0x000001eb5ef9cad3 sp=0x000000dd4aafa810
Event: 10.932 Thread 0x000001eb7c4fa150 DEOPT UNPACKING pc=0x000001eb65c14e42 sp=0x000000dd4aaf9cd8 mode 0
Event: 11.140 Thread 0x000001eb792799a0 Uncommon trap: trap_request=0xffffff45 fr.pc=0x000001eb66310a58 relative=0x0000000000000bb8
Event: 11.140 Thread 0x000001eb792799a0 Uncommon trap: reason=unstable_if action=reinterpret pc=0x000001eb66310a58 method=com.google.common.collect.MapMakerInternalMap$Segment.getEntry(Ljava/lang/Object;I)Lcom/google/common/collect/MapMakerInternalMap$InternalEntry; @ 63 c2
Event: 11.140 Thread 0x000001eb792799a0 DEOPT PACKING pc=0x000001eb66310a58 sp=0x000000dd483f3dd0
Event: 11.140 Thread 0x000001eb792799a0 DEOPT UNPACKING pc=0x000001eb65c146a2 sp=0x000000dd483f3ce8 mode 2
Event: 11.140 Thread 0x000001eb792799a0 Uncommon trap: trap_request=0xffffff45 fr.pc=0x000001eb6630ddd4 relative=0x0000000000001094
Event: 11.140 Thread 0x000001eb792799a0 Uncommon trap: reason=unstable_if action=reinterpret pc=0x000001eb6630ddd4 method=com.google.common.collect.MapMakerInternalMap$Segment.put(Ljava/lang/Object;ILjava/lang/Object;Z)Ljava/lang/Object; @ 92 c2
Event: 11.140 Thread 0x000001eb792799a0 DEOPT PACKING pc=0x000001eb6630ddd4 sp=0x000000dd483f3ca0
Event: 11.140 Thread 0x000001eb792799a0 DEOPT UNPACKING pc=0x000001eb65c146a2 sp=0x000000dd483f3c48 mode 2
Event: 12.171 Thread 0x000001eb792799a0 Uncommon trap: trap_request=0xffffff45 fr.pc=0x000001eb6645ebb0 relative=0x0000000000005f30
Event: 12.171 Thread 0x000001eb792799a0 Uncommon trap: reason=unstable_if action=reinterpret pc=0x000001eb6645ebb0 method=com.esotericsoftware.kryo.io.Input.readVarInt(Z)I @ 81 c2
Event: 12.171 Thread 0x000001eb792799a0 DEOPT PACKING pc=0x000001eb6645ebb0 sp=0x000000dd483f3df0
Event: 12.171 Thread 0x000001eb792799a0 DEOPT UNPACKING pc=0x000001eb65c146a2 sp=0x000000dd483f3ce0 mode 2
Event: 12.209 Thread 0x000001eb7c4fae70 DEOPT PACKING pc=0x000001eb5eb3f196 sp=0x000000dd4a9fb140
Event: 12.209 Thread 0x000001eb7c4fae70 DEOPT UNPACKING pc=0x000001eb65c14e42 sp=0x000000dd4a9fa688 mode 0
Event: 12.379 Thread 0x000001eb792799a0 Uncommon trap: trap_request=0xffffff45 fr.pc=0x000001eb66316b68 relative=0x0000000000000308
Event: 12.379 Thread 0x000001eb792799a0 Uncommon trap: reason=unstable_if action=reinterpret pc=0x000001eb66316b68 method=com.google.common.collect.MapMakerInternalMap$Segment.getEntry(Ljava/lang/Object;I)Lcom/google/common/collect/MapMakerInternalMap$InternalEntry; @ 63 c2
Event: 12.379 Thread 0x000001eb792799a0 DEOPT PACKING pc=0x000001eb66316b68 sp=0x000000dd483f3d50
Event: 12.379 Thread 0x000001eb792799a0 DEOPT UNPACKING pc=0x000001eb65c146a2 sp=0x000000dd483f3ce8 mode 2

Classes loaded (20 events):
Event: 9.581 Loading class sun/reflect/ReflectionFactory$1
Event: 9.581 Loading class sun/reflect/ReflectionFactory$1 done
Event: 9.789 Loading class java/util/stream/SortedOps
Event: 9.790 Loading class java/util/stream/SortedOps done
Event: 9.790 Loading class java/util/stream/SortedOps$OfRef
Event: 9.790 Loading class java/util/stream/SortedOps$OfRef done
Event: 9.795 Loading class java/util/stream/SortedOps$SizedRefSortingSink
Event: 9.795 Loading class java/util/stream/SortedOps$AbstractRefSortingSink
Event: 9.795 Loading class java/util/stream/SortedOps$AbstractRefSortingSink done
Event: 9.795 Loading class java/util/stream/SortedOps$SizedRefSortingSink done
Event: 9.883 Loading class java/lang/ThreadDeath
Event: 9.883 Loading class java/lang/ThreadDeath done
Event: 9.884 Loading class sun/misc/SharedSecrets
Event: 9.884 Loading class sun/misc/SharedSecrets done
Event: 10.299 Loading class java/util/DualPivotQuicksort
Event: 10.300 Loading class java/util/DualPivotQuicksort done
Event: 12.167 Loading class java/nio/file/StandardCopyOption
Event: 12.167 Loading class java/nio/file/StandardCopyOption done
Event: 12.170 Loading class sun/nio/fs/WindowsFileCopy
Event: 12.171 Loading class sun/nio/fs/WindowsFileCopy done

Classes unloaded (0 events):
No events

Classes redefined (0 events):
No events

Internal exceptions (20 events):
Event: 9.864 Thread 0x000001eb792799a0 Exception <a 'java/lang/ClassNotFoundException'{0x0000000086af6050}: sync_studio_tooling4_bvkt6w3htzgykfqazjniixgypBeanInfo> (0x0000000086af6050) 
thrown [s\src\hotspot\share\classfile\systemDictionary.cpp, line 312]
Event: 9.864 Thread 0x000001eb792799a0 Exception <a 'java/lang/ClassNotFoundException'{0x0000000086afdbd8}: sync_studio_tooling4_bvkt6w3htzgykfqazjniixgypCustomizer> (0x0000000086afdbd8) 
thrown [s\src\hotspot\share\classfile\systemDictionary.cpp, line 312]
Event: 9.884 Thread 0x000001eb792799a0 Exception <a 'java/lang/ClassNotFoundException'{0x0000000086984c50}: sun/misc/SharedSecrets> (0x0000000086984c50) 
thrown [s\src\hotspot\share\classfile\systemDictionary.cpp, line 312]
Event: 9.884 Thread 0x000001eb792799a0 Exception <a 'java/lang/ClassNotFoundException'{0x0000000086985f98}: org/gradle/util/GradleVersionBeanInfo> (0x0000000086985f98) 
thrown [s\src\hotspot\share\classfile\systemDictionary.cpp, line 312]
Event: 9.885 Thread 0x000001eb792799a0 Exception <a 'java/lang/ClassNotFoundException'{0x0000000086996448}: org/gradle/util/GradleVersionCustomizer> (0x0000000086996448) 
thrown [s\src\hotspot\share\classfile\systemDictionary.cpp, line 312]
Event: 9.896 Thread 0x000001eb792799a0 Exception <a 'java/lang/ClassNotFoundException'{0x00000000869da458}: org/gradle/util/internal/DefaultGradleVersionBeanInfo> (0x00000000869da458) 
thrown [s\src\hotspot\share\classfile\systemDictionary.cpp, line 312]
Event: 9.898 Thread 0x000001eb792799a0 Exception <a 'java/lang/ClassNotFoundException'{0x00000000869eb0c0}: org/gradle/util/internal/DefaultGradleVersionCustomizer> (0x00000000869eb0c0) 
thrown [s\src\hotspot\share\classfile\systemDictionary.cpp, line 312]
Event: 9.914 Thread 0x000001eb792799a0 Exception <a 'java/lang/ClassNotFoundException'{0x0000000086863200}: org/gradle/invocation/DefaultGradle$DefaultGradleLifecycle_DecoratedBeanInfo> (0x0000000086863200) 
thrown [s\src\hotspot\share\classfile\systemDictionary.cpp, line 312]
Event: 9.922 Thread 0x000001eb792799a0 Exception <a 'java/lang/ClassNotFoundException'{0x0000000086874a78}: org/gradle/invocation/DefaultGradle$DefaultGradleLifecycleBeanInfo> (0x0000000086874a78) 
thrown [s\src\hotspot\share\classfile\systemDictionary.cpp, line 312]
Event: 9.923 Thread 0x000001eb792799a0 Exception <a 'java/lang/ClassNotFoundException'{0x0000000086885e48}: org/gradle/invocation/DefaultGradle$DefaultGradleLifecycleCustomizer> (0x0000000086885e48) 
thrown [s\src\hotspot\share\classfile\systemDictionary.cpp, line 312]
Event: 9.925 Thread 0x000001eb792799a0 Exception <a 'java/lang/ClassNotFoundException'{0x000000008689b188}: org/gradle/invocation/DefaultGradle$DefaultGradleLifecycle_DecoratedCustomizer> (0x000000008689b188) 
thrown [s\src\hotspot\share\classfile\systemDictionary.cpp, line 312]
Event: 10.030 Thread 0x000001eb792799a0 Exception <a 'java/lang/ClassNotFoundException'{0x0000000086775d20}: ijInit1_bct0kefh0rm3e8v8v6p0yz4flBeanInfo> (0x0000000086775d20) 
thrown [s\src\hotspot\share\classfile\systemDictionary.cpp, line 312]
Event: 10.033 Thread 0x000001eb792799a0 Exception <a 'java/lang/ClassNotFoundException'{0x000000008677cf78}: ijInit1_bct0kefh0rm3e8v8v6p0yz4flCustomizer> (0x000000008677cf78) 
thrown [s\src\hotspot\share\classfile\systemDictionary.cpp, line 312]
Event: 10.055 Thread 0x000001eb792799a0 Exception <a 'java/lang/ClassNotFoundException'{0x00000000867ca558}: ijInit1_bct0kefh0rm3e8v8v6p0yz4fl$_run_closure1BeanInfo> (0x00000000867ca558) 
thrown [s\src\hotspot\share\classfile\systemDictionary.cpp, line 312]
Event: 10.060 Thread 0x000001eb792799a0 Exception <a 'java/lang/ClassNotFoundException'{0x00000000867d26a0}: ijInit1_bct0kefh0rm3e8v8v6p0yz4fl$_run_closure1Customizer> (0x00000000867d26a0) 
thrown [s\src\hotspot\share\classfile\systemDictionary.cpp, line 312]
Event: 10.213 Thread 0x000001eb7c4fae70 Exception <a 'java/lang/IncompatibleClassChangeError'{0x00000000864fb398}: Found class java.lang.Object, but interface was expected> (0x00000000864fb398) 
thrown [s\src\hotspot\share\interpreter\linkResolver.cpp, line 851]
Event: 10.213 Thread 0x000001eb7c4fcf40 Exception <a 'java/lang/IncompatibleClassChangeError'{0x00000000863744d8}: Found class java.lang.Object, but interface was expected> (0x00000000863744d8) 
thrown [s\src\hotspot\share\interpreter\linkResolver.cpp, line 851]
Event: 10.214 Thread 0x000001eb7c4fa150 Exception <a 'java/lang/IncompatibleClassChangeError'{0x000000008633a1f0}: Found class java.lang.Object, but interface was expected> (0x000000008633a1f0) 
thrown [s\src\hotspot\share\interpreter\linkResolver.cpp, line 851]
Event: 10.214 Thread 0x000001eb792799a0 Exception <a 'java/lang/IncompatibleClassChangeError'{0x00000000866630e0}: Found class java.lang.Object, but interface was expected> (0x00000000866630e0) 
thrown [s\src\hotspot\share\interpreter\linkResolver.cpp, line 851]
Event: 10.474 Thread 0x000001eb72d45a30 Implicit null exception at 0x000001eb66457b4b to 0x000001eb66457f3c

ZGC Phase Switch (0 events):
No events

VM Operations (20 events):
Event: 10.205 Executing VM operation: ICBufferFull done
Event: 10.205 Executing VM operation: ICBufferFull
Event: 10.205 Executing VM operation: ICBufferFull done
Event: 10.205 Executing VM operation: ICBufferFull
Event: 10.205 Executing VM operation: ICBufferFull done
Event: 10.454 Executing VM operation: G1CollectForAllocation (G1 Evacuation Pause)
Event: 10.473 Executing VM operation: G1CollectForAllocation (G1 Evacuation Pause) done
Event: 10.698 Executing VM operation: G1CollectForAllocation (G1 Evacuation Pause)
Event: 10.729 Executing VM operation: G1CollectForAllocation (G1 Evacuation Pause) done
Event: 10.767 Executing VM operation: G1TryInitiateConcMark (G1 Humongous Allocation)
Event: 10.785 Executing VM operation: G1TryInitiateConcMark (G1 Humongous Allocation) done
Event: 10.926 Executing VM operation: G1PauseRemark
Event: 10.931 Executing VM operation: G1PauseRemark done
Event: 10.990 Executing VM operation: G1CollectForAllocation (G1 Evacuation Pause)
Event: 11.021 Executing VM operation: G1CollectForAllocation (G1 Evacuation Pause) done
Event: 11.021 Executing VM operation: G1PauseCleanup
Event: 11.022 Executing VM operation: G1PauseCleanup done
Event: 12.035 Executing VM operation: Cleanup
Event: 12.131 Executing VM operation: Cleanup done
Event: 13.139 Executing VM operation: Cleanup

Memory protections (0 events):
No events

Nmethod flushes (20 events):
Event: 10.930 Thread 0x000001eb72c24400 flushing  nmethod 0x000001eb5ea2bb90
Event: 10.930 Thread 0x000001eb72c24400 flushing  nmethod 0x000001eb5ea2ec10
Event: 10.930 Thread 0x000001eb72c24400 flushing  nmethod 0x000001eb5ea57710
Event: 10.930 Thread 0x000001eb72c24400 flushing  nmethod 0x000001eb5eb0a990
Event: 10.930 Thread 0x000001eb72c24400 flushing  nmethod 0x000001eb5eb5ed90
Event: 10.930 Thread 0x000001eb72c24400 flushing  nmethod 0x000001eb5eb8e590
Event: 10.930 Thread 0x000001eb72c24400 flushing  nmethod 0x000001eb5eb90f10
Event: 10.930 Thread 0x000001eb72c24400 flushing  nmethod 0x000001eb5eb91490
Event: 10.930 Thread 0x000001eb72c24400 flushing  nmethod 0x000001eb5eb91e90
Event: 10.930 Thread 0x000001eb72c24400 flushing  nmethod 0x000001eb5ec2cf90
Event: 10.930 Thread 0x000001eb72c24400 flushing  nmethod 0x000001eb5ec6f190
Event: 10.930 Thread 0x000001eb72c24400 flushing  nmethod 0x000001eb5ec71310
Event: 10.930 Thread 0x000001eb72c24400 flushing  nmethod 0x000001eb5ec75690
Event: 10.930 Thread 0x000001eb72c24400 flushing  nmethod 0x000001eb5ec79890
Event: 10.930 Thread 0x000001eb72c24400 flushing  nmethod 0x000001eb5ed1c610
Event: 10.930 Thread 0x000001eb72c24400 flushing  nmethod 0x000001eb5ed66e10
Event: 10.930 Thread 0x000001eb72c24400 flushing  nmethod 0x000001eb5edbdf10
Event: 10.930 Thread 0x000001eb72c24400 flushing  nmethod 0x000001eb5edf2490
Event: 10.930 Thread 0x000001eb72c24400 flushing  nmethod 0x000001eb5eeaa890
Event: 10.930 Thread 0x000001eb72c24400 flushing  nmethod 0x000001eb5eeac610

Events (20 events):
Event: 9.627 Thread 0x000001eb792799a0 Thread added: 0x000001eb7ae59f70
Event: 9.629 Thread 0x000001eb792799a0 Thread added: 0x000001eb7ae5b320
Event: 9.671 Thread 0x000001eb7a311ee0 Thread exited: 0x000001eb7a311ee0
Event: 9.699 Thread 0x000001eb792799a0 Thread added: 0x000001eb7ae5a600
Event: 9.701 Thread 0x000001eb792799a0 Thread added: 0x000001eb7ae5ac90
Event: 10.127 Thread 0x000001eb792799a0 Thread added: 0x000001eb7ae57ea0
Event: 10.128 Thread 0x000001eb792799a0 Thread added: 0x000001eb7ae5b9b0
Event: 10.129 Thread 0x000001eb792799a0 Thread added: 0x000001eb7ae58530
Event: 10.130 Thread 0x000001eb792799a0 Thread added: 0x000001eb7ae58bc0
Event: 10.132 Thread 0x000001eb792799a0 Thread added: 0x000001eb7ae598e0
Event: 10.133 Thread 0x000001eb792799a0 Thread added: 0x000001eb7ae59250
Event: 10.138 Thread 0x000001eb792799a0 Thread added: 0x000001eb7c4fbb90
Event: 10.167 Thread 0x000001eb792799a0 Thread added: 0x000001eb7c4f9430
Event: 10.168 Thread 0x000001eb792799a0 Thread added: 0x000001eb7c4fa7e0
Event: 10.169 Thread 0x000001eb792799a0 Thread added: 0x000001eb7c4f8da0
Event: 10.170 Thread 0x000001eb792799a0 Thread added: 0x000001eb7c4fae70
Event: 10.172 Thread 0x000001eb792799a0 Thread added: 0x000001eb7c4fa150
Event: 10.174 Thread 0x000001eb792799a0 Thread added: 0x000001eb7c4f9ac0
Event: 10.177 Thread 0x000001eb792799a0 Thread added: 0x000001eb7c4fcf40
Event: 10.335 Thread 0x000001eb72dbafe0 Thread added: 0x000001eb7a312c80


Dynamic libraries:
0x00007ff7f3a70000 - 0x00007ff7f3a7a000 	D:\AndroidStudioWork\AndroidSetup\jbr\bin\java.exe
0x00007ffead660000 - 0x00007ffead8c7000 	C:\WINDOWS\SYSTEM32\ntdll.dll
0x00007ffeabf80000 - 0x00007ffeac049000 	C:\WINDOWS\System32\KERNEL32.DLL
0x00007ffeaabc0000 - 0x00007ffeaafaf000 	C:\WINDOWS\System32\KERNELBASE.dll
0x00007ffeab080000 - 0x00007ffeab1cb000 	C:\WINDOWS\System32\ucrtbase.dll
0x00007ffea72a0000 - 0x00007ffea72bb000 	D:\AndroidStudioWork\AndroidSetup\jbr\bin\VCRUNTIME140.dll
0x00007ffe9b760000 - 0x00007ffe9b778000 	D:\AndroidStudioWork\AndroidSetup\jbr\bin\jli.dll
0x00007ffeab400000 - 0x00007ffeab5c5000 	C:\WINDOWS\System32\USER32.dll
0x00007ffeab340000 - 0x00007ffeab367000 	C:\WINDOWS\System32\win32u.dll
0x00007ffe8f100000 - 0x00007ffe8f393000 	C:\WINDOWS\WinSxS\amd64_microsoft.windows.common-controls_6595b64144ccf1df_6.0.26100.7309_none_3e05feeae336a044\COMCTL32.dll
0x00007ffeac960000 - 0x00007ffeac98b000 	C:\WINDOWS\System32\GDI32.dll
0x00007ffeabc80000 - 0x00007ffeabd29000 	C:\WINDOWS\System32\msvcrt.dll
0x00007ffeaa9e0000 - 0x00007ffeaab0c000 	C:\WINDOWS\System32\gdi32full.dll
0x00007ffeaa930000 - 0x00007ffeaa9d3000 	C:\WINDOWS\System32\msvcp_win.dll
0x00007ffeabc40000 - 0x00007ffeabc71000 	C:\WINDOWS\System32\IMM32.DLL
0x00007ffea3dd0000 - 0x00007ffea3ddc000 	D:\AndroidStudioWork\AndroidSetup\jbr\bin\vcruntime140_1.dll
0x00007ffe75650000 - 0x00007ffe756dd000 	D:\AndroidStudioWork\AndroidSetup\jbr\bin\msvcp140.dll
0x00007ffe13fd0000 - 0x00007ffe14c5e000 	D:\AndroidStudioWork\AndroidSetup\jbr\bin\server\jvm.dll
0x00007ffeacb10000 - 0x00007ffeacbc4000 	C:\WINDOWS\System32\ADVAPI32.dll
0x00007ffeab6d0000 - 0x00007ffeab776000 	C:\WINDOWS\System32\sechost.dll
0x00007ffead490000 - 0x00007ffead5a8000 	C:\WINDOWS\System32\RPCRT4.dll
0x00007ffeacbe0000 - 0x00007ffeacc54000 	C:\WINDOWS\System32\WS2_32.dll
0x00007ffeaa610000 - 0x00007ffeaa66e000 	C:\WINDOWS\SYSTEM32\POWRPROF.dll
0x00007ffe91070000 - 0x00007ffe910a5000 	C:\WINDOWS\SYSTEM32\WINMM.dll
0x00007ffea2360000 - 0x00007ffea236b000 	C:\WINDOWS\SYSTEM32\VERSION.dll
0x00007ffeaa5f0000 - 0x00007ffeaa604000 	C:\WINDOWS\SYSTEM32\UMPDC.dll
0x00007ffea9520000 - 0x00007ffea953b000 	C:\WINDOWS\SYSTEM32\kernel.appcore.dll
0x00007ffea39b0000 - 0x00007ffea39ba000 	D:\AndroidStudioWork\AndroidSetup\jbr\bin\jimage.dll
0x00007ffea7e30000 - 0x00007ffea8072000 	C:\WINDOWS\SYSTEM32\DBGHELP.DLL
0x00007ffeac050000 - 0x00007ffeac3d5000 	C:\WINDOWS\System32\combase.dll
0x00007ffeac3e0000 - 0x00007ffeac4b6000 	C:\WINDOWS\System32\OLEAUT32.dll
0x00007ffe8ee20000 - 0x00007ffe8ee5c000 	C:\WINDOWS\SYSTEM32\dbgcore.DLL
0x00007ffeaab10000 - 0x00007ffeaabb5000 	C:\WINDOWS\System32\bcryptPrimitives.dll
0x00007ffea6f60000 - 0x00007ffea6f6e000 	D:\AndroidStudioWork\AndroidSetup\jbr\bin\instrument.dll
0x00007ffea3810000 - 0x00007ffea3830000 	D:\AndroidStudioWork\AndroidSetup\jbr\bin\java.dll
0x00007ffea2a60000 - 0x00007ffea2a78000 	D:\AndroidStudioWork\AndroidSetup\jbr\bin\zip.dll
0x00007ffeacd30000 - 0x00007ffead483000 	C:\WINDOWS\System32\SHELL32.dll
0x00007ffeab1d0000 - 0x00007ffeab33a000 	C:\WINDOWS\System32\wintypes.dll
0x00007ffea8390000 - 0x00007ffea8bee000 	C:\WINDOWS\SYSTEM32\windows.storage.dll
0x00007ffeabb40000 - 0x00007ffeabc35000 	C:\WINDOWS\System32\SHCORE.dll
0x00007ffeabad0000 - 0x00007ffeabb36000 	C:\WINDOWS\System32\shlwapi.dll
0x00007ffeaa6d0000 - 0x00007ffeaa6f9000 	C:\WINDOWS\SYSTEM32\profapi.dll
0x00007ffea39a0000 - 0x00007ffea39b0000 	D:\AndroidStudioWork\AndroidSetup\jbr\bin\net.dll
0x00007ffea1500000 - 0x00007ffea1628000 	C:\WINDOWS\SYSTEM32\WINHTTP.dll
0x00007ffea9a70000 - 0x00007ffea9adb000 	C:\WINDOWS\system32\mswsock.dll
0x00007ffea2430000 - 0x00007ffea2446000 	D:\AndroidStudioWork\AndroidSetup\jbr\bin\nio.dll
0x00007ffe96f40000 - 0x00007ffe96f50000 	D:\AndroidStudioWork\AndroidSetup\jbr\bin\verify.dll
0x00007ffe8ddf0000 - 0x00007ffe8de17000 	C:\Users\HANZALLAH\.gradle\native\1def1411415f61bf3af743bc5b6707747c0891f09f0c88961ee8f79bc544acac\windows-amd64\native-platform.dll
0x00007ffe755d0000 - 0x00007ffe75648000 	C:\Users\HANZALLAH\.gradle\native\0.2.7\x86_64-windows-gnu\gradle-fileevents.dll
0x00007ffea37e0000 - 0x00007ffea37e9000 	D:\AndroidStudioWork\AndroidSetup\jbr\bin\management.dll
0x00007ffe9b160000 - 0x00007ffe9b16b000 	D:\AndroidStudioWork\AndroidSetup\jbr\bin\management_ext.dll
0x00007ffeac950000 - 0x00007ffeac958000 	C:\WINDOWS\System32\PSAPI.DLL
0x00007ffea8f60000 - 0x00007ffea8f94000 	C:\WINDOWS\SYSTEM32\IPHLPAPI.DLL
0x00007ffeacb00000 - 0x00007ffeacb0a000 	C:\WINDOWS\System32\NSI.dll
0x00007ffea3800000 - 0x00007ffea3809000 	D:\AndroidStudioWork\AndroidSetup\jbr\bin\extnet.dll
0x00007ffea9e60000 - 0x00007ffea9e7b000 	C:\WINDOWS\SYSTEM32\CRYPTSP.dll
0x00007ffea9480000 - 0x00007ffea94ba000 	C:\WINDOWS\system32\rsaenh.dll
0x00007ffea9b20000 - 0x00007ffea9b4b000 	C:\WINDOWS\SYSTEM32\USERENV.dll
0x00007ffeaa6a0000 - 0x00007ffeaa6ca000 	C:\WINDOWS\SYSTEM32\bcrypt.dll
0x00007ffea9cc0000 - 0x00007ffea9ccc000 	C:\WINDOWS\SYSTEM32\CRYPTBASE.dll
0x00007ffea51d0000 - 0x00007ffea51d8000 	C:\WINDOWS\system32\wshunix.dll

dbghelp: loaded successfully - version: 4.0.5 - missing functions: none
symbol engine: initialized successfully - sym options: 0x614 - pdb path: .;D:\AndroidStudioWork\AndroidSetup\jbr\bin;C:\WINDOWS\SYSTEM32;C:\WINDOWS\WinSxS\amd64_microsoft.windows.common-controls_6595b64144ccf1df_6.0.26100.7309_none_3e05feeae336a044;D:\AndroidStudioWork\AndroidSetup\jbr\bin\server;C:\Users\HANZALLAH\.gradle\native\1def1411415f61bf3af743bc5b6707747c0891f09f0c88961ee8f79bc544acac\windows-amd64;C:\Users\HANZALLAH\.gradle\native\0.2.7\x86_64-windows-gnu

VM Arguments:
jvm_args: --add-opens=java.base/java.lang=ALL-UNNAMED --add-opens=java.base/java.lang.invoke=ALL-UNNAMED --add-opens=java.base/java.util=ALL-UNNAMED --add-opens=java.prefs/java.util.prefs=ALL-UNNAMED --add-exports=jdk.compiler/com.sun.tools.javac.api=ALL-UNNAMED --add-exports=jdk.compiler/com.sun.tools.javac.util=ALL-UNNAMED --add-opens=java.base/java.util=ALL-UNNAMED --add-opens=java.prefs/java.util.prefs=ALL-UNNAMED --add-opens=java.base/java.nio.charset=ALL-UNNAMED --add-opens=java.base/java.net=ALL-UNNAMED --add-opens=java.base/java.util.concurrent.atomic=ALL-UNNAMED --add-opens=java.xml/javax.xml.namespace=ALL-UNNAMED -Xmx2048m -Dfile.encoding=UTF-8 -Duser.country=US -Duser.language=en -Duser.variant -javaagent:C:\Users\HANZALLAH\.gradle\wrapper\dists\gradle-8.13-bin\5xuhj0ry160q40clulazy9h7d\gradle-8.13\lib\agents\gradle-instrumentation-agent-8.13.jar 
java_command: org.gradle.launcher.daemon.bootstrap.GradleDaemon 8.13
java_class_path (initial): C:\Users\HANZALLAH\.gradle\wrapper\dists\gradle-8.13-bin\5xuhj0ry160q40clulazy9h7d\gradle-8.13\lib\gradle-daemon-main-8.13.jar
Launcher Type: SUN_STANDARD

[Global flags]
     intx CICompilerCount                          = 4                                         {product} {ergonomic}
     uint ConcGCThreads                            = 2                                         {product} {ergonomic}
     uint G1ConcRefinementThreads                  = 8                                         {product} {ergonomic}
   size_t G1HeapRegionSize                         = 1048576                                   {product} {ergonomic}
    uintx GCDrainStackTargetSize                   = 64                                        {product} {ergonomic}
   size_t InitialHeapSize                          = 266338304                                 {product} {ergonomic}
   size_t MarkStackSize                            = 4194304                                   {product} {ergonomic}
   size_t MaxHeapSize                              = 2147483648                                {product} {command line}
   size_t MaxNewSize                               = 1287651328                                {product} {ergonomic}
   size_t MinHeapDeltaBytes                        = 1048576                                   {product} {ergonomic}
   size_t MinHeapSize                              = 8388608                                   {product} {ergonomic}
    uintx NonNMethodCodeHeapSize                   = 5839372                                {pd product} {ergonomic}
    uintx NonProfiledCodeHeapSize                  = 122909434                              {pd product} {ergonomic}
    uintx ProfiledCodeHeapSize                     = 122909434                              {pd product} {ergonomic}
    uintx ReservedCodeCacheSize                    = 251658240                              {pd product} {ergonomic}
     bool SegmentedCodeCache                       = true                                      {product} {ergonomic}
   size_t SoftMaxHeapSize                          = 2147483648                             {manageable} {ergonomic}
     bool UseCompressedOops                        = true                           {product lp64_product} {ergonomic}
     bool UseG1GC                                  = true                                      {product} {ergonomic}
     bool UseLargePagesIndividualAllocation        = false                                  {pd product} {ergonomic}

Logging:
Log output configuration:
 #0: stdout all=warning uptime,level,tags foldmultilines=false
 #1: stderr all=off uptime,level,tags foldmultilines=false

Environment Variables:
PATH=C:\Python313\Scripts\;C:\Python313\;C:\Program Files\Common Files\Oracle\Java\javapath;C:\WINDOWS\system32;C:\WINDOWS;C:\WINDOWS\System32\Wbem;C:\WINDOWS\System32\WindowsPowerShell\v1.0\;C:\WINDOWS\System32\OpenSSH\;C:\Program Files\Git\cmd;C:\ProgramData\chocolatey\bin;C:\Program Files\nodejs\;C:\Program Files\Docker\Docker\resources\bin;C:\Users\HANZALLAH\AppData\Local\Microsoft\WindowsApps;D:\mydata\softwares\Microsoft VS Code\bin;C:\Users\HANZALLAH\AppData\Roaming\npm
USERNAME=HANZALLAH
OS=Windows_NT
PROCESSOR_IDENTIFIER=Intel64 Family 6 Model 142 Stepping 12, GenuineIntel
TMP=C:\Users\HANZAL~1\AppData\Local\Temp
TEMP=C:\Users\HANZAL~1\AppData\Local\Temp




Periodic native trim disabled

JNI global refs:
JNI global refs: 29, weak refs: 28

JNI global refs memory usage: 835, weak refs: 833

Process memory usage:
Resident Set Size: 435864K (2% of 16578848K total physical memory with 3693956K free physical memory)

OOME stack traces (most recent first):
Classloader memory used:
Loader org.gradle.internal.classloader.VisitableURLClassLoader                         : 27457K
Loader bootstrap                                                                       : 22503K
Loader org.gradle.initialization.MixInLegacyTypesClassLoader                           : 6585K
Loader org.gradle.internal.classloader.VisitableURLClassLoader                         : 732K
Loader jdk.internal.loader.ClassLoaders$PlatformClassLoader                            : 496K
Loader jdk.internal.loader.ClassLoaders$AppClassLoader                                 : 235K
Loader jdk.internal.reflect.DelegatingClassLoader                                      : 164K
Loader org.gradle.groovy.scripts.internal.DefaultScriptCompilationHandler$ScriptClassLoader: 74456B
Loader org.codehaus.groovy.runtime.callsite.CallSiteClassLoader                        : 18536B

Classes loaded by more than one classloader:
Class org.gradle.api.GradleException                                                  : loaded 3 times (x 80B)
Class org.gradle.internal.classloader.FilteringClassLoader                            : loaded 2 times (x 103B)
Class org.gradle.internal.classloader.ClassLoaderHierarchy                            : loaded 2 times (x 68B)
Class org.gradle.api.internal.classpath.ManifestUtil                                  : loaded 2 times (x 69B)
Class org.gradle.internal.operations.MultipleBuildOperationFailures                   : loaded 2 times (x 93B)
Class org.gradle.internal.classloader.DefaultClassLoaderFactory                       : loaded 2 times (x 80B)
Class kotlin.collections.AbstractList$Companion                                       : loaded 2 times (x 69B)
Class org.gradle.internal.classloader.ClassLoaderVisitor                              : loaded 2 times (x 74B)
Class org.gradle.api.internal.classpath.EffectiveClassPath                            : loaded 2 times (x 88B)
Class org.gradle.api.internal.DefaultClassPathProvider                                : loaded 2 times (x 74B)
Class [Lorg.gradle.api.internal.ClassPathProvider;                                    : loaded 2 times (x 67B)
Class org.gradle.api.internal.ClassPathProvider                                       : loaded 2 times (x 68B)
Class org.gradle.internal.service.UnknownServiceException                             : loaded 2 times (x 81B)
Class org.gradle.internal.classpath.TransformedClassPath                              : loaded 2 times (x 94B)
Class org.gradle.internal.classloader.InstrumentingClassLoader                        : loaded 2 times (x 68B)
Class kotlin.enums.EnumEntriesList                                                    : loaded 2 times (x 221B)
Class org.gradle.internal.service.ServiceLocator                                      : loaded 2 times (x 68B)
Class org.gradle.internal.InternalTransformer                                         : loaded 2 times (x 68B)
Class org.gradle.internal.time.DefaultTimer                                           : loaded 2 times (x 78B)
Class org.gradle.internal.classloader.ClasspathUtil$1                                 : loaded 2 times (x 74B)
Class org.gradle.api.internal.classpath.DefaultModuleRegistry$DefaultModule           : loaded 2 times (x 84B)
Class org.gradle.internal.time.DefaultCountdownTimer                                  : loaded 2 times (x 86B)
Class kotlin.Function                                                                 : loaded 2 times (x 68B)
Class org.gradle.api.internal.classpath.Module                                        : loaded 2 times (x 68B)
Class org.gradle.api.internal.classpath.UnknownModuleException                        : loaded 2 times (x 80B)
Class org.gradle.api.internal.DefaultClassPathRegistry                                : loaded 2 times (x 74B)
Class org.gradle.api.internal.ClassPathRegistry                                       : loaded 2 times (x 68B)
Class org.gradle.internal.classpath.DefaultClassPath$ImmutableUniqueList              : loaded 2 times (x 197B)
Class org.gradle.internal.classpath.ClassPath                                         : loaded 2 times (x 68B)
Class org.gradle.api.UncheckedIOException                                             : loaded 2 times (x 80B)
Class kotlin.UninitializedPropertyAccessException                                     : loaded 2 times (x 80B)
Class sync_studio_tooling4_bvkt6w3htzgykfqazjniixgyp                                  : loaded 2 times (x 177B)
Class org.gradle.internal.installation.GradleInstallation$1                           : loaded 2 times (x 73B)
Class org.gradle.api.internal.classpath.ModuleRegistry                                : loaded 2 times (x 68B)
Class org.gradle.api.internal.classpath.DefaultModuleRegistry                         : loaded 2 times (x 84B)
Class org.gradle.internal.time.MonotonicClock                                         : loaded 2 times (x 75B)
Class org.gradle.internal.service.ServiceLookupException                              : loaded 2 times (x 80B)
Class org.gradle.internal.classloader.ClassLoaderFactory                              : loaded 2 times (x 68B)
Class org.gradle.internal.service.CachingServiceLocator                               : loaded 2 times (x 80B)
Class org.gradle.internal.time.TimeSource                                             : loaded 2 times (x 68B)
Class kotlin.enums.EnumEntries                                                        : loaded 2 times (x 68B)
Class org.gradle.internal.exceptions.ResolutionProvider                               : loaded 2 times (x 68B)
Class org.gradle.internal.classloader.ClasspathUtil                                   : loaded 2 times (x 69B)
Class org.gradle.internal.time.TimeSource$1                                           : loaded 2 times (x 75B)
Class org.gradle.api.specs.Spec                                                       : loaded 2 times (x 68B)
Class org.gradle.internal.time.Clock                                                  : loaded 2 times (x 68B)
Class kotlin.collections.AbstractList                                                 : loaded 2 times (x 195B)
Class kotlin.collections.AbstractCollection                                           : loaded 2 times (x 115B)
Class org.gradle.internal.classloader.VisitableURLClassLoader$InstrumentingVisitableURLClassLoader: loaded 2 times (x 121B)
Class org.gradle.internal.classloader.VisitableURLClassLoader$Spec                    : loaded 2 times (x 72B)
Class org.gradle.internal.classpath.DefaultClassPath                                  : loaded 2 times (x 88B)
Class org.gradle.internal.classloader.ClassLoaderSpec                                 : loaded 2 times (x 69B)
Class org.gradle.internal.classloader.VisitableURLClassLoader                         : loaded 2 times (x 115B)
Class org.gradle.internal.Cast                                                        : loaded 2 times (x 69B)
Class org.gradle.api.Action                                                           : loaded 2 times (x 68B)
Class kotlin.jvm.functions.Function1                                                  : loaded 2 times (x 68B)
Class org.gradle.internal.classpath.DefaultClassPath$ImmutableUniqueList$Builder      : loaded 2 times (x 73B)
Class kotlin.NotImplementedError                                                      : loaded 2 times (x 80B)
Class org.gradle.internal.exceptions.NonGradleCauseExceptionsHolder                   : loaded 2 times (x 68B)
Class kotlin.enums.EnumEntriesKt                                                      : loaded 2 times (x 69B)
Class org.gradle.internal.IoActions                                                   : loaded 2 times (x 69B)
Class org.gradle.internal.classloader.SystemClassLoaderSpec                           : loaded 2 times (x 69B)
Class org.gradle.internal.exceptions.MultiCauseException                              : loaded 2 times (x 68B)
Class org.gradle.internal.time.CountdownTimer                                         : loaded 2 times (x 68B)
Class kotlin.jvm.internal.Intrinsics                                                  : loaded 2 times (x 69B)
Class org.gradle.tooling.model.ProjectModel                                           : loaded 2 times (x 68B)
Class kotlin.KotlinNullPointerException                                               : loaded 2 times (x 81B)
Class org.gradle.internal.exceptions.DefaultMultiCauseException                       : loaded 2 times (x 93B)
Class org.gradle.internal.time.Time                                                   : loaded 2 times (x 69B)
Class org.gradle.api.internal.classpath.GlobalCacheRootsProvider                      : loaded 2 times (x 68B)
Class org.gradle.internal.time.Timer                                                  : loaded 2 times (x 68B)
Class kotlin.jvm.internal.markers.KMappedMarker                                       : loaded 2 times (x 68B)
Class org.gradle.internal.installation.CurrentGradleInstallationLocator               : loaded 2 times (x 69B)
Class org.gradle.internal.service.DefaultServiceLocator                               : loaded 2 times (x 81B)
Class org.gradle.util.GradleVersion                                                   : loaded 2 times (x 77B)
Class org.gradle.internal.installation.CurrentGradleInstallation                      : loaded 2 times (x 71B)
Class org.gradle.util.internal.GUtil                                                  : loaded 2 times (x 69B)
Class org.gradle.internal.installation.GradleInstallation                             : loaded 2 times (x 73B)

---------------  S Y S T E M  ---------------

OS:
 Windows 11 , 64 bit Build 26100 (10.0.26100.7309)
OS uptime: 12 days 20:31 hours
Hyper-V role detected

CPU: total 8 (initial active 8) (4 cores per cpu, 2 threads per core) family 6 model 142 stepping 12 microcode 0x100, cx8, cmov, fxsr, ht, mmx, 3dnowpref, sse, sse2, sse3, ssse3, sse4.1, sse4.2, popcnt, lzcnt, tsc, tscinvbit, avx, avx2, aes, erms, clmul, bmi1, bmi2, adx, fma, vzeroupper, clflush, clflushopt, hv, rdtscp, f16c
Processor Information for processor 0
  Max Mhz: 1992, Current Mhz: 1494, Mhz Limit: 1792
Processor Information for processor 1
  Max Mhz: 1992, Current Mhz: 1494, Mhz Limit: 1792
Processor Information for processor 2
  Max Mhz: 1992, Current Mhz: 1792, Mhz Limit: 1792
Processor Information for processor 3
  Max Mhz: 1992, Current Mhz: 1792, Mhz Limit: 1792
Processor Information for processor 4
  Max Mhz: 1992, Current Mhz: 1494, Mhz Limit: 1792
Processor Information for processor 5
  Max Mhz: 1992, Current Mhz: 1792, Mhz Limit: 1792
Processor Information for processor 6
  Max Mhz: 1992, Current Mhz: 1494, Mhz Limit: 1792
Processor Information for processor 7
  Max Mhz: 1992, Current Mhz: 1494, Mhz Limit: 1792

Memory: 4k page, system-wide physical 16190M (3635M free)
TotalPageFile size 35292M (AvailPageFile size 396M)
current process WorkingSet (physical memory assigned to process): 426M, peak: 426M
current process commit charge ("private bytes"): 490M, peak: 493M

vm_info: OpenJDK 64-Bit Server VM (21.0.7+-13880790-b1038.58) for windows-amd64 JRE (21.0.7+-13880790-b1038.58), built on 2025-08-04T20:56:21Z by "builder" with MS VC++ 16.10 / 16.11 (VS2019)

END.
